<?xml version="1.0" encoding="UTF-8"?>
<coverage generated="1764542380688" clover="3.2.0">
  <project timestamp="1764542380688" name="All files">
    <metrics statements="968" coveredstatements="138" conditionals="865" coveredconditionals="130" methods="191" coveredmethods="29" elements="2024" coveredelements="297" complexity="0" loc="968" ncloc="968" packages="10" files="18" classes="18"/>
    <package name="app">
      <metrics statements="23" coveredstatements="0" conditionals="4" coveredconditionals="0" methods="6" coveredmethods="0"/>
      <file name="layout.tsx" path="/home/runner/work/gerenciador-de-tempo/gerenciador-de-tempo/src/app/layout.tsx">
        <metrics statements="5" coveredstatements="0" conditionals="0" coveredconditionals="0" methods="1" coveredmethods="0"/>
        <line num="1" count="0" type="stmt"/>
        <line num="3" count="0" type="stmt"/>
        <line num="5" count="0" type="stmt"/>
        <line num="10" count="0" type="stmt"/>
        <line num="15" count="0" type="stmt"/>
      </file>
      <file name="page.tsx" path="/home/runner/work/gerenciador-de-tempo/gerenciador-de-tempo/src/app/page.tsx">
        <metrics statements="15" coveredstatements="0" conditionals="4" coveredconditionals="0" methods="4" coveredmethods="0"/>
        <line num="3" count="0" type="stmt"/>
        <line num="4" count="0" type="stmt"/>
        <line num="5" count="0" type="stmt"/>
        <line num="6" count="0" type="stmt"/>
        <line num="8" count="0" type="stmt"/>
        <line num="9" count="0" type="stmt"/>
        <line num="10" count="0" type="stmt"/>
        <line num="12" count="0" type="stmt"/>
        <line num="13" count="0" type="cond" truecount="0" falsecount="2"/>
        <line num="14" count="0" type="stmt"/>
        <line num="18" count="0" type="cond" truecount="0" falsecount="2"/>
        <line num="19" count="0" type="stmt"/>
        <line num="29" count="0" type="stmt"/>
        <line num="56" count="0" type="stmt"/>
        <line num="179" count="0" type="stmt"/>
      </file>
      <file name="providers.tsx" path="/home/runner/work/gerenciador-de-tempo/gerenciador-de-tempo/src/app/providers.tsx">
        <metrics statements="3" coveredstatements="0" conditionals="0" coveredconditionals="0" methods="1" coveredmethods="0"/>
        <line num="3" count="0" type="stmt"/>
        <line num="5" count="0" type="stmt"/>
        <line num="6" count="0" type="stmt"/>
      </file>
    </package>
    <package name="app.api.auth.[...nextauth]">
      <metrics statements="4" coveredstatements="0" conditionals="0" coveredconditionals="0" methods="0" coveredmethods="0"/>
      <file name="route.ts" path="/home/runner/work/gerenciador-de-tempo/gerenciador-de-tempo/src/app/api/auth/[...nextauth]/route.ts">
        <metrics statements="4" coveredstatements="0" conditionals="0" coveredconditionals="0" methods="0" coveredmethods="0"/>
        <line num="1" count="0" type="stmt"/>
        <line num="2" count="0" type="stmt"/>
        <line num="4" count="0" type="stmt"/>
        <line num="6" count="0" type="stmt"/>
      </file>
    </package>
    <package name="app.api.calendar">
      <metrics statements="28" coveredstatements="0" conditionals="21" coveredconditionals="0" methods="2" coveredmethods="0"/>
      <file name="route.ts" path="/home/runner/work/gerenciador-de-tempo/gerenciador-de-tempo/src/app/api/calendar/route.ts">
        <metrics statements="28" coveredstatements="0" conditionals="21" coveredconditionals="0" methods="2" coveredmethods="0"/>
        <line num="2" count="0" type="stmt"/>
        <line num="3" count="0" type="stmt"/>
        <line num="4" count="0" type="stmt"/>
        <line num="7" count="0" type="stmt"/>
        <line num="8" count="0" type="stmt"/>
        <line num="9" count="0" type="stmt"/>
        <line num="11" count="0" type="cond" truecount="0" falsecount="6"/>
        <line num="12" count="0" type="stmt"/>
        <line num="18" count="0" type="stmt"/>
        <line num="19" count="0" type="cond" truecount="0" falsecount="2"/>
        <line num="21" count="0" type="stmt"/>
        <line num="23" count="0" type="stmt"/>
        <line num="28" count="0" type="stmt"/>
        <line num="29" count="0" type="stmt"/>
        <line num="37" count="0" type="stmt"/>
        <line num="38" count="0" type="stmt"/>
        <line num="39" count="0" type="stmt"/>
        <line num="41" count="0" type="cond" truecount="0" falsecount="6"/>
        <line num="42" count="0" type="stmt"/>
        <line num="48" count="0" type="stmt"/>
        <line num="49" count="0" type="stmt"/>
        <line num="51" count="0" type="cond" truecount="0" falsecount="5"/>
        <line num="52" count="0" type="stmt"/>
        <line num="58" count="0" type="stmt"/>
        <line num="71" count="0" type="stmt"/>
        <line num="73" count="0" type="stmt"/>
        <line num="78" count="0" type="stmt"/>
        <line num="79" count="0" type="stmt"/>
      </file>
    </package>
    <package name="app.api.google-tasks">
      <metrics statements="59" coveredstatements="0" conditionals="40" coveredconditionals="0" methods="4" coveredmethods="0"/>
      <file name="route.ts" path="/home/runner/work/gerenciador-de-tempo/gerenciador-de-tempo/src/app/api/google-tasks/route.ts">
        <metrics statements="59" coveredstatements="0" conditionals="40" coveredconditionals="0" methods="4" coveredmethods="0"/>
        <line num="2" count="0" type="stmt"/>
        <line num="3" count="0" type="stmt"/>
        <line num="4" count="0" type="stmt"/>
        <line num="13" count="0" type="stmt"/>
        <line num="14" count="0" type="stmt"/>
        <line num="15" count="0" type="stmt"/>
        <line num="17" count="0" type="cond" truecount="0" falsecount="6"/>
        <line num="18" count="0" type="stmt"/>
        <line num="24" count="0" type="stmt"/>
        <line num="25" count="0" type="cond" truecount="0" falsecount="2"/>
        <line num="26" count="0" type="stmt"/>
        <line num="27" count="0" type="stmt"/>
        <line num="29" count="0" type="cond" truecount="0" falsecount="2"/>
        <line num="30" count="0" type="stmt"/>
        <line num="31" count="0" type="stmt"/>
        <line num="37" count="0" type="stmt"/>
        <line num="39" count="0" type="stmt"/>
        <line num="44" count="0" type="stmt"/>
        <line num="45" count="0" type="stmt"/>
        <line num="53" count="0" type="stmt"/>
        <line num="54" count="0" type="stmt"/>
        <line num="55" count="0" type="stmt"/>
        <line num="57" count="0" type="cond" truecount="0" falsecount="6"/>
        <line num="58" count="0" type="stmt"/>
        <line num="64" count="0" type="stmt"/>
        <line num="65" count="0" type="stmt"/>
        <line num="67" count="0" type="cond" truecount="0" falsecount="2"/>
        <line num="68" count="0" type="stmt"/>
        <line num="74" count="0" type="stmt"/>
        <line num="80" count="0" type="stmt"/>
        <line num="85" count="0" type="stmt"/>
        <line num="86" count="0" type="stmt"/>
        <line num="94" count="0" type="stmt"/>
        <line num="95" count="0" type="stmt"/>
        <line num="96" count="0" type="stmt"/>
        <line num="98" count="0" type="cond" truecount="0" falsecount="6"/>
        <line num="99" count="0" type="stmt"/>
        <line num="105" count="0" type="stmt"/>
        <line num="106" count="0" type="stmt"/>
        <line num="108" count="0" type="cond" truecount="0" falsecount="2"/>
        <line num="109" count="0" type="stmt"/>
        <line num="115" count="0" type="stmt"/>
        <line num="122" count="0" type="stmt"/>
        <line num="127" count="0" type="stmt"/>
        <line num="128" count="0" type="stmt"/>
        <line num="136" count="0" type="stmt"/>
        <line num="137" count="0" type="stmt"/>
        <line num="138" count="0" type="stmt"/>
        <line num="140" count="0" type="cond" truecount="0" falsecount="6"/>
        <line num="141" count="0" type="stmt"/>
        <line num="147" count="0" type="stmt"/>
        <line num="148" count="0" type="stmt"/>
        <line num="149" count="0" type="cond" truecount="0" falsecount="2"/>
        <line num="151" count="0" type="cond" truecount="0" falsecount="2"/>
        <line num="152" count="0" type="stmt"/>
        <line num="158" count="0" type="stmt"/>
        <line num="160" count="0" type="stmt"/>
        <line num="165" count="0" type="stmt"/>
        <line num="166" count="0" type="stmt"/>
      </file>
    </package>
    <package name="app.api.parse-task">
      <metrics statements="139" coveredstatements="0" conditionals="78" coveredconditionals="0" methods="7" coveredmethods="0"/>
      <file name="route.ts" path="/home/runner/work/gerenciador-de-tempo/gerenciador-de-tempo/src/app/api/parse-task/route.ts">
        <metrics statements="139" coveredstatements="0" conditionals="78" coveredconditionals="0" methods="7" coveredmethods="0"/>
        <line num="2" count="0" type="stmt"/>
        <line num="20" count="0" type="stmt"/>
        <line num="23" count="0" type="stmt"/>
        <line num="30" count="0" type="stmt"/>
        <line num="35" count="0" type="stmt"/>
        <line num="36" count="0" type="cond" truecount="0" falsecount="2"/>
        <line num="37" count="0" type="stmt"/>
        <line num="41" count="0" type="stmt"/>
        <line num="42" count="0" type="cond" truecount="0" falsecount="2"/>
        <line num="43" count="0" type="stmt"/>
        <line num="47" count="0" type="stmt"/>
        <line num="51" count="0" type="stmt"/>
        <line num="52" count="0" type="stmt"/>
        <line num="55" count="0" type="stmt"/>
        <line num="57" count="0" type="stmt"/>
        <line num="60" count="0" type="stmt"/>
        <line num="66" count="0" type="stmt"/>
        <line num="67" count="0" type="stmt"/>
        <line num="68" count="0" type="cond" truecount="0" falsecount="2"/>
        <line num="69" count="0" type="stmt"/>
        <line num="70" count="0" type="cond" truecount="0" falsecount="2"/>
        <line num="71" count="0" type="cond" truecount="0" falsecount="6"/>
        <line num="72" count="0" type="stmt"/>
        <line num="73" count="0" type="stmt"/>
        <line num="79" count="0" type="stmt"/>
        <line num="80" count="0" type="stmt"/>
        <line num="84" count="0" type="cond" truecount="0" falsecount="2"/>
        <line num="85" count="0" type="stmt"/>
        <line num="86" count="0" type="stmt"/>
        <line num="90" count="0" type="cond" truecount="0" falsecount="4"/>
        <line num="91" count="0" type="stmt"/>
        <line num="92" count="0" type="stmt"/>
        <line num="93" count="0" type="stmt"/>
        <line num="97" count="0" type="stmt"/>
        <line num="109" count="0" type="stmt"/>
        <line num="110" count="0" type="cond" truecount="0" falsecount="2"/>
        <line num="111" count="0" type="stmt"/>
        <line num="112" count="0" type="stmt"/>
        <line num="113" count="0" type="cond" truecount="0" falsecount="2"/>
        <line num="114" count="0" type="stmt"/>
        <line num="116" count="0" type="stmt"/>
        <line num="117" count="0" type="stmt"/>
        <line num="118" count="0" type="stmt"/>
        <line num="123" count="0" type="cond" truecount="0" falsecount="4"/>
        <line num="124" count="0" type="stmt"/>
        <line num="125" count="0" type="stmt"/>
        <line num="126" count="0" type="stmt"/>
        <line num="130" count="0" type="stmt"/>
        <line num="135" count="0" type="stmt"/>
        <line num="136" count="0" type="stmt"/>
        <line num="137" count="0" type="cond" truecount="0" falsecount="2"/>
        <line num="138" count="0" type="cond" truecount="0" falsecount="2"/>
        <line num="140" count="0" type="stmt"/>
        <line num="141" count="0" type="stmt"/>
        <line num="142" count="0" type="cond" truecount="0" falsecount="2"/>
        <line num="145" count="0" type="cond" truecount="0" falsecount="2"/>
        <line num="146" count="0" type="stmt"/>
        <line num="149" count="0" type="stmt"/>
        <line num="150" count="0" type="stmt"/>
        <line num="151" count="0" type="cond" truecount="0" falsecount="2"/>
        <line num="153" count="0" type="stmt"/>
        <line num="154" count="0" type="stmt"/>
        <line num="155" count="0" type="stmt"/>
        <line num="158" count="0" type="cond" truecount="0" falsecount="2"/>
        <line num="160" count="0" type="stmt"/>
        <line num="161" count="0" type="cond" truecount="0" falsecount="2"/>
        <line num="162" count="0" type="stmt"/>
        <line num="163" count="0" type="stmt"/>
        <line num="166" count="0" type="cond" truecount="0" falsecount="2"/>
        <line num="167" count="0" type="stmt"/>
        <line num="172" count="0" type="stmt"/>
        <line num="175" count="0" type="cond" truecount="0" falsecount="2"/>
        <line num="176" count="0" type="stmt"/>
        <line num="177" count="0" type="cond" truecount="0" falsecount="2"/>
        <line num="178" count="0" type="stmt"/>
        <line num="179" count="0" type="stmt"/>
        <line num="182" count="0" type="cond" truecount="0" falsecount="2"/>
        <line num="183" count="0" type="stmt"/>
        <line num="185" count="0" type="stmt"/>
        <line num="188" count="0" type="stmt"/>
        <line num="193" count="0" type="stmt"/>
        <line num="197" count="0" type="stmt"/>
        <line num="200" count="0" type="stmt"/>
        <line num="206" count="0" type="stmt"/>
        <line num="207" count="0" type="stmt"/>
        <line num="209" count="0" type="stmt"/>
        <line num="210" count="0" type="stmt"/>
        <line num="211" count="0" type="cond" truecount="0" falsecount="2"/>
        <line num="212" count="0" type="stmt"/>
        <line num="213" count="0" type="stmt"/>
        <line num="218" count="0" type="stmt"/>
        <line num="232" count="0" type="cond" truecount="0" falsecount="2"/>
        <line num="233" count="0" type="stmt"/>
        <line num="234" count="0" type="cond" truecount="0" falsecount="2"/>
        <line num="235" count="0" type="stmt"/>
        <line num="240" count="0" type="cond" truecount="0" falsecount="2"/>
        <line num="244" count="0" type="stmt"/>
        <line num="247" count="0" type="stmt"/>
        <line num="253" count="0" type="stmt"/>
        <line num="259" count="0" type="stmt"/>
        <line num="265" count="0" type="stmt"/>
        <line num="272" count="0" type="stmt"/>
        <line num="283" count="0" type="stmt"/>
        <line num="284" count="0" type="cond" truecount="0" falsecount="2"/>
        <line num="285" count="0" type="stmt"/>
        <line num="289" count="0" type="stmt"/>
        <line num="290" count="0" type="cond" truecount="0" falsecount="2"/>
        <line num="291" count="0" type="stmt"/>
        <line num="295" count="0" type="stmt"/>
        <line num="296" count="0" type="cond" truecount="0" falsecount="2"/>
        <line num="297" count="0" type="stmt"/>
        <line num="301" count="0" type="stmt"/>
        <line num="302" count="0" type="cond" truecount="0" falsecount="2"/>
        <line num="303" count="0" type="stmt"/>
        <line num="307" count="0" type="stmt"/>
        <line num="308" count="0" type="cond" truecount="0" falsecount="2"/>
        <line num="309" count="0" type="stmt"/>
        <line num="313" count="0" type="stmt"/>
        <line num="318" count="0" type="stmt"/>
        <line num="321" count="0" type="stmt"/>
        <line num="342" count="0" type="stmt"/>
        <line num="343" count="0" type="stmt"/>
        <line num="347" count="0" type="stmt"/>
        <line num="350" count="0" type="cond" truecount="0" falsecount="2"/>
        <line num="351" count="0" type="stmt"/>
        <line num="355" count="0" type="cond" truecount="0" falsecount="2"/>
        <line num="356" count="0" type="cond" truecount="0" falsecount="2"/>
        <line num="359" count="0" type="stmt"/>
        <line num="362" count="0" type="stmt"/>
        <line num="363" count="0" type="stmt"/>
        <line num="364" count="0" type="stmt"/>
        <line num="365" count="0" type="stmt"/>
        <line num="367" count="0" type="cond" truecount="0" falsecount="4"/>
        <line num="368" count="0" type="stmt"/>
        <line num="377" count="0" type="stmt"/>
        <line num="378" count="0" type="stmt"/>
        <line num="388" count="0" type="stmt"/>
        <line num="395" count="0" type="stmt"/>
        <line num="396" count="0" type="stmt"/>
      </file>
    </package>
    <package name="app.api.tasks">
      <metrics statements="85" coveredstatements="0" conditionals="106" coveredconditionals="0" methods="4" coveredmethods="0"/>
      <file name="route.ts" path="/home/runner/work/gerenciador-de-tempo/gerenciador-de-tempo/src/app/api/tasks/route.ts">
        <metrics statements="85" coveredstatements="0" conditionals="106" coveredconditionals="0" methods="4" coveredmethods="0"/>
        <line num="1" count="0" type="stmt"/>
        <line num="2" count="0" type="stmt"/>
        <line num="3" count="0" type="stmt"/>
        <line num="4" count="0" type="stmt"/>
        <line num="5" count="0" type="stmt"/>
        <line num="8" count="0" type="stmt"/>
        <line num="9" count="0" type="stmt"/>
        <line num="10" count="0" type="stmt"/>
        <line num="12" count="0" type="cond" truecount="0" falsecount="10"/>
        <line num="13" count="0" type="stmt"/>
        <line num="16" count="0" type="cond" truecount="0" falsecount="2"/>
        <line num="17" count="0" type="stmt"/>
        <line num="23" count="0" type="stmt"/>
        <line num="24" count="0" type="stmt"/>
        <line num="26" count="0" type="stmt"/>
        <line num="27" count="0" type="stmt"/>
        <line num="32" count="0" type="stmt"/>
        <line num="33" count="0" type="stmt"/>
        <line num="34" count="0" type="stmt"/>
        <line num="36" count="0" type="cond" truecount="0" falsecount="10"/>
        <line num="37" count="0" type="stmt"/>
        <line num="40" count="0" type="cond" truecount="0" falsecount="2"/>
        <line num="41" count="0" type="stmt"/>
        <line num="47" count="0" type="stmt"/>
        <line num="48" count="0" type="stmt"/>
        <line num="50" count="0" type="cond" truecount="0" falsecount="2"/>
        <line num="51" count="0" type="stmt"/>
        <line num="55" count="0" type="stmt"/>
        <line num="56" count="0" type="cond" truecount="0" falsecount="2"/>
        <line num="57" count="0" type="stmt"/>
        <line num="62" count="0" type="stmt"/>
        <line num="78" count="0" type="cond" truecount="0" falsecount="2"/>
        <line num="79" count="0" type="stmt"/>
        <line num="82" count="0" type="stmt"/>
        <line num="84" count="0" type="stmt"/>
        <line num="85" count="0" type="stmt"/>
        <line num="90" count="0" type="stmt"/>
        <line num="91" count="0" type="stmt"/>
        <line num="92" count="0" type="stmt"/>
        <line num="94" count="0" type="cond" truecount="0" falsecount="10"/>
        <line num="95" count="0" type="stmt"/>
        <line num="98" count="0" type="cond" truecount="0" falsecount="2"/>
        <line num="99" count="0" type="stmt"/>
        <line num="105" count="0" type="stmt"/>
        <line num="106" count="0" type="stmt"/>
        <line num="108" count="0" type="cond" truecount="0" falsecount="2"/>
        <line num="109" count="0" type="stmt"/>
        <line num="113" count="0" type="cond" truecount="0" falsecount="2"/>
        <line num="114" count="0" type="stmt"/>
        <line num="115" count="0" type="cond" truecount="0" falsecount="2"/>
        <line num="116" count="0" type="stmt"/>
        <line num="123" count="0" type="stmt"/>
        <line num="124" count="0" type="cond" truecount="0" falsecount="2"/>
        <line num="125" count="0" type="cond" truecount="0" falsecount="2"/>
        <line num="126" count="0" type="cond" truecount="0" falsecount="2"/>
        <line num="127" count="0" type="cond" truecount="0" falsecount="2"/>
        <line num="128" count="0" type="cond" truecount="0" falsecount="2"/>
        <line num="129" count="0" type="cond" truecount="0" falsecount="2"/>
        <line num="130" count="0" type="cond" truecount="0" falsecount="2"/>
        <line num="131" count="0" type="cond" truecount="0" falsecount="2"/>
        <line num="132" count="0" type="cond" truecount="0" falsecount="2"/>
        <line num="133" count="0" type="cond" truecount="0" falsecount="2"/>
        <line num="135" count="0" type="stmt"/>
        <line num="137" count="0" type="cond" truecount="0" falsecount="2"/>
        <line num="138" count="0" type="stmt"/>
        <line num="141" count="0" type="stmt"/>
        <line num="143" count="0" type="stmt"/>
        <line num="144" count="0" type="stmt"/>
        <line num="149" count="0" type="stmt"/>
        <line num="150" count="0" type="stmt"/>
        <line num="151" count="0" type="stmt"/>
        <line num="153" count="0" type="cond" truecount="0" falsecount="10"/>
        <line num="154" count="0" type="stmt"/>
        <line num="157" count="0" type="cond" truecount="0" falsecount="2"/>
        <line num="158" count="0" type="stmt"/>
        <line num="164" count="0" type="stmt"/>
        <line num="165" count="0" type="stmt"/>
        <line num="167" count="0" type="cond" truecount="0" falsecount="2"/>
        <line num="168" count="0" type="stmt"/>
        <line num="171" count="0" type="stmt"/>
        <line num="173" count="0" type="cond" truecount="0" falsecount="2"/>
        <line num="174" count="0" type="stmt"/>
        <line num="177" count="0" type="stmt"/>
        <line num="179" count="0" type="stmt"/>
        <line num="180" count="0" type="stmt"/>
      </file>
    </package>
    <package name="app.dashboard">
      <metrics statements="348" coveredstatements="0" conditionals="398" coveredconditionals="0" methods="103" coveredmethods="0"/>
      <file name="page.tsx" path="/home/runner/work/gerenciador-de-tempo/gerenciador-de-tempo/src/app/dashboard/page.tsx">
        <metrics statements="348" coveredstatements="0" conditionals="398" coveredconditionals="0" methods="103" coveredmethods="0"/>
        <line num="3" count="0" type="stmt"/>
        <line num="4" count="0" type="stmt"/>
        <line num="5" count="0" type="stmt"/>
        <line num="6" count="0" type="stmt"/>
        <line num="7" count="0" type="stmt"/>
        <line num="35" count="0" type="stmt"/>
        <line num="38" count="0" type="stmt"/>
        <line num="39" count="0" type="stmt"/>
        <line num="40" count="0" type="stmt"/>
        <line num="41" count="0" type="stmt"/>
        <line num="42" count="0" type="stmt"/>
        <line num="45" count="0" type="stmt"/>
        <line num="89" count="0" type="stmt"/>
        <line num="90" count="0" type="cond" truecount="0" falsecount="4"/>
        <line num="91" count="0" type="cond" truecount="0" falsecount="2"/>
        <line num="92" count="0" type="stmt"/>
        <line num="94" count="0" type="stmt"/>
        <line num="95" count="0" type="stmt"/>
        <line num="96" count="0" type="stmt"/>
        <line num="97" count="0" type="cond" truecount="0" falsecount="2"/>
        <line num="100" count="0" type="stmt"/>
        <line num="101" count="0" type="stmt"/>
        <line num="102" count="0" type="stmt"/>
        <line num="105" count="0" type="stmt"/>
        <line num="106" count="0" type="stmt"/>
        <line num="109" count="0" type="stmt"/>
        <line num="110" count="0" type="stmt"/>
        <line num="111" count="0" type="stmt"/>
        <line num="115" count="0" type="stmt"/>
        <line num="116" count="0" type="stmt"/>
        <line num="117" count="0" type="stmt"/>
        <line num="118" count="0" type="stmt"/>
        <line num="119" count="0" type="stmt"/>
        <line num="120" count="0" type="stmt"/>
        <line num="123" count="0" type="stmt"/>
        <line num="124" count="0" type="stmt"/>
        <line num="125" count="0" type="stmt"/>
        <line num="126" count="0" type="stmt"/>
        <line num="129" count="0" type="stmt"/>
        <line num="130" count="0" type="stmt"/>
        <line num="131" count="0" type="stmt"/>
        <line num="132" count="0" type="stmt"/>
        <line num="133" count="0" type="stmt"/>
        <line num="134" count="0" type="stmt"/>
        <line num="135" count="0" type="stmt"/>
        <line num="136" count="0" type="stmt"/>
        <line num="137" count="0" type="stmt"/>
        <line num="140" count="0" type="stmt"/>
        <line num="142" count="0" type="cond" truecount="0" falsecount="4"/>
        <line num="143" count="0" type="cond" truecount="0" falsecount="8"/>
        <line num="144" count="0" type="stmt"/>
        <line num="145" count="0" type="stmt"/>
        <line num="148" count="0" type="stmt"/>
        <line num="149" count="0" type="stmt"/>
        <line num="150" count="0" type="stmt"/>
        <line num="151" count="0" type="stmt"/>
        <line num="152" count="0" type="cond" truecount="0" falsecount="2"/>
        <line num="153" count="0" type="stmt"/>
        <line num="154" count="0" type="cond" truecount="0" falsecount="2"/>
        <line num="155" count="0" type="cond" truecount="0" falsecount="6"/>
        <line num="157" count="0" type="stmt"/>
        <line num="159" count="0" type="cond" truecount="0" falsecount="2"/>
        <line num="160" count="0" type="stmt"/>
        <line num="161" count="0" type="stmt"/>
        <line num="165" count="0" type="stmt"/>
        <line num="170" count="0" type="stmt"/>
        <line num="172" count="0" type="cond" truecount="0" falsecount="4"/>
        <line num="173" count="0" type="cond" truecount="0" falsecount="8"/>
        <line num="174" count="0" type="stmt"/>
        <line num="175" count="0" type="stmt"/>
        <line num="178" count="0" type="stmt"/>
        <line num="179" count="0" type="stmt"/>
        <line num="180" count="0" type="stmt"/>
        <line num="181" count="0" type="stmt"/>
        <line num="182" count="0" type="cond" truecount="0" falsecount="2"/>
        <line num="183" count="0" type="stmt"/>
        <line num="184" count="0" type="cond" truecount="0" falsecount="2"/>
        <line num="185" count="0" type="cond" truecount="0" falsecount="6"/>
        <line num="187" count="0" type="stmt"/>
        <line num="189" count="0" type="cond" truecount="0" falsecount="2"/>
        <line num="190" count="0" type="stmt"/>
        <line num="191" count="0" type="stmt"/>
        <line num="195" count="0" type="stmt"/>
        <line num="200" count="0" type="stmt"/>
        <line num="202" count="0" type="cond" truecount="0" falsecount="8"/>
        <line num="204" count="0" type="stmt"/>
        <line num="205" count="0" type="stmt"/>
        <line num="206" count="0" type="stmt"/>
        <line num="208" count="0" type="stmt"/>
        <line num="213" count="0" type="stmt"/>
        <line num="214" count="0" type="cond" truecount="0" falsecount="2"/>
        <line num="215" count="0" type="stmt"/>
        <line num="216" count="0" type="cond" truecount="0" falsecount="2"/>
        <line num="217" count="0" type="stmt"/>
        <line num="218" count="0" type="stmt"/>
        <line num="220" count="0" type="stmt"/>
        <line num="227" count="0" type="stmt"/>
        <line num="228" count="0" type="cond" truecount="0" falsecount="4"/>
        <line num="229" count="0" type="stmt"/>
        <line num="234" count="0" type="stmt"/>
        <line num="236" count="0" type="cond" truecount="0" falsecount="2"/>
        <line num="237" count="0" type="stmt"/>
        <line num="241" count="0" type="cond" truecount="0" falsecount="2"/>
        <line num="242" count="0" type="stmt"/>
        <line num="243" count="0" type="stmt"/>
        <line num="247" count="0" type="cond" truecount="0" falsecount="8"/>
        <line num="248" count="0" type="stmt"/>
        <line num="249" count="0" type="stmt"/>
        <line num="254" count="0" type="stmt"/>
        <line num="256" count="0" type="cond" truecount="0" falsecount="4"/>
        <line num="257" count="0" type="stmt"/>
        <line num="258" count="0" type="stmt"/>
        <line num="260" count="0" type="cond" truecount="0" falsecount="2"/>
        <line num="261" count="0" type="stmt"/>
        <line num="262" count="0" type="cond" truecount="0" falsecount="2"/>
        <line num="263" count="0" type="stmt"/>
        <line num="266" count="0" type="stmt"/>
        <line num="269" count="0" type="stmt"/>
        <line num="270" count="0" type="stmt"/>
        <line num="271" count="0" type="stmt"/>
        <line num="276" count="0" type="cond" truecount="0" falsecount="2"/>
        <line num="277" count="0" type="stmt"/>
        <line num="279" count="0" type="stmt"/>
        <line num="280" count="0" type="stmt"/>
        <line num="284" count="0" type="stmt"/>
        <line num="286" count="0" type="cond" truecount="0" falsecount="8"/>
        <line num="287" count="0" type="stmt"/>
        <line num="288" count="0" type="stmt"/>
        <line num="291" count="0" type="cond" truecount="0" falsecount="2"/>
        <line num="293" count="0" type="stmt"/>
        <line num="294" count="0" type="stmt"/>
        <line num="295" count="0" type="stmt"/>
        <line num="296" count="0" type="cond" truecount="0" falsecount="2"/>
        <line num="297" count="0" type="stmt"/>
        <line num="299" count="0" type="stmt"/>
        <line num="310" count="0" type="cond" truecount="0" falsecount="2"/>
        <line num="311" count="0" type="stmt"/>
        <line num="312" count="0" type="cond" truecount="0" falsecount="2"/>
        <line num="315" count="0" type="stmt"/>
        <line num="316" count="0" type="stmt"/>
        <line num="317" count="0" type="stmt"/>
        <line num="319" count="0" type="stmt"/>
        <line num="320" count="0" type="stmt"/>
        <line num="321" count="0" type="stmt"/>
        <line num="325" count="0" type="stmt"/>
        <line num="327" count="0" type="cond" truecount="0" falsecount="8"/>
        <line num="328" count="0" type="stmt"/>
        <line num="329" count="0" type="stmt"/>
        <line num="332" count="0" type="stmt"/>
        <line num="333" count="0" type="stmt"/>
        <line num="343" count="0" type="cond" truecount="0" falsecount="2"/>
        <line num="344" count="0" type="stmt"/>
        <line num="345" count="0" type="stmt"/>
        <line num="346" count="0" type="stmt"/>
        <line num="349" count="0" type="stmt"/>
        <line num="351" count="0" type="stmt"/>
        <line num="354" count="0" type="stmt"/>
        <line num="355" count="0" type="cond" truecount="0" falsecount="2"/>
        <line num="357" count="0" type="stmt"/>
        <line num="359" count="0" type="stmt"/>
        <line num="360" count="0" type="cond" truecount="0" falsecount="2"/>
        <line num="361" count="0" type="cond" truecount="0" falsecount="5"/>
        <line num="364" count="0" type="cond" truecount="0" falsecount="7"/>
        <line num="366" count="0" type="stmt"/>
        <line num="368" count="0" type="stmt"/>
        <line num="369" count="0" type="stmt"/>
        <line num="371" count="0" type="stmt"/>
        <line num="388" count="0" type="stmt"/>
        <line num="389" count="0" type="stmt"/>
        <line num="390" count="0" type="stmt"/>
        <line num="391" count="0" type="stmt"/>
        <line num="392" count="0" type="stmt"/>
        <line num="393" count="0" type="stmt"/>
        <line num="396" count="0" type="cond" truecount="0" falsecount="2"/>
        <line num="397" count="0" type="stmt"/>
        <line num="399" count="0" type="stmt"/>
        <line num="401" count="0" type="stmt"/>
        <line num="404" count="0" type="stmt"/>
        <line num="405" count="0" type="stmt"/>
        <line num="406" count="0" type="stmt"/>
        <line num="407" count="0" type="cond" truecount="0" falsecount="2"/>
        <line num="409" count="0" type="cond" truecount="0" falsecount="5"/>
        <line num="410" count="0" type="stmt"/>
        <line num="411" count="0" type="stmt"/>
        <line num="428" count="0" type="stmt"/>
        <line num="429" count="0" type="cond" truecount="0" falsecount="2"/>
        <line num="433" count="0" type="stmt"/>
        <line num="434" count="0" type="cond" truecount="0" falsecount="2"/>
        <line num="439" count="0" type="stmt"/>
        <line num="441" count="0" type="cond" truecount="0" falsecount="8"/>
        <line num="442" count="0" type="stmt"/>
        <line num="443" count="0" type="stmt"/>
        <line num="446" count="0" type="stmt"/>
        <line num="447" count="0" type="cond" truecount="0" falsecount="2"/>
        <line num="448" count="0" type="stmt"/>
        <line num="453" count="0" type="stmt"/>
        <line num="455" count="0" type="stmt"/>
        <line num="459" count="0" type="stmt"/>
        <line num="460" count="0" type="stmt"/>
        <line num="461" count="0" type="cond" truecount="0" falsecount="2"/>
        <line num="462" count="0" type="stmt"/>
        <line num="464" count="0" type="cond" truecount="0" falsecount="2"/>
        <line num="465" count="0" type="stmt"/>
        <line num="466" count="0" type="cond" truecount="0" falsecount="2"/>
        <line num="467" count="0" type="stmt"/>
        <line num="472" count="0" type="stmt"/>
        <line num="474" count="0" type="cond" truecount="0" falsecount="8"/>
        <line num="475" count="0" type="stmt"/>
        <line num="476" count="0" type="stmt"/>
        <line num="479" count="0" type="stmt"/>
        <line num="480" count="0" type="stmt"/>
        <line num="481" count="0" type="stmt"/>
        <line num="483" count="0" type="stmt"/>
        <line num="487" count="0" type="stmt"/>
        <line num="488" count="0" type="stmt"/>
        <line num="489" count="0" type="stmt"/>
        <line num="502" count="0" type="stmt"/>
        <line num="503" count="0" type="cond" truecount="0" falsecount="2"/>
        <line num="504" count="0" type="stmt"/>
        <line num="505" count="0" type="stmt"/>
        <line num="506" count="0" type="cond" truecount="0" falsecount="2"/>
        <line num="509" count="0" type="stmt"/>
        <line num="510" count="0" type="stmt"/>
        <line num="513" count="0" type="stmt"/>
        <line num="514" count="0" type="stmt"/>
        <line num="515" count="0" type="stmt"/>
        <line num="518" count="0" type="stmt"/>
        <line num="519" count="0" type="cond" truecount="0" falsecount="2"/>
        <line num="522" count="0" type="stmt"/>
        <line num="524" count="0" type="stmt"/>
        <line num="525" count="0" type="stmt"/>
        <line num="526" count="0" type="stmt"/>
        <line num="527" count="0" type="stmt"/>
        <line num="528" count="0" type="stmt"/>
        <line num="531" count="0" type="stmt"/>
        <line num="532" count="0" type="stmt"/>
        <line num="533" count="0" type="stmt"/>
        <line num="534" count="0" type="stmt"/>
        <line num="535" count="0" type="stmt"/>
        <line num="538" count="0" type="stmt"/>
        <line num="539" count="0" type="stmt"/>
        <line num="540" count="0" type="stmt"/>
        <line num="541" count="0" type="stmt"/>
        <line num="544" count="0" type="stmt"/>
        <line num="545" count="0" type="cond" truecount="0" falsecount="4"/>
        <line num="547" count="0" type="stmt"/>
        <line num="549" count="0" type="stmt"/>
        <line num="551" count="0" type="stmt"/>
        <line num="553" count="0" type="stmt"/>
        <line num="558" count="0" type="stmt"/>
        <line num="559" count="0" type="cond" truecount="0" falsecount="3"/>
        <line num="564" count="0" type="stmt"/>
        <line num="566" count="0" type="stmt"/>
        <line num="567" count="0" type="cond" truecount="0" falsecount="2"/>
        <line num="568" count="0" type="cond" truecount="0" falsecount="2"/>
        <line num="569" count="0" type="stmt"/>
        <line num="570" count="0" type="cond" truecount="0" falsecount="2"/>
        <line num="571" count="0" type="cond" truecount="0" falsecount="2"/>
        <line num="573" count="0" type="cond" truecount="0" falsecount="3"/>
        <line num="583" count="0" type="stmt"/>
        <line num="584" count="0" type="stmt"/>
        <line num="585" count="0" type="stmt"/>
        <line num="587" count="0" type="stmt"/>
        <line num="588" count="0" type="stmt"/>
        <line num="589" count="0" type="stmt"/>
        <line num="590" count="0" type="stmt"/>
        <line num="592" count="0" type="stmt"/>
        <line num="593" count="0" type="stmt"/>
        <line num="595" count="0" type="stmt"/>
        <line num="598" count="0" type="stmt"/>
        <line num="599" count="0" type="stmt"/>
        <line num="600" count="0" type="stmt"/>
        <line num="601" count="0" type="stmt"/>
        <line num="605" count="0" type="stmt"/>
        <line num="606" count="0" type="stmt"/>
        <line num="607" count="0" type="stmt"/>
        <line num="611" count="0" type="stmt"/>
        <line num="612" count="0" type="stmt"/>
        <line num="613" count="0" type="stmt"/>
        <line num="614" count="0" type="stmt"/>
        <line num="617" count="0" type="stmt"/>
        <line num="620" count="0" type="stmt"/>
        <line num="621" count="0" type="stmt"/>
        <line num="622" count="0" type="stmt"/>
        <line num="623" count="0" type="cond" truecount="0" falsecount="2"/>
        <line num="624" count="0" type="stmt"/>
        <line num="626" count="0" type="stmt"/>
        <line num="628" count="0" type="stmt"/>
        <line num="632" count="0" type="stmt"/>
        <line num="633" count="0" type="stmt"/>
        <line num="637" count="0" type="cond" truecount="0" falsecount="2"/>
        <line num="638" count="0" type="stmt"/>
        <line num="648" count="0" type="cond" truecount="0" falsecount="2"/>
        <line num="650" count="0" type="stmt"/>
        <line num="651" count="0" type="stmt"/>
        <line num="653" count="0" type="stmt"/>
        <line num="655" count="0" type="stmt"/>
        <line num="703" count="0" type="stmt"/>
        <line num="778" count="0" type="stmt"/>
        <line num="790" count="0" type="stmt"/>
        <line num="791" count="0" type="cond" truecount="0" falsecount="2"/>
        <line num="815" count="0" type="stmt"/>
        <line num="816" count="0" type="cond" truecount="0" falsecount="5"/>
        <line num="817" count="0" type="stmt"/>
        <line num="829" count="0" type="stmt"/>
        <line num="834" count="0" type="stmt"/>
        <line num="841" count="0" type="stmt"/>
        <line num="859" count="0" type="stmt"/>
        <line num="867" count="0" type="stmt"/>
        <line num="870" count="0" type="stmt"/>
        <line num="878" count="0" type="stmt"/>
        <line num="896" count="0" type="stmt"/>
        <line num="897" count="0" type="stmt"/>
        <line num="898" count="0" type="stmt"/>
        <line num="900" count="0" type="cond" truecount="0" falsecount="2"/>
        <line num="901" count="0" type="stmt"/>
        <line num="907" count="0" type="stmt"/>
        <line num="913" count="0" type="stmt"/>
        <line num="923" count="0" type="stmt"/>
        <line num="935" count="0" type="cond" truecount="0" falsecount="2"/>
        <line num="940" count="0" type="stmt"/>
        <line num="949" count="0" type="cond" truecount="0" falsecount="2"/>
        <line num="968" count="0" type="stmt"/>
        <line num="975" count="0" type="stmt"/>
        <line num="1021" count="0" type="stmt"/>
        <line num="1033" count="0" type="stmt"/>
        <line num="1040" count="0" type="stmt"/>
        <line num="1049" count="0" type="stmt"/>
        <line num="1075" count="0" type="stmt"/>
        <line num="1081" count="0" type="stmt"/>
        <line num="1112" count="0" type="stmt"/>
        <line num="1172" count="0" type="cond" truecount="0" falsecount="6"/>
        <line num="1179" count="0" type="stmt"/>
        <line num="1191" count="0" type="stmt"/>
        <line num="1192" count="0" type="stmt"/>
        <line num="1193" count="0" type="stmt"/>
        <line num="1194" count="0" type="stmt"/>
        <line num="1204" count="0" type="stmt"/>
        <line num="1206" count="0" type="stmt"/>
        <line num="1228" count="0" type="stmt"/>
        <line num="1234" count="0" type="stmt"/>
        <line num="1242" count="0" type="stmt"/>
        <line num="1247" count="0" type="stmt"/>
        <line num="1248" count="0" type="stmt"/>
        <line num="1250" count="0" type="stmt"/>
        <line num="1282" count="0" type="cond" truecount="0" falsecount="4"/>
        <line num="1283" count="0" type="stmt"/>
        <line num="1285" count="0" type="stmt"/>
      </file>
    </package>
    <package name="components">
      <metrics statements="67" coveredstatements="58" conditionals="67" coveredconditionals="53" methods="21" coveredmethods="20"/>
      <file name="PomodoroTimer.tsx" path="/home/runner/work/gerenciador-de-tempo/gerenciador-de-tempo/src/components/PomodoroTimer.tsx">
        <metrics statements="31" coveredstatements="31" conditionals="13" coveredconditionals="13" methods="9" coveredmethods="9"/>
        <line num="1" count="1" type="stmt"/>
        <line num="2" count="1" type="stmt"/>
        <line num="9" count="1" type="stmt"/>
        <line num="13" count="40" type="stmt"/>
        <line num="14" count="40" type="stmt"/>
        <line num="16" count="40" type="stmt"/>
        <line num="17" count="37" type="stmt"/>
        <line num="19" count="37" type="cond" truecount="4" falsecount="0"/>
        <line num="20" count="11" type="stmt"/>
        <line num="21" count="11" type="stmt"/>
        <line num="22" count="11" type="cond" truecount="2" falsecount="0"/>
        <line num="23" count="3" type="stmt"/>
        <line num="24" count="3" type="cond" truecount="2" falsecount="0"/>
        <line num="25" count="1" type="stmt"/>
        <line num="27" count="3" type="stmt"/>
        <line num="29" count="8" type="stmt"/>
        <line num="34" count="37" type="stmt"/>
        <line num="35" count="37" type="cond" truecount="2" falsecount="0"/>
        <line num="36" count="11" type="stmt"/>
        <line num="41" count="40" type="stmt"/>
        <line num="42" count="40" type="stmt"/>
        <line num="43" count="40" type="stmt"/>
        <line num="44" count="40" type="stmt"/>
        <line num="47" count="40" type="stmt"/>
        <line num="48" count="8" type="stmt"/>
        <line num="51" count="40" type="stmt"/>
        <line num="52" count="1" type="stmt"/>
        <line num="55" count="40" type="stmt"/>
        <line num="56" count="2" type="stmt"/>
        <line num="57" count="2" type="stmt"/>
        <line num="60" count="40" type="stmt"/>
      </file>
      <file name="TaskItem.tsx" path="/home/runner/work/gerenciador-de-tempo/gerenciador-de-tempo/src/components/TaskItem.tsx">
        <metrics statements="36" coveredstatements="27" conditionals="54" coveredconditionals="40" methods="12" coveredmethods="11"/>
        <line num="1" count="1" type="stmt"/>
        <line num="2" count="1" type="stmt"/>
        <line num="13" count="1" type="stmt"/>
        <line num="16" count="1" type="stmt"/>
        <line num="50" count="1" type="stmt"/>
        <line num="51" count="9" type="cond" truecount="3" falsecount="1"/>
        <line num="53" count="9" type="stmt"/>
        <line num="56" count="9" type="cond" truecount="1" falsecount="1"/>
        <line num="57" count="0" type="stmt"/>
        <line num="61" count="9" type="stmt"/>
        <line num="62" count="18" type="stmt"/>
        <line num="66" count="9" type="stmt"/>
        <line num="67" count="9" type="stmt"/>
        <line num="70" count="9" type="cond" truecount="2" falsecount="0"/>
        <line num="75" count="1" type="stmt"/>
        <line num="76" count="9" type="cond" truecount="1" falsecount="1"/>
        <line num="79" count="1" type="stmt"/>
        <line num="80" count="0" type="cond" truecount="0" falsecount="4"/>
        <line num="82" count="0" type="stmt"/>
        <line num="84" count="0" type="stmt"/>
        <line num="86" count="0" type="stmt"/>
        <line num="88" count="0" type="stmt"/>
        <line num="92" count="1" type="stmt"/>
        <line num="93" count="7" type="cond" truecount="1" falsecount="3"/>
        <line num="95" count="0" type="stmt"/>
        <line num="97" count="7" type="stmt"/>
        <line num="99" count="0" type="stmt"/>
        <line num="101" count="0" type="stmt"/>
        <line num="105" count="1" type="stmt"/>
        <line num="112" count="9" type="stmt"/>
        <line num="114" count="9" type="stmt"/>
        <line num="125" count="1" type="stmt"/>
        <line num="190" count="18" type="stmt"/>
        <line num="207" count="1" type="cond" truecount="2" falsecount="0"/>
        <line num="215" count="1" type="stmt"/>
        <line num="224" count="1" type="stmt"/>
      </file>
    </package>
    <package name="components.ui">
      <metrics statements="6" coveredstatements="6" conditionals="22" coveredconditionals="20" methods="1" coveredmethods="1"/>
      <file name="button.tsx" path="/home/runner/work/gerenciador-de-tempo/gerenciador-de-tempo/src/components/ui/button.tsx">
        <metrics statements="6" coveredstatements="6" conditionals="22" coveredconditionals="20" methods="1" coveredmethods="1"/>
        <line num="1" count="1" type="stmt"/>
        <line num="8" count="1" type="stmt"/>
        <line num="9" count="20" type="cond" truecount="2" falsecount="0"/>
        <line num="10" count="20" type="stmt"/>
        <line num="43" count="1" type="stmt"/>
        <line num="45" count="1" type="stmt"/>
      </file>
    </package>
    <package name="lib">
      <metrics statements="209" coveredstatements="74" conditionals="129" coveredconditionals="57" methods="43" coveredmethods="8"/>
      <file name="auth.ts" path="/home/runner/work/gerenciador-de-tempo/gerenciador-de-tempo/src/lib/auth.ts">
        <metrics statements="23" coveredstatements="0" conditionals="12" coveredconditionals="0" methods="3" coveredmethods="0"/>
        <line num="2" count="0" type="stmt"/>
        <line num="4" count="0" type="stmt"/>
        <line num="22" count="0" type="cond" truecount="0" falsecount="2"/>
        <line num="23" count="0" type="stmt"/>
        <line num="24" count="0" type="stmt"/>
        <line num="25" count="0" type="stmt"/>
        <line num="26" count="0" type="stmt"/>
        <line num="30" count="0" type="cond" truecount="0" falsecount="4"/>
        <line num="31" count="0" type="stmt"/>
        <line num="35" count="0" type="stmt"/>
        <line num="39" count="0" type="stmt"/>
        <line num="40" count="0" type="stmt"/>
        <line num="41" count="0" type="stmt"/>
        <line num="42" count="0" type="stmt"/>
        <line num="48" count="0" type="stmt"/>
        <line num="50" count="0" type="stmt"/>
        <line num="58" count="0" type="stmt"/>
        <line num="65" count="0" type="stmt"/>
        <line num="67" count="0" type="cond" truecount="0" falsecount="2"/>
        <line num="68" count="0" type="stmt"/>
        <line num="71" count="0" type="stmt"/>
        <line num="78" count="0" type="stmt"/>
        <line num="79" count="0" type="stmt"/>
      </file>
      <file name="date-validation.ts" path="/home/runner/work/gerenciador-de-tempo/gerenciador-de-tempo/src/lib/date-validation.ts">
        <metrics statements="51" coveredstatements="48" conditionals="45" coveredconditionals="43" methods="5" coveredmethods="5"/>
        <line num="17" count="2" type="stmt"/>
        <line num="18" count="30" type="cond" truecount="3" falsecount="0"/>
        <line num="27" count="2" type="stmt"/>
        <line num="29" count="55" type="stmt"/>
        <line num="31" count="55" type="cond" truecount="4" falsecount="0"/>
        <line num="32" count="5" type="stmt"/>
        <line num="36" count="50" type="cond" truecount="4" falsecount="0"/>
        <line num="37" count="9" type="stmt"/>
        <line num="40" count="41" type="stmt"/>
        <line num="58" count="2" type="stmt"/>
        <line num="60" count="47" type="cond" truecount="5" falsecount="0"/>
        <line num="61" count="6" type="stmt"/>
        <line num="65" count="41" type="cond" truecount="2" falsecount="0"/>
        <line num="66" count="2" type="stmt"/>
        <line num="70" count="39" type="cond" truecount="4" falsecount="0"/>
        <line num="71" count="5" type="stmt"/>
        <line num="75" count="34" type="cond" truecount="2" falsecount="0"/>
        <line num="76" count="3" type="stmt"/>
        <line num="80" count="31" type="stmt"/>
        <line num="83" count="31" type="cond" truecount="2" falsecount="0"/>
        <line num="84" count="16" type="stmt"/>
        <line num="87" count="15" type="stmt"/>
        <line num="95" count="2" type="stmt"/>
        <line num="103" count="7" type="stmt"/>
        <line num="105" count="7" type="cond" truecount="2" falsecount="0"/>
        <line num="106" count="1" type="stmt"/>
        <line num="109" count="6" type="stmt"/>
        <line num="110" count="6" type="stmt"/>
        <line num="111" count="6" type="cond" truecount="2" falsecount="0"/>
        <line num="113" count="6" type="cond" truecount="2" falsecount="0"/>
        <line num="114" count="3" type="stmt"/>
        <line num="123" count="3" type="stmt"/>
        <line num="131" count="2" type="stmt"/>
        <line num="135" count="9" type="cond" truecount="2" falsecount="0"/>
        <line num="136" count="2" type="stmt"/>
        <line num="139" count="7" type="stmt"/>
        <line num="140" count="7" type="stmt"/>
        <line num="143" count="7" type="cond" truecount="2" falsecount="0"/>
        <line num="144" count="1" type="stmt"/>
        <line num="152" count="6" type="stmt"/>
        <line num="153" count="6" type="cond" truecount="1" falsecount="1"/>
        <line num="154" count="0" type="stmt"/>
        <line num="157" count="6" type="stmt"/>
        <line num="158" count="6" type="stmt"/>
        <line num="159" count="6" type="stmt"/>
        <line num="162" count="6" type="cond" truecount="2" falsecount="0"/>
        <line num="163" count="2" type="stmt"/>
        <line num="171" count="4" type="cond" truecount="4" falsecount="1"/>
        <line num="174" count="0" type="stmt"/>
        <line num="180" count="4" type="stmt"/>
        <line num="182" count="0" type="stmt"/>
      </file>
      <file name="google-calendar.ts" path="/home/runner/work/gerenciador-de-tempo/gerenciador-de-tempo/src/lib/google-calendar.ts">
        <metrics statements="21" coveredstatements="0" conditionals="3" coveredconditionals="0" methods="9" coveredmethods="0"/>
        <line num="1" count="0" type="stmt"/>
        <line num="4" count="0" type="stmt"/>
        <line num="5" count="0" type="stmt"/>
        <line num="11" count="0" type="stmt"/>
        <line num="12" count="0" type="stmt"/>
        <line num="13" count="0" type="stmt"/>
        <line num="17" count="0" type="cond" truecount="0" falsecount="1"/>
        <line num="18" count="0" type="stmt"/>
        <line num="20" count="0" type="stmt"/>
        <line num="28" count="0" type="cond" truecount="0" falsecount="2"/>
        <line num="32" count="0" type="stmt"/>
        <line num="33" count="0" type="stmt"/>
        <line num="35" count="0" type="stmt"/>
        <line num="40" count="0" type="stmt"/>
        <line num="44" count="0" type="stmt"/>
        <line num="45" count="0" type="stmt"/>
        <line num="47" count="0" type="stmt"/>
        <line num="53" count="0" type="stmt"/>
        <line num="57" count="0" type="stmt"/>
        <line num="58" count="0" type="stmt"/>
        <line num="60" count="0" type="stmt"/>
      </file>
      <file name="google-tasks.ts" path="/home/runner/work/gerenciador-de-tempo/gerenciador-de-tempo/src/lib/google-tasks.ts">
        <metrics statements="34" coveredstatements="0" conditionals="13" coveredconditionals="0" methods="15" coveredmethods="0"/>
        <line num="1" count="0" type="stmt"/>
        <line num="4" count="0" type="stmt"/>
        <line num="5" count="0" type="stmt"/>
        <line num="11" count="0" type="stmt"/>
        <line num="12" count="0" type="stmt"/>
        <line num="13" count="0" type="stmt"/>
        <line num="17" count="0" type="stmt"/>
        <line num="18" count="0" type="stmt"/>
        <line num="20" count="0" type="stmt"/>
        <line num="24" count="0" type="cond" truecount="0" falsecount="2"/>
        <line num="28" count="0" type="cond" truecount="0" falsecount="2"/>
        <line num="29" count="0" type="stmt"/>
        <line num="31" count="0" type="stmt"/>
        <line num="38" count="0" type="cond" truecount="0" falsecount="2"/>
        <line num="42" count="0" type="stmt"/>
        <line num="51" count="0" type="stmt"/>
        <line num="52" count="0" type="stmt"/>
        <line num="54" count="0" type="stmt"/>
        <line num="64" count="0" type="stmt"/>
        <line num="68" count="0" type="stmt"/>
        <line num="78" count="0" type="stmt"/>
        <line num="79" count="0" type="stmt"/>
        <line num="81" count="0" type="stmt"/>
        <line num="87" count="0" type="stmt"/>
        <line num="91" count="0" type="cond" truecount="0" falsecount="1"/>
        <line num="92" count="0" type="stmt"/>
        <line num="94" count="0" type="stmt"/>
        <line num="101" count="0" type="cond" truecount="0" falsecount="1"/>
        <line num="102" count="0" type="stmt"/>
        <line num="106" count="0" type="stmt"/>
        <line num="112" count="0" type="stmt"/>
        <line num="113" count="0" type="stmt"/>
        <line num="115" count="0" type="stmt"/>
        <line num="122" count="0" type="stmt"/>
      </file>
      <file name="supabase.ts" path="/home/runner/work/gerenciador-de-tempo/gerenciador-de-tempo/src/lib/supabase.ts">
        <metrics statements="54" coveredstatements="0" conditionals="42" coveredconditionals="0" methods="8" coveredmethods="0"/>
        <line num="1" count="0" type="stmt"/>
        <line num="2" count="0" type="stmt"/>
        <line num="5" count="0" type="cond" truecount="0" falsecount="2"/>
        <line num="6" count="0" type="cond" truecount="0" falsecount="2"/>
        <line num="9" count="0" type="stmt"/>
        <line num="10" count="0" type="cond" truecount="0" falsecount="2"/>
        <line num="15" count="0" type="stmt"/>
        <line num="17" count="0" type="stmt"/>
        <line num="18" count="0" type="cond" truecount="0" falsecount="2"/>
        <line num="19" count="0" type="stmt"/>
        <line num="21" count="0" type="cond" truecount="0" falsecount="2"/>
        <line num="22" count="0" type="stmt"/>
        <line num="24" count="0" type="stmt"/>
        <line num="28" count="0" type="cond" truecount="0" falsecount="2"/>
        <line num="50" count="0" type="stmt"/>
        <line num="53" count="0" type="stmt"/>
        <line num="54" count="0" type="cond" truecount="0" falsecount="2"/>
        <line num="56" count="0" type="stmt"/>
        <line num="62" count="0" type="cond" truecount="0" falsecount="2"/>
        <line num="63" count="0" type="stmt"/>
        <line num="64" count="0" type="stmt"/>
        <line num="67" count="0" type="cond" truecount="0" falsecount="2"/>
        <line num="72" count="0" type="stmt"/>
        <line num="73" count="0" type="cond" truecount="0" falsecount="2"/>
        <line num="75" count="0" type="stmt"/>
        <line num="85" count="0" type="cond" truecount="0" falsecount="2"/>
        <line num="86" count="0" type="stmt"/>
        <line num="87" count="0" type="stmt"/>
        <line num="90" count="0" type="stmt"/>
        <line num="95" count="0" type="stmt"/>
        <line num="96" count="0" type="cond" truecount="0" falsecount="2"/>
        <line num="98" count="0" type="stmt"/>
        <line num="109" count="0" type="cond" truecount="0" falsecount="2"/>
        <line num="110" count="0" type="stmt"/>
        <line num="111" count="0" type="stmt"/>
        <line num="114" count="0" type="stmt"/>
        <line num="119" count="0" type="stmt"/>
        <line num="120" count="0" type="cond" truecount="0" falsecount="2"/>
        <line num="122" count="0" type="stmt"/>
        <line num="128" count="0" type="cond" truecount="0" falsecount="2"/>
        <line num="129" count="0" type="stmt"/>
        <line num="130" count="0" type="stmt"/>
        <line num="133" count="0" type="stmt"/>
        <line num="138" count="0" type="stmt"/>
        <line num="143" count="0" type="stmt"/>
        <line num="144" count="0" type="cond" truecount="0" falsecount="2"/>
        <line num="147" count="0" type="stmt"/>
        <line num="148" count="0" type="cond" truecount="0" falsecount="2"/>
        <line num="151" count="0" type="cond" truecount="0" falsecount="4"/>
        <line num="152" count="0" type="stmt"/>
        <line num="156" count="0" type="stmt"/>
        <line num="157" count="0" type="cond" truecount="0" falsecount="2"/>
        <line num="160" count="0" type="stmt"/>
        <line num="176" count="0" type="stmt"/>
      </file>
      <file name="task-utils.ts" path="/home/runner/work/gerenciador-de-tempo/gerenciador-de-tempo/src/lib/task-utils.ts">
        <metrics statements="26" coveredstatements="26" conditionals="14" coveredconditionals="14" methods="3" coveredmethods="3"/>
        <line num="11" count="1" type="stmt"/>
        <line num="16" count="10" type="cond" truecount="2" falsecount="0"/>
        <line num="17" count="10" type="stmt"/>
        <line num="19" count="10" type="cond" truecount="5" falsecount="0"/>
        <line num="21" count="2" type="stmt"/>
        <line num="22" count="2" type="stmt"/>
        <line num="24" count="1" type="stmt"/>
        <line num="25" count="1" type="stmt"/>
        <line num="27" count="2" type="stmt"/>
        <line num="28" count="2" type="stmt"/>
        <line num="31" count="4" type="stmt"/>
        <line num="32" count="7" type="stmt"/>
        <line num="34" count="4" type="stmt"/>
        <line num="36" count="1" type="stmt"/>
        <line num="39" count="9" type="stmt"/>
        <line num="45" count="1" type="stmt"/>
        <line num="46" count="5" type="cond" truecount="5" falsecount="0"/>
        <line num="48" count="1" type="stmt"/>
        <line num="50" count="1" type="stmt"/>
        <line num="52" count="1" type="stmt"/>
        <line num="54" count="1" type="stmt"/>
        <line num="56" count="1" type="stmt"/>
        <line num="64" count="1" type="stmt"/>
        <line num="65" count="1" type="stmt"/>
        <line num="66" count="1" type="stmt"/>
        <line num="67" count="1" type="stmt"/>
      </file>
    </package>
  </project>
</coverage>
