{"/home/runner/work/gerenciador-de-tempo/gerenciador-de-tempo/src/app/layout.tsx": {"path":"/home/runner/work/gerenciador-de-tempo/gerenciador-de-tempo/src/app/layout.tsx","statementMap":{"0":{"start":{"line":1,"column":0},"end":{"line":1,"column":23}},"1":{"start":{"line":3,"column":0},"end":{"line":3,"column":40}},"2":{"start":{"line":5,"column":13},"end":{"line":8,"column":2}},"3":{"start":{"line":15,"column":2},"end":{"line":23,"column":4}},"4":{"start":{"line":10,"column":0},"end":{"line":10,"column":24}}},"fnMap":{"0":{"name":"RootLayout","decl":{"start":{"line":10,"column":24},"end":{"line":10,"column":34}},"loc":{"start":{"line":14,"column":1},"end":{"line":24,"column":1}}}},"branchMap":{},"s":{"0":0,"1":0,"2":0,"3":0,"4":0},"f":{"0":0},"b":{}}
,"/home/runner/work/gerenciador-de-tempo/gerenciador-de-tempo/src/app/page.tsx": {"path":"/home/runner/work/gerenciador-de-tempo/gerenciador-de-tempo/src/app/page.tsx","statementMap":{"0":{"start":{"line":3,"column":0},"end":{"line":3,"column":53}},"1":{"start":{"line":4,"column":0},"end":{"line":4,"column":44}},"2":{"start":{"line":5,"column":0},"end":{"line":5,"column":34}},"3":{"start":{"line":6,"column":0},"end":{"line":6,"column":110}},"4":{"start":{"line":9,"column":36},"end":{"line":9,"column":48}},"5":{"start":{"line":10,"column":17},"end":{"line":10,"column":28}},"6":{"start":{"line":12,"column":2},"end":{"line":16,"column":24}},"7":{"start":{"line":13,"column":4},"end":{"line":15,"column":null}},"8":{"start":{"line":14,"column":6},"end":{"line":14,"column":32}},"9":{"start":{"line":18,"column":2},"end":{"line":27,"column":null}},"10":{"start":{"line":19,"column":4},"end":{"line":26,"column":6}},"11":{"start":{"line":29,"column":2},"end":{"line":189,"column":4}},"12":{"start":{"line":56,"column":31},"end":{"line":56,"column":78}},"13":{"start":{"line":179,"column":27},"end":{"line":179,"column":74}},"14":{"start":{"line":8,"column":0},"end":{"line":8,"column":24}}},"fnMap":{"0":{"name":"Home","decl":{"start":{"line":8,"column":24},"end":{"line":8,"column":28}},"loc":{"start":{"line":8,"column":28},"end":{"line":190,"column":1}}},"1":{"name":"(anonymous_1)","decl":{"start":{"line":12,"column":12},"end":{"line":12,"column":15}},"loc":{"start":{"line":12,"column":17},"end":{"line":16,"column":3}}},"2":{"name":"(anonymous_2)","decl":{"start":{"line":56,"column":25},"end":{"line":56,"column":28}},"loc":{"start":{"line":56,"column":31},"end":{"line":56,"column":78}}},"3":{"name":"(anonymous_3)","decl":{"start":{"line":179,"column":21},"end":{"line":179,"column":24}},"loc":{"start":{"line":179,"column":27},"end":{"line":179,"column":74}}}},"branchMap":{"0":{"loc":{"start":{"line":13,"column":4},"end":{"line":15,"column":null}},"type":"if","locations":[{"start":{"line":13,"column":4},"end":{"line":15,"column":null}},{"start":{},"end":{}}]},"1":{"loc":{"start":{"line":18,"column":2},"end":{"line":27,"column":null}},"type":"if","locations":[{"start":{"line":18,"column":2},"end":{"line":27,"column":null}},{"start":{},"end":{}}]}},"s":{"0":0,"1":0,"2":0,"3":0,"4":0,"5":0,"6":0,"7":0,"8":0,"9":0,"10":0,"11":0,"12":0,"13":0,"14":0},"f":{"0":0,"1":0,"2":0,"3":0},"b":{"0":[0,0],"1":[0,0]}}
,"/home/runner/work/gerenciador-de-tempo/gerenciador-de-tempo/src/app/providers.tsx": {"path":"/home/runner/work/gerenciador-de-tempo/gerenciador-de-tempo/src/app/providers.tsx","statementMap":{"0":{"start":{"line":3,"column":0},"end":{"line":3,"column":50}},"1":{"start":{"line":6,"column":2},"end":{"line":6,"column":55}},"2":{"start":{"line":5,"column":0},"end":{"line":5,"column":16}}},"fnMap":{"0":{"name":"Providers","decl":{"start":{"line":5,"column":16},"end":{"line":5,"column":25}},"loc":{"start":{"line":5,"column":69},"end":{"line":7,"column":1}}}},"branchMap":{},"s":{"0":0,"1":0,"2":0},"f":{"0":0},"b":{}}
,"/home/runner/work/gerenciador-de-tempo/gerenciador-de-tempo/src/app/api/auth/[...nextauth]/route.ts": {"path":"/home/runner/work/gerenciador-de-tempo/gerenciador-de-tempo/src/app/api/auth/[...nextauth]/route.ts","statementMap":{"0":{"start":{"line":1,"column":0},"end":{"line":1,"column":33}},"1":{"start":{"line":2,"column":0},"end":{"line":2,"column":51}},"2":{"start":{"line":4,"column":16},"end":{"line":4,"column":37}},"3":{"start":{"line":6,"column":20},"end":{"line":6,"column":23}},"4":{"start":{"line":6,"column":36},"end":{"line":6,"column":40}}},"fnMap":{},"branchMap":{},"s":{"0":0,"1":0,"2":0,"3":0,"4":0},"f":{},"b":{}}
,"/home/runner/work/gerenciador-de-tempo/gerenciador-de-tempo/src/app/api/calendar/route.ts": {"path":"/home/runner/work/gerenciador-de-tempo/gerenciador-de-tempo/src/app/api/calendar/route.ts","statementMap":{"0":{"start":{"line":2,"column":0},"end":{"line":2,"column":45}},"1":{"start":{"line":3,"column":0},"end":{"line":3,"column":48}},"2":{"start":{"line":4,"column":0},"end":{"line":4,"column":78}},"3":{"start":{"line":8,"column":2},"end":{"line":33,"column":null}},"4":{"start":{"line":9,"column":20},"end":{"line":9,"column":55}},"5":{"start":{"line":11,"column":4},"end":{"line":16,"column":null}},"6":{"start":{"line":12,"column":6},"end":{"line":15,"column":9}},"7":{"start":{"line":18,"column":25},"end":{"line":18,"column":53}},"8":{"start":{"line":19,"column":23},"end":{"line":19,"column":71}},"9":{"start":{"line":21,"column":19},"end":{"line":21,"column":75}},"10":{"start":{"line":23,"column":4},"end":{"line":26,"column":7}},"11":{"start":{"line":28,"column":4},"end":{"line":28,"column":60}},"12":{"start":{"line":29,"column":4},"end":{"line":32,"column":7}},"13":{"start":{"line":7,"column":0},"end":{"line":7,"column":22}},"14":{"start":{"line":38,"column":2},"end":{"line":83,"column":null}},"15":{"start":{"line":39,"column":20},"end":{"line":39,"column":55}},"16":{"start":{"line":41,"column":4},"end":{"line":46,"column":null}},"17":{"start":{"line":42,"column":6},"end":{"line":45,"column":9}},"18":{"start":{"line":48,"column":17},"end":{"line":48,"column":37}},"19":{"start":{"line":49,"column":55},"end":{"line":49,"column":59}},"20":{"start":{"line":51,"column":4},"end":{"line":56,"column":null}},"21":{"start":{"line":52,"column":6},"end":{"line":55,"column":9}},"22":{"start":{"line":58,"column":18},"end":{"line":69,"column":6}},"23":{"start":{"line":71,"column":25},"end":{"line":71,"column":70}},"24":{"start":{"line":73,"column":4},"end":{"line":76,"column":7}},"25":{"start":{"line":78,"column":4},"end":{"line":78,"column":59}},"26":{"start":{"line":79,"column":4},"end":{"line":82,"column":7}},"27":{"start":{"line":37,"column":0},"end":{"line":37,"column":22}}},"fnMap":{"0":{"name":"GET","decl":{"start":{"line":7,"column":22},"end":{"line":7,"column":25}},"loc":{"start":{"line":7,"column":46},"end":{"line":34,"column":null}}},"1":{"name":"POST","decl":{"start":{"line":37,"column":22},"end":{"line":37,"column":26}},"loc":{"start":{"line":37,"column":47},"end":{"line":84,"column":null}}}},"branchMap":{"0":{"loc":{"start":{"line":11,"column":4},"end":{"line":16,"column":null}},"type":"if","locations":[{"start":{"line":11,"column":4},"end":{"line":16,"column":null}},{"start":{},"end":{}}]},"1":{"loc":{"start":{"line":11,"column":9},"end":{"line":11,"column":29}},"type":"cond-expr","locations":[{"start":{"line":11,"column":16},"end":{"line":11,"column":18}},{"start":{"line":11,"column":9},"end":{"line":11,"column":29}}]},"2":{"loc":{"start":{"line":11,"column":9},"end":{"line":11,"column":18}},"type":"binary-expr","locations":[{"start":{"line":11,"column":9},"end":{"line":11,"column":18}},{"start":{"line":11,"column":9},"end":{"line":11,"column":18}}]},"3":{"loc":{"start":{"line":19,"column":32},"end":{"line":19,"column":70}},"type":"binary-expr","locations":[{"start":{"line":19,"column":32},"end":{"line":19,"column":62}},{"start":{"line":19,"column":66},"end":{"line":19,"column":70}}]},"4":{"loc":{"start":{"line":41,"column":4},"end":{"line":46,"column":null}},"type":"if","locations":[{"start":{"line":41,"column":4},"end":{"line":46,"column":null}},{"start":{},"end":{}}]},"5":{"loc":{"start":{"line":41,"column":9},"end":{"line":41,"column":29}},"type":"cond-expr","locations":[{"start":{"line":41,"column":16},"end":{"line":41,"column":18}},{"start":{"line":41,"column":9},"end":{"line":41,"column":29}}]},"6":{"loc":{"start":{"line":41,"column":9},"end":{"line":41,"column":18}},"type":"binary-expr","locations":[{"start":{"line":41,"column":9},"end":{"line":41,"column":18}},{"start":{"line":41,"column":9},"end":{"line":41,"column":18}}]},"7":{"loc":{"start":{"line":51,"column":4},"end":{"line":56,"column":null}},"type":"if","locations":[{"start":{"line":51,"column":4},"end":{"line":56,"column":null}},{"start":{},"end":{}}]},"8":{"loc":{"start":{"line":51,"column":8},"end":{"line":51,"column":40}},"type":"binary-expr","locations":[{"start":{"line":51,"column":8},"end":{"line":51,"column":14}},{"start":{"line":51,"column":18},"end":{"line":51,"column":28}},{"start":{"line":51,"column":32},"end":{"line":51,"column":40}}]},"9":{"loc":{"start":{"line":60,"column":19},"end":{"line":60,"column":36}},"type":"binary-expr","locations":[{"start":{"line":60,"column":19},"end":{"line":60,"column":30}},{"start":{"line":60,"column":34},"end":{"line":60,"column":36}}]}},"s":{"0":0,"1":0,"2":0,"3":0,"4":0,"5":0,"6":0,"7":0,"8":0,"9":0,"10":0,"11":0,"12":0,"13":0,"14":0,"15":0,"16":0,"17":0,"18":0,"19":0,"20":0,"21":0,"22":0,"23":0,"24":0,"25":0,"26":0,"27":0},"f":{"0":0,"1":0},"b":{"0":[0,0],"1":[0,0],"2":[0,0],"3":[0,0],"4":[0,0],"5":[0,0],"6":[0,0],"7":[0,0],"8":[0,0,0],"9":[0,0]}}
,"/home/runner/work/gerenciador-de-tempo/gerenciador-de-tempo/src/app/api/google-tasks/route.ts": {"path":"/home/runner/work/gerenciador-de-tempo/gerenciador-de-tempo/src/app/api/google-tasks/route.ts","statementMap":{"0":{"start":{"line":2,"column":0},"end":{"line":2,"column":45}},"1":{"start":{"line":3,"column":0},"end":{"line":3,"column":48}},"2":{"start":{"line":4,"column":0},"end":{"line":4,"column":null}},"3":{"start":{"line":14,"column":2},"end":{"line":49,"column":null}},"4":{"start":{"line":15,"column":20},"end":{"line":15,"column":55}},"5":{"start":{"line":17,"column":4},"end":{"line":22,"column":null}},"6":{"start":{"line":18,"column":6},"end":{"line":21,"column":9}},"7":{"start":{"line":24,"column":25},"end":{"line":24,"column":53}},"8":{"start":{"line":25,"column":23},"end":{"line":25,"column":67}},"9":{"start":{"line":26,"column":26},"end":{"line":26,"column":71}},"10":{"start":{"line":27,"column":21},"end":{"line":27,"column":60}},"11":{"start":{"line":29,"column":4},"end":{"line":35,"column":null}},"12":{"start":{"line":30,"column":24},"end":{"line":30,"column":63}},"13":{"start":{"line":31,"column":6},"end":{"line":34,"column":9}},"14":{"start":{"line":37,"column":18},"end":{"line":37,"column":80}},"15":{"start":{"line":39,"column":4},"end":{"line":42,"column":7}},"16":{"start":{"line":44,"column":4},"end":{"line":44,"column":57}},"17":{"start":{"line":45,"column":4},"end":{"line":48,"column":7}},"18":{"start":{"line":13,"column":0},"end":{"line":13,"column":22}},"19":{"start":{"line":54,"column":2},"end":{"line":90,"column":null}},"20":{"start":{"line":55,"column":20},"end":{"line":55,"column":55}},"21":{"start":{"line":57,"column":4},"end":{"line":62,"column":null}},"22":{"start":{"line":58,"column":6},"end":{"line":61,"column":9}},"23":{"start":{"line":64,"column":17},"end":{"line":64,"column":37}},"24":{"start":{"line":65,"column":46},"end":{"line":65,"column":50}},"25":{"start":{"line":67,"column":4},"end":{"line":72,"column":null}},"26":{"start":{"line":68,"column":6},"end":{"line":71,"column":9}},"27":{"start":{"line":74,"column":17},"end":{"line":77,"column":null}},"28":{"start":{"line":80,"column":4},"end":{"line":83,"column":7}},"29":{"start":{"line":85,"column":4},"end":{"line":85,"column":56}},"30":{"start":{"line":86,"column":4},"end":{"line":89,"column":7}},"31":{"start":{"line":53,"column":0},"end":{"line":53,"column":22}},"32":{"start":{"line":95,"column":2},"end":{"line":132,"column":null}},"33":{"start":{"line":96,"column":20},"end":{"line":96,"column":55}},"34":{"start":{"line":98,"column":4},"end":{"line":103,"column":null}},"35":{"start":{"line":99,"column":6},"end":{"line":102,"column":9}},"36":{"start":{"line":105,"column":17},"end":{"line":105,"column":37}},"37":{"start":{"line":106,"column":47},"end":{"line":106,"column":51}},"38":{"start":{"line":106,"column":42},"end":{"line":106,"column":47}},"39":{"start":{"line":108,"column":4},"end":{"line":113,"column":null}},"40":{"start":{"line":109,"column":6},"end":{"line":112,"column":9}},"41":{"start":{"line":115,"column":17},"end":{"line":119,"column":null}},"42":{"start":{"line":122,"column":4},"end":{"line":125,"column":7}},"43":{"start":{"line":127,"column":4},"end":{"line":127,"column":56}},"44":{"start":{"line":128,"column":4},"end":{"line":131,"column":7}},"45":{"start":{"line":94,"column":0},"end":{"line":94,"column":22}},"46":{"start":{"line":137,"column":2},"end":{"line":170,"column":null}},"47":{"start":{"line":138,"column":20},"end":{"line":138,"column":55}},"48":{"start":{"line":140,"column":4},"end":{"line":145,"column":null}},"49":{"start":{"line":141,"column":6},"end":{"line":144,"column":9}},"50":{"start":{"line":147,"column":25},"end":{"line":147,"column":53}},"51":{"start":{"line":148,"column":19},"end":{"line":148,"column":45}},"52":{"start":{"line":149,"column":23},"end":{"line":149,"column":67}},"53":{"start":{"line":151,"column":4},"end":{"line":156,"column":null}},"54":{"start":{"line":152,"column":6},"end":{"line":155,"column":9}},"55":{"start":{"line":158,"column":4},"end":{"line":158,"column":62}},"56":{"start":{"line":160,"column":4},"end":{"line":163,"column":7}},"57":{"start":{"line":165,"column":4},"end":{"line":165,"column":56}},"58":{"start":{"line":166,"column":4},"end":{"line":169,"column":7}},"59":{"start":{"line":136,"column":0},"end":{"line":136,"column":22}}},"fnMap":{"0":{"name":"GET","decl":{"start":{"line":13,"column":22},"end":{"line":13,"column":25}},"loc":{"start":{"line":13,"column":46},"end":{"line":50,"column":null}}},"1":{"name":"POST","decl":{"start":{"line":53,"column":22},"end":{"line":53,"column":26}},"loc":{"start":{"line":53,"column":47},"end":{"line":91,"column":null}}},"2":{"name":"PUT","decl":{"start":{"line":94,"column":22},"end":{"line":94,"column":25}},"loc":{"start":{"line":94,"column":46},"end":{"line":133,"column":null}}},"3":{"name":"DELETE","decl":{"start":{"line":136,"column":22},"end":{"line":136,"column":28}},"loc":{"start":{"line":136,"column":49},"end":{"line":171,"column":null}}}},"branchMap":{"0":{"loc":{"start":{"line":17,"column":4},"end":{"line":22,"column":null}},"type":"if","locations":[{"start":{"line":17,"column":4},"end":{"line":22,"column":null}},{"start":{},"end":{}}]},"1":{"loc":{"start":{"line":17,"column":9},"end":{"line":17,"column":29}},"type":"cond-expr","locations":[{"start":{"line":17,"column":16},"end":{"line":17,"column":18}},{"start":{"line":17,"column":9},"end":{"line":17,"column":29}}]},"2":{"loc":{"start":{"line":17,"column":9},"end":{"line":17,"column":18}},"type":"binary-expr","locations":[{"start":{"line":17,"column":9},"end":{"line":17,"column":18}},{"start":{"line":17,"column":9},"end":{"line":17,"column":18}}]},"3":{"loc":{"start":{"line":25,"column":23},"end":{"line":25,"column":67}},"type":"binary-expr","locations":[{"start":{"line":25,"column":23},"end":{"line":25,"column":53}},{"start":{"line":25,"column":57},"end":{"line":25,"column":67}}]},"4":{"loc":{"start":{"line":29,"column":4},"end":{"line":35,"column":null}},"type":"if","locations":[{"start":{"line":29,"column":4},"end":{"line":35,"column":null}},{"start":{},"end":{}}]},"5":{"loc":{"start":{"line":57,"column":4},"end":{"line":62,"column":null}},"type":"if","locations":[{"start":{"line":57,"column":4},"end":{"line":62,"column":null}},{"start":{},"end":{}}]},"6":{"loc":{"start":{"line":57,"column":9},"end":{"line":57,"column":29}},"type":"cond-expr","locations":[{"start":{"line":57,"column":16},"end":{"line":57,"column":18}},{"start":{"line":57,"column":9},"end":{"line":57,"column":29}}]},"7":{"loc":{"start":{"line":57,"column":9},"end":{"line":57,"column":18}},"type":"binary-expr","locations":[{"start":{"line":57,"column":9},"end":{"line":57,"column":18}},{"start":{"line":57,"column":9},"end":{"line":57,"column":18}}]},"8":{"loc":{"start":{"line":67,"column":4},"end":{"line":72,"column":null}},"type":"if","locations":[{"start":{"line":67,"column":4},"end":{"line":72,"column":null}},{"start":{},"end":{}}]},"9":{"loc":{"start":{"line":77,"column":6},"end":{"line":77,"column":30}},"type":"binary-expr","locations":[{"start":{"line":77,"column":6},"end":{"line":77,"column":16}},{"start":{"line":77,"column":20},"end":{"line":77,"column":30}}]},"10":{"loc":{"start":{"line":98,"column":4},"end":{"line":103,"column":null}},"type":"if","locations":[{"start":{"line":98,"column":4},"end":{"line":103,"column":null}},{"start":{},"end":{}}]},"11":{"loc":{"start":{"line":98,"column":9},"end":{"line":98,"column":29}},"type":"cond-expr","locations":[{"start":{"line":98,"column":16},"end":{"line":98,"column":18}},{"start":{"line":98,"column":9},"end":{"line":98,"column":29}}]},"12":{"loc":{"start":{"line":98,"column":9},"end":{"line":98,"column":18}},"type":"binary-expr","locations":[{"start":{"line":98,"column":9},"end":{"line":98,"column":18}},{"start":{"line":98,"column":9},"end":{"line":98,"column":18}}]},"13":{"loc":{"start":{"line":108,"column":4},"end":{"line":113,"column":null}},"type":"if","locations":[{"start":{"line":108,"column":4},"end":{"line":113,"column":null}},{"start":{},"end":{}}]},"14":{"loc":{"start":{"line":119,"column":6},"end":{"line":119,"column":30}},"type":"binary-expr","locations":[{"start":{"line":119,"column":6},"end":{"line":119,"column":16}},{"start":{"line":119,"column":20},"end":{"line":119,"column":30}}]},"15":{"loc":{"start":{"line":140,"column":4},"end":{"line":145,"column":null}},"type":"if","locations":[{"start":{"line":140,"column":4},"end":{"line":145,"column":null}},{"start":{},"end":{}}]},"16":{"loc":{"start":{"line":140,"column":9},"end":{"line":140,"column":29}},"type":"cond-expr","locations":[{"start":{"line":140,"column":16},"end":{"line":140,"column":18}},{"start":{"line":140,"column":9},"end":{"line":140,"column":29}}]},"17":{"loc":{"start":{"line":140,"column":9},"end":{"line":140,"column":18}},"type":"binary-expr","locations":[{"start":{"line":140,"column":9},"end":{"line":140,"column":18}},{"start":{"line":140,"column":9},"end":{"line":140,"column":18}}]},"18":{"loc":{"start":{"line":149,"column":23},"end":{"line":149,"column":67}},"type":"binary-expr","locations":[{"start":{"line":149,"column":23},"end":{"line":149,"column":53}},{"start":{"line":149,"column":57},"end":{"line":149,"column":67}}]},"19":{"loc":{"start":{"line":151,"column":4},"end":{"line":156,"column":null}},"type":"if","locations":[{"start":{"line":151,"column":4},"end":{"line":156,"column":null}},{"start":{},"end":{}}]}},"s":{"0":0,"1":0,"2":0,"3":0,"4":0,"5":0,"6":0,"7":0,"8":0,"9":0,"10":0,"11":0,"12":0,"13":0,"14":0,"15":0,"16":0,"17":0,"18":0,"19":0,"20":0,"21":0,"22":0,"23":0,"24":0,"25":0,"26":0,"27":0,"28":0,"29":0,"30":0,"31":0,"32":0,"33":0,"34":0,"35":0,"36":0,"37":0,"38":0,"39":0,"40":0,"41":0,"42":0,"43":0,"44":0,"45":0,"46":0,"47":0,"48":0,"49":0,"50":0,"51":0,"52":0,"53":0,"54":0,"55":0,"56":0,"57":0,"58":0,"59":0},"f":{"0":0,"1":0,"2":0,"3":0},"b":{"0":[0,0],"1":[0,0],"2":[0,0],"3":[0,0],"4":[0,0],"5":[0,0],"6":[0,0],"7":[0,0],"8":[0,0],"9":[0,0],"10":[0,0],"11":[0,0],"12":[0,0],"13":[0,0],"14":[0,0],"15":[0,0],"16":[0,0],"17":[0,0],"18":[0,0],"19":[0,0]}}
,"/home/runner/work/gerenciador-de-tempo/gerenciador-de-tempo/src/app/api/parse-task/route.ts": {"path":"/home/runner/work/gerenciador-de-tempo/gerenciador-de-tempo/src/app/api/parse-task/route.ts","statementMap":{"0":{"start":{"line":2,"column":0},"end":{"line":2,"column":59}},"1":{"start":{"line":20,"column":20},"end":{"line":20,"column":38}},"2":{"start":{"line":23,"column":31},"end":{"line":27,"column":4}},"3":{"start":{"line":30,"column":30},"end":{"line":33,"column":4}},"4":{"start":{"line":35,"column":2},"end":{"line":39,"column":null}},"5":{"start":{"line":36,"column":4},"end":{"line":38,"column":null}},"6":{"start":{"line":37,"column":6},"end":{"line":37,"column":20}},"7":{"start":{"line":41,"column":2},"end":{"line":45,"column":null}},"8":{"start":{"line":42,"column":4},"end":{"line":44,"column":null}},"9":{"start":{"line":43,"column":6},"end":{"line":43,"column":19}},"10":{"start":{"line":47,"column":2},"end":{"line":47,"column":18}},"11":{"start":{"line":51,"column":20},"end":{"line":51,"column":38}},"12":{"start":{"line":52,"column":14},"end":{"line":52,"column":24}},"13":{"start":{"line":55,"column":30},"end":{"line":81,"column":3}},"14":{"start":{"line":57,"column":19},"end":{"line":57,"column":47}},"15":{"start":{"line":60,"column":25},"end":{"line":64,"column":6}},"16":{"start":{"line":66,"column":4},"end":{"line":76,"column":null}},"17":{"start":{"line":67,"column":20},"end":{"line":67,"column":39}},"18":{"start":{"line":68,"column":6},"end":{"line":75,"column":null}},"19":{"start":{"line":69,"column":22},"end":{"line":69,"column":40}},"20":{"start":{"line":70,"column":24},"end":{"line":70,"column":57}},"21":{"start":{"line":71,"column":8},"end":{"line":74,"column":null}},"22":{"start":{"line":72,"column":10},"end":{"line":72,"column":48}},"23":{"start":{"line":73,"column":10},"end":{"line":73,"column":24}},"24":{"start":{"line":79,"column":4},"end":{"line":79,"column":32}},"25":{"start":{"line":80,"column":4},"end":{"line":80,"column":18}},"26":{"start":{"line":84,"column":2},"end":{"line":87,"column":null}},"27":{"start":{"line":85,"column":18},"end":{"line":85,"column":31}},"28":{"start":{"line":86,"column":4},"end":{"line":86,"column":52}},"29":{"start":{"line":90,"column":2},"end":{"line":94,"column":null}},"30":{"start":{"line":91,"column":21},"end":{"line":91,"column":34}},"31":{"start":{"line":92,"column":4},"end":{"line":92,"column":45}},"32":{"start":{"line":93,"column":4},"end":{"line":93,"column":55}},"33":{"start":{"line":97,"column":21},"end":{"line":107,"column":4}},"34":{"start":{"line":109,"column":2},"end":{"line":120,"column":null}},"35":{"start":{"line":110,"column":4},"end":{"line":119,"column":null}},"36":{"start":{"line":111,"column":25},"end":{"line":111,"column":37}},"37":{"start":{"line":112,"column":22},"end":{"line":112,"column":46}},"38":{"start":{"line":113,"column":6},"end":{"line":115,"column":null}},"39":{"start":{"line":114,"column":8},"end":{"line":114,"column":23}},"40":{"start":{"line":116,"column":25},"end":{"line":116,"column":38}},"41":{"start":{"line":117,"column":6},"end":{"line":117,"column":59}},"42":{"start":{"line":118,"column":6},"end":{"line":118,"column":59}},"43":{"start":{"line":123,"column":2},"end":{"line":127,"column":null}},"44":{"start":{"line":124,"column":21},"end":{"line":124,"column":34}},"45":{"start":{"line":125,"column":4},"end":{"line":125,"column":45}},"46":{"start":{"line":126,"column":4},"end":{"line":126,"column":55}},"47":{"start":{"line":130,"column":23},"end":{"line":133,"column":4}},"48":{"start":{"line":135,"column":2},"end":{"line":191,"column":null}},"49":{"start":{"line":136,"column":18},"end":{"line":136,"column":42}},"50":{"start":{"line":137,"column":4},"end":{"line":190,"column":null}},"51":{"start":{"line":138,"column":6},"end":{"line":189,"column":null}},"52":{"start":{"line":140,"column":20},"end":{"line":140,"column":38}},"53":{"start":{"line":141,"column":22},"end":{"line":141,"column":40}},"54":{"start":{"line":142,"column":21},"end":{"line":142,"column":70}},"55":{"start":{"line":145,"column":8},"end":{"line":147,"column":null}},"56":{"start":{"line":146,"column":10},"end":{"line":146,"column":22}},"57":{"start":{"line":149,"column":21},"end":{"line":149,"column":51}},"58":{"start":{"line":150,"column":8},"end":{"line":150,"column":55}},"59":{"start":{"line":151,"column":13},"end":{"line":189,"column":null}},"60":{"start":{"line":153,"column":20},"end":{"line":153,"column":38}},"61":{"start":{"line":154,"column":26},"end":{"line":154,"column":44}},"62":{"start":{"line":155,"column":25},"end":{"line":155,"column":42}},"63":{"start":{"line":158,"column":8},"end":{"line":169,"column":null}},"64":{"start":{"line":160,"column":10},"end":{"line":160,"column":27}},"65":{"start":{"line":161,"column":10},"end":{"line":164,"column":null}},"66":{"start":{"line":162,"column":12},"end":{"line":162,"column":28}},"67":{"start":{"line":163,"column":12},"end":{"line":163,"column":28}},"68":{"start":{"line":166,"column":10},"end":{"line":168,"column":null}},"69":{"start":{"line":167,"column":12},"end":{"line":167,"column":24}},"70":{"start":{"line":172,"column":19},"end":{"line":172,"column":61}},"71":{"start":{"line":175,"column":8},"end":{"line":186,"column":null}},"72":{"start":{"line":176,"column":10},"end":{"line":176,"column":27}},"73":{"start":{"line":177,"column":10},"end":{"line":180,"column":null}},"74":{"start":{"line":178,"column":12},"end":{"line":178,"column":28}},"75":{"start":{"line":179,"column":12},"end":{"line":179,"column":28}},"76":{"start":{"line":182,"column":10},"end":{"line":184,"column":null}},"77":{"start":{"line":183,"column":12},"end":{"line":183,"column":24}},"78":{"start":{"line":185,"column":10},"end":{"line":185,"column":60}},"79":{"start":{"line":188,"column":8},"end":{"line":188,"column":55}},"80":{"start":{"line":193,"column":2},"end":{"line":193,"column":14}},"81":{"start":{"line":197,"column":20},"end":{"line":197,"column":38}},"82":{"start":{"line":200,"column":19},"end":{"line":204,"column":4}},"83":{"start":{"line":206,"column":21},"end":{"line":206,"column":22}},"84":{"start":{"line":207,"column":14},"end":{"line":207,"column":19}},"85":{"start":{"line":209,"column":2},"end":{"line":215,"column":null}},"86":{"start":{"line":210,"column":18},"end":{"line":210,"column":48}},"87":{"start":{"line":211,"column":4},"end":{"line":214,"column":null}},"88":{"start":{"line":212,"column":6},"end":{"line":212,"column":62}},"89":{"start":{"line":213,"column":6},"end":{"line":213,"column":19}},"90":{"start":{"line":218,"column":51},"end":{"line":230,"column":4}},"91":{"start":{"line":232,"column":2},"end":{"line":238,"column":null}},"92":{"start":{"line":233,"column":4},"end":{"line":237,"column":null}},"93":{"start":{"line":234,"column":6},"end":{"line":236,"column":null}},"94":{"start":{"line":235,"column":8},"end":{"line":235,"column":24}},"95":{"start":{"line":240,"column":2},"end":{"line":240,"column":37}},"96":{"start":{"line":244,"column":20},"end":{"line":244,"column":38}},"97":{"start":{"line":247,"column":24},"end":{"line":250,"column":4}},"98":{"start":{"line":253,"column":25},"end":{"line":256,"column":4}},"99":{"start":{"line":259,"column":26},"end":{"line":262,"column":4}},"100":{"start":{"line":265,"column":27},"end":{"line":269,"column":4}},"101":{"start":{"line":272,"column":30},"end":{"line":281,"column":4}},"102":{"start":{"line":283,"column":2},"end":{"line":287,"column":null}},"103":{"start":{"line":284,"column":4},"end":{"line":286,"column":null}},"104":{"start":{"line":285,"column":6},"end":{"line":285,"column":53}},"105":{"start":{"line":289,"column":2},"end":{"line":293,"column":null}},"106":{"start":{"line":290,"column":4},"end":{"line":292,"column":null}},"107":{"start":{"line":291,"column":6},"end":{"line":291,"column":56}},"108":{"start":{"line":295,"column":2},"end":{"line":299,"column":null}},"109":{"start":{"line":296,"column":4},"end":{"line":298,"column":null}},"110":{"start":{"line":297,"column":6},"end":{"line":297,"column":54}},"111":{"start":{"line":301,"column":2},"end":{"line":305,"column":null}},"112":{"start":{"line":302,"column":4},"end":{"line":304,"column":null}},"113":{"start":{"line":303,"column":6},"end":{"line":303,"column":54}},"114":{"start":{"line":307,"column":2},"end":{"line":311,"column":null}},"115":{"start":{"line":308,"column":4},"end":{"line":310,"column":null}},"116":{"start":{"line":309,"column":6},"end":{"line":309,"column":55}},"117":{"start":{"line":313,"column":2},"end":{"line":313,"column":47}},"118":{"start":{"line":318,"column":14},"end":{"line":318,"column":18}},"119":{"start":{"line":321,"column":27},"end":{"line":340,"column":4}},"120":{"start":{"line":342,"column":2},"end":{"line":344,"column":null}},"121":{"start":{"line":343,"column":4},"end":{"line":343,"column":39}},"122":{"start":{"line":347,"column":2},"end":{"line":347,"column":44}},"123":{"start":{"line":350,"column":2},"end":{"line":352,"column":null}},"124":{"start":{"line":351,"column":4},"end":{"line":351,"column":59}},"125":{"start":{"line":355,"column":2},"end":{"line":357,"column":null}},"126":{"start":{"line":356,"column":4},"end":{"line":356,"column":68}},"127":{"start":{"line":359,"column":2},"end":{"line":359,"column":15}},"128":{"start":{"line":363,"column":2},"end":{"line":402,"column":null}},"129":{"start":{"line":364,"column":17},"end":{"line":364,"column":37}},"130":{"start":{"line":365,"column":25},"end":{"line":365,"column":29}},"131":{"start":{"line":367,"column":4},"end":{"line":374,"column":null}},"132":{"start":{"line":368,"column":6},"end":{"line":373,"column":9}},"133":{"start":{"line":377,"column":23},"end":{"line":377,"column":50}},"134":{"start":{"line":378,"column":35},"end":{"line":386,"column":6}},"135":{"start":{"line":388,"column":4},"end":{"line":393,"column":7}},"136":{"start":{"line":395,"column":4},"end":{"line":395,"column":48}},"137":{"start":{"line":396,"column":4},"end":{"line":401,"column":7}},"138":{"start":{"line":362,"column":0},"end":{"line":362,"column":22}}},"fnMap":{"0":{"name":"extractPriority","decl":{"start":{"line":19,"column":9},"end":{"line":19,"column":24}},"loc":{"start":{"line":19,"column":37},"end":{"line":48,"column":1}}},"1":{"name":"extractDate","decl":{"start":{"line":50,"column":9},"end":{"line":50,"column":20}},"loc":{"start":{"line":50,"column":33},"end":{"line":194,"column":1}}},"2":{"name":"(anonymous_9)","decl":{"start":{"line":55,"column":30},"end":{"line":55,"column":31}},"loc":{"start":{"line":55,"column":55},"end":{"line":81,"column":3}}},"3":{"name":"extractTime","decl":{"start":{"line":196,"column":9},"end":{"line":196,"column":20}},"loc":{"start":{"line":196,"column":33},"end":{"line":241,"column":1}}},"4":{"name":"extractRecurrence","decl":{"start":{"line":243,"column":9},"end":{"line":243,"column":26}},"loc":{"start":{"line":243,"column":39},"end":{"line":314,"column":1}}},"5":{"name":"extractTitle","decl":{"start":{"line":316,"column":9},"end":{"line":316,"column":21}},"loc":{"start":{"line":316,"column":34},"end":{"line":360,"column":1}}},"6":{"name":"POST","decl":{"start":{"line":362,"column":22},"end":{"line":362,"column":26}},"loc":{"start":{"line":362,"column":47},"end":{"line":403,"column":null}}}},"branchMap":{"0":{"loc":{"start":{"line":36,"column":4},"end":{"line":38,"column":null}},"type":"if","locations":[{"start":{"line":36,"column":4},"end":{"line":38,"column":null}},{"start":{},"end":{}}]},"1":{"loc":{"start":{"line":42,"column":4},"end":{"line":44,"column":null}},"type":"if","locations":[{"start":{"line":42,"column":4},"end":{"line":44,"column":null}},{"start":{},"end":{}}]},"2":{"loc":{"start":{"line":68,"column":6},"end":{"line":75,"column":null}},"type":"if","locations":[{"start":{"line":68,"column":6},"end":{"line":75,"column":null}},{"start":{},"end":{}}]},"3":{"loc":{"start":{"line":70,"column":24},"end":{"line":70,"column":57}},"type":"cond-expr","locations":[{"start":{"line":70,"column":35},"end":{"line":70,"column":53}},{"start":{"line":70,"column":56},"end":{"line":70,"column":57}}]},"4":{"loc":{"start":{"line":71,"column":8},"end":{"line":74,"column":null}},"type":"if","locations":[{"start":{"line":71,"column":8},"end":{"line":74,"column":null}},{"start":{},"end":{}}]},"5":{"loc":{"start":{"line":71,"column":12},"end":{"line":71,"column":70}},"type":"binary-expr","locations":[{"start":{"line":71,"column":12},"end":{"line":71,"column":22}},{"start":{"line":71,"column":26},"end":{"line":71,"column":37}},{"start":{"line":71,"column":41},"end":{"line":71,"column":53}},{"start":{"line":71,"column":57},"end":{"line":71,"column":70}}]},"6":{"loc":{"start":{"line":84,"column":2},"end":{"line":87,"column":null}},"type":"if","locations":[{"start":{"line":84,"column":2},"end":{"line":87,"column":null}},{"start":{},"end":{}}]},"7":{"loc":{"start":{"line":90,"column":2},"end":{"line":94,"column":null}},"type":"if","locations":[{"start":{"line":90,"column":2},"end":{"line":94,"column":null}},{"start":{},"end":{}}]},"8":{"loc":{"start":{"line":90,"column":6},"end":{"line":90,"column":66}},"type":"binary-expr","locations":[{"start":{"line":90,"column":6},"end":{"line":90,"column":34}},{"start":{"line":90,"column":38},"end":{"line":90,"column":66}}]},"9":{"loc":{"start":{"line":110,"column":4},"end":{"line":119,"column":null}},"type":"if","locations":[{"start":{"line":110,"column":4},"end":{"line":119,"column":null}},{"start":{},"end":{}}]},"10":{"loc":{"start":{"line":113,"column":6},"end":{"line":115,"column":null}},"type":"if","locations":[{"start":{"line":113,"column":6},"end":{"line":115,"column":null}},{"start":{},"end":{}}]},"11":{"loc":{"start":{"line":123,"column":2},"end":{"line":127,"column":null}},"type":"if","locations":[{"start":{"line":123,"column":2},"end":{"line":127,"column":null}},{"start":{},"end":{}}]},"12":{"loc":{"start":{"line":123,"column":6},"end":{"line":123,"column":82}},"type":"binary-expr","locations":[{"start":{"line":123,"column":6},"end":{"line":123,"column":42}},{"start":{"line":123,"column":46},"end":{"line":123,"column":82}}]},"13":{"loc":{"start":{"line":137,"column":4},"end":{"line":190,"column":null}},"type":"if","locations":[{"start":{"line":137,"column":4},"end":{"line":190,"column":null}},{"start":{},"end":{}}]},"14":{"loc":{"start":{"line":138,"column":6},"end":{"line":189,"column":null}},"type":"if","locations":[{"start":{"line":138,"column":6},"end":{"line":189,"column":null}},{"start":{"line":151,"column":13},"end":{"line":189,"column":null}}]},"15":{"loc":{"start":{"line":142,"column":21},"end":{"line":142,"column":70}},"type":"cond-expr","locations":[{"start":{"line":142,"column":32},"end":{"line":142,"column":50}},{"start":{"line":142,"column":53},"end":{"line":142,"column":70}}]},"16":{"loc":{"start":{"line":145,"column":8},"end":{"line":147,"column":null}},"type":"if","locations":[{"start":{"line":145,"column":8},"end":{"line":147,"column":null}},{"start":{},"end":{}}]},"17":{"loc":{"start":{"line":151,"column":13},"end":{"line":189,"column":null}},"type":"if","locations":[{"start":{"line":151,"column":13},"end":{"line":189,"column":null}},{"start":{},"end":{}}]},"18":{"loc":{"start":{"line":158,"column":8},"end":{"line":169,"column":null}},"type":"if","locations":[{"start":{"line":158,"column":8},"end":{"line":169,"column":null}},{"start":{},"end":{}}]},"19":{"loc":{"start":{"line":161,"column":10},"end":{"line":164,"column":null}},"type":"if","locations":[{"start":{"line":161,"column":10},"end":{"line":164,"column":null}},{"start":{},"end":{}}]},"20":{"loc":{"start":{"line":166,"column":10},"end":{"line":168,"column":null}},"type":"if","locations":[{"start":{"line":166,"column":10},"end":{"line":168,"column":null}},{"start":{},"end":{}}]},"21":{"loc":{"start":{"line":175,"column":8},"end":{"line":186,"column":null}},"type":"if","locations":[{"start":{"line":175,"column":8},"end":{"line":186,"column":null}},{"start":{},"end":{}}]},"22":{"loc":{"start":{"line":177,"column":10},"end":{"line":180,"column":null}},"type":"if","locations":[{"start":{"line":177,"column":10},"end":{"line":180,"column":null}},{"start":{},"end":{}}]},"23":{"loc":{"start":{"line":182,"column":10},"end":{"line":184,"column":null}},"type":"if","locations":[{"start":{"line":182,"column":10},"end":{"line":184,"column":null}},{"start":{},"end":{}}]},"24":{"loc":{"start":{"line":211,"column":4},"end":{"line":214,"column":null}},"type":"if","locations":[{"start":{"line":211,"column":4},"end":{"line":214,"column":null}},{"start":{},"end":{}}]},"25":{"loc":{"start":{"line":232,"column":2},"end":{"line":238,"column":null}},"type":"if","locations":[{"start":{"line":232,"column":2},"end":{"line":238,"column":null}},{"start":{},"end":{}}]},"26":{"loc":{"start":{"line":234,"column":6},"end":{"line":236,"column":null}},"type":"if","locations":[{"start":{"line":234,"column":6},"end":{"line":236,"column":null}},{"start":{},"end":{}}]},"27":{"loc":{"start":{"line":240,"column":9},"end":{"line":240,"column":36}},"type":"cond-expr","locations":[{"start":{"line":240,"column":17},"end":{"line":240,"column":29}},{"start":{"line":240,"column":32},"end":{"line":240,"column":36}}]},"28":{"loc":{"start":{"line":284,"column":4},"end":{"line":286,"column":null}},"type":"if","locations":[{"start":{"line":284,"column":4},"end":{"line":286,"column":null}},{"start":{},"end":{}}]},"29":{"loc":{"start":{"line":290,"column":4},"end":{"line":292,"column":null}},"type":"if","locations":[{"start":{"line":290,"column":4},"end":{"line":292,"column":null}},{"start":{},"end":{}}]},"30":{"loc":{"start":{"line":296,"column":4},"end":{"line":298,"column":null}},"type":"if","locations":[{"start":{"line":296,"column":4},"end":{"line":298,"column":null}},{"start":{},"end":{}}]},"31":{"loc":{"start":{"line":302,"column":4},"end":{"line":304,"column":null}},"type":"if","locations":[{"start":{"line":302,"column":4},"end":{"line":304,"column":null}},{"start":{},"end":{}}]},"32":{"loc":{"start":{"line":308,"column":4},"end":{"line":310,"column":null}},"type":"if","locations":[{"start":{"line":308,"column":4},"end":{"line":310,"column":null}},{"start":{},"end":{}}]},"33":{"loc":{"start":{"line":350,"column":2},"end":{"line":352,"column":null}},"type":"if","locations":[{"start":{"line":350,"column":2},"end":{"line":352,"column":null}},{"start":{},"end":{}}]},"34":{"loc":{"start":{"line":355,"column":2},"end":{"line":357,"column":null}},"type":"if","locations":[{"start":{"line":355,"column":2},"end":{"line":357,"column":null}},{"start":{},"end":{}}]},"35":{"loc":{"start":{"line":356,"column":37},"end":{"line":356,"column":66}},"type":"cond-expr","locations":[{"start":{"line":356,"column":56},"end":{"line":356,"column":61}},{"start":{"line":356,"column":64},"end":{"line":356,"column":66}}]},"36":{"loc":{"start":{"line":367,"column":4},"end":{"line":374,"column":null}},"type":"if","locations":[{"start":{"line":367,"column":4},"end":{"line":374,"column":null}},{"start":{},"end":{}}]},"37":{"loc":{"start":{"line":367,"column":8},"end":{"line":367,"column":49}},"type":"binary-expr","locations":[{"start":{"line":367,"column":8},"end":{"line":367,"column":17}},{"start":{"line":367,"column":21},"end":{"line":367,"column":49}}]}},"s":{"0":0,"1":0,"2":0,"3":0,"4":0,"5":0,"6":0,"7":0,"8":0,"9":0,"10":0,"11":0,"12":0,"13":0,"14":0,"15":0,"16":0,"17":0,"18":0,"19":0,"20":0,"21":0,"22":0,"23":0,"24":0,"25":0,"26":0,"27":0,"28":0,"29":0,"30":0,"31":0,"32":0,"33":0,"34":0,"35":0,"36":0,"37":0,"38":0,"39":0,"40":0,"41":0,"42":0,"43":0,"44":0,"45":0,"46":0,"47":0,"48":0,"49":0,"50":0,"51":0,"52":0,"53":0,"54":0,"55":0,"56":0,"57":0,"58":0,"59":0,"60":0,"61":0,"62":0,"63":0,"64":0,"65":0,"66":0,"67":0,"68":0,"69":0,"70":0,"71":0,"72":0,"73":0,"74":0,"75":0,"76":0,"77":0,"78":0,"79":0,"80":0,"81":0,"82":0,"83":0,"84":0,"85":0,"86":0,"87":0,"88":0,"89":0,"90":0,"91":0,"92":0,"93":0,"94":0,"95":0,"96":0,"97":0,"98":0,"99":0,"100":0,"101":0,"102":0,"103":0,"104":0,"105":0,"106":0,"107":0,"108":0,"109":0,"110":0,"111":0,"112":0,"113":0,"114":0,"115":0,"116":0,"117":0,"118":0,"119":0,"120":0,"121":0,"122":0,"123":0,"124":0,"125":0,"126":0,"127":0,"128":0,"129":0,"130":0,"131":0,"132":0,"133":0,"134":0,"135":0,"136":0,"137":0,"138":0},"f":{"0":0,"1":0,"2":0,"3":0,"4":0,"5":0,"6":0},"b":{"0":[0,0],"1":[0,0],"2":[0,0],"3":[0,0],"4":[0,0],"5":[0,0,0,0],"6":[0,0],"7":[0,0],"8":[0,0],"9":[0,0],"10":[0,0],"11":[0,0],"12":[0,0],"13":[0,0],"14":[0,0],"15":[0,0],"16":[0,0],"17":[0,0],"18":[0,0],"19":[0,0],"20":[0,0],"21":[0,0],"22":[0,0],"23":[0,0],"24":[0,0],"25":[0,0],"26":[0,0],"27":[0,0],"28":[0,0],"29":[0,0],"30":[0,0],"31":[0,0],"32":[0,0],"33":[0,0],"34":[0,0],"35":[0,0],"36":[0,0],"37":[0,0]}}
,"/home/runner/work/gerenciador-de-tempo/gerenciador-de-tempo/src/app/api/tasks/route.ts": {"path":"/home/runner/work/gerenciador-de-tempo/gerenciador-de-tempo/src/app/api/tasks/route.ts","statementMap":{"0":{"start":{"line":1,"column":0},"end":{"line":1,"column":56}},"1":{"start":{"line":2,"column":0},"end":{"line":2,"column":45}},"2":{"start":{"line":3,"column":0},"end":{"line":3,"column":48}},"3":{"start":{"line":4,"column":0},"end":{"line":4,"column":77}},"4":{"start":{"line":5,"column":0},"end":{"line":5,"column":69}},"5":{"start":{"line":9,"column":2},"end":{"line":28,"column":null}},"6":{"start":{"line":10,"column":20},"end":{"line":10,"column":55}},"7":{"start":{"line":12,"column":4},"end":{"line":14,"column":null}},"8":{"start":{"line":13,"column":6},"end":{"line":13,"column":75}},"9":{"start":{"line":16,"column":4},"end":{"line":21,"column":null}},"10":{"start":{"line":17,"column":6},"end":{"line":20,"column":9}},"11":{"start":{"line":23,"column":18},"end":{"line":23,"column":67}},"12":{"start":{"line":24,"column":4},"end":{"line":24,"column":40}},"13":{"start":{"line":26,"column":4},"end":{"line":26,"column":50}},"14":{"start":{"line":27,"column":4},"end":{"line":27,"column":82}},"15":{"start":{"line":8,"column":0},"end":{"line":8,"column":22}},"16":{"start":{"line":33,"column":2},"end":{"line":86,"column":null}},"17":{"start":{"line":34,"column":20},"end":{"line":34,"column":55}},"18":{"start":{"line":36,"column":4},"end":{"line":38,"column":null}},"19":{"start":{"line":37,"column":6},"end":{"line":37,"column":75}},"20":{"start":{"line":40,"column":4},"end":{"line":45,"column":null}},"21":{"start":{"line":41,"column":6},"end":{"line":44,"column":26}},"22":{"start":{"line":47,"column":17},"end":{"line":47,"column":37}},"23":{"start":{"line":48,"column":121},"end":{"line":48,"column":125}},"24":{"start":{"line":50,"column":4},"end":{"line":52,"column":null}},"25":{"start":{"line":51,"column":6},"end":{"line":51,"column":80}},"26":{"start":{"line":55,"column":27},"end":{"line":55,"column":57}},"27":{"start":{"line":56,"column":4},"end":{"line":60,"column":null}},"28":{"start":{"line":57,"column":6},"end":{"line":59,"column":26}},"29":{"start":{"line":62,"column":17},"end":{"line":76,"column":6}},"30":{"start":{"line":78,"column":4},"end":{"line":80,"column":null}},"31":{"start":{"line":79,"column":6},"end":{"line":79,"column":84}},"32":{"start":{"line":82,"column":4},"end":{"line":82,"column":56}},"33":{"start":{"line":84,"column":4},"end":{"line":84,"column":49}},"34":{"start":{"line":85,"column":4},"end":{"line":85,"column":82}},"35":{"start":{"line":32,"column":0},"end":{"line":32,"column":22}},"36":{"start":{"line":91,"column":2},"end":{"line":145,"column":null}},"37":{"start":{"line":92,"column":20},"end":{"line":92,"column":55}},"38":{"start":{"line":94,"column":4},"end":{"line":96,"column":null}},"39":{"start":{"line":95,"column":6},"end":{"line":95,"column":75}},"40":{"start":{"line":98,"column":4},"end":{"line":103,"column":null}},"41":{"start":{"line":99,"column":6},"end":{"line":102,"column":26}},"42":{"start":{"line":105,"column":17},"end":{"line":105,"column":37}},"43":{"start":{"line":106,"column":31},"end":{"line":106,"column":35}},"44":{"start":{"line":106,"column":26},"end":{"line":106,"column":31}},"45":{"start":{"line":108,"column":4},"end":{"line":110,"column":null}},"46":{"start":{"line":109,"column":6},"end":{"line":109,"column":82}},"47":{"start":{"line":113,"column":4},"end":{"line":120,"column":null}},"48":{"start":{"line":114,"column":29},"end":{"line":114,"column":67}},"49":{"start":{"line":115,"column":6},"end":{"line":119,"column":null}},"50":{"start":{"line":116,"column":8},"end":{"line":118,"column":28}},"51":{"start":{"line":123,"column":47},"end":{"line":123,"column":49}},"52":{"start":{"line":124,"column":4},"end":{"line":124,"column":69}},"53":{"start":{"line":124,"column":37},"end":{"line":124,"column":69}},"54":{"start":{"line":125,"column":4},"end":{"line":125,"column":87}},"55":{"start":{"line":125,"column":43},"end":{"line":125,"column":87}},"56":{"start":{"line":126,"column":4},"end":{"line":126,"column":78}},"57":{"start":{"line":126,"column":40},"end":{"line":126,"column":78}},"58":{"start":{"line":127,"column":4},"end":{"line":127,"column":94}},"59":{"start":{"line":127,"column":45},"end":{"line":127,"column":94}},"60":{"start":{"line":128,"column":4},"end":{"line":128,"column":76}},"61":{"start":{"line":128,"column":39},"end":{"line":128,"column":76}},"62":{"start":{"line":129,"column":4},"end":{"line":129,"column":81}},"63":{"start":{"line":129,"column":41},"end":{"line":129,"column":81}},"64":{"start":{"line":130,"column":4},"end":{"line":130,"column":78}},"65":{"start":{"line":130,"column":40},"end":{"line":130,"column":78}},"66":{"start":{"line":131,"column":4},"end":{"line":131,"column":66}},"67":{"start":{"line":131,"column":36},"end":{"line":131,"column":66}},"68":{"start":{"line":132,"column":4},"end":{"line":132,"column":88}},"69":{"start":{"line":132,"column":43},"end":{"line":132,"column":88}},"70":{"start":{"line":133,"column":4},"end":{"line":133,"column":106}},"71":{"start":{"line":133,"column":49},"end":{"line":133,"column":106}},"72":{"start":{"line":135,"column":17},"end":{"line":135,"column":83}},"73":{"start":{"line":137,"column":4},"end":{"line":139,"column":null}},"74":{"start":{"line":138,"column":6},"end":{"line":138,"column":84}},"75":{"start":{"line":141,"column":4},"end":{"line":141,"column":39}},"76":{"start":{"line":143,"column":4},"end":{"line":143,"column":49}},"77":{"start":{"line":144,"column":4},"end":{"line":144,"column":82}},"78":{"start":{"line":90,"column":0},"end":{"line":90,"column":22}},"79":{"start":{"line":150,"column":2},"end":{"line":181,"column":null}},"80":{"start":{"line":151,"column":20},"end":{"line":151,"column":55}},"81":{"start":{"line":153,"column":4},"end":{"line":155,"column":null}},"82":{"start":{"line":154,"column":6},"end":{"line":154,"column":75}},"83":{"start":{"line":157,"column":4},"end":{"line":162,"column":null}},"84":{"start":{"line":158,"column":6},"end":{"line":161,"column":26}},"85":{"start":{"line":164,"column":29},"end":{"line":164,"column":49}},"86":{"start":{"line":165,"column":15},"end":{"line":165,"column":37}},"87":{"start":{"line":167,"column":4},"end":{"line":169,"column":null}},"88":{"start":{"line":168,"column":6},"end":{"line":168,"column":82}},"89":{"start":{"line":171,"column":20},"end":{"line":171,"column":75}},"90":{"start":{"line":173,"column":4},"end":{"line":175,"column":null}},"91":{"start":{"line":174,"column":6},"end":{"line":174,"column":84}},"92":{"start":{"line":177,"column":4},"end":{"line":177,"column":48}},"93":{"start":{"line":179,"column":4},"end":{"line":179,"column":49}},"94":{"start":{"line":180,"column":4},"end":{"line":180,"column":82}},"95":{"start":{"line":149,"column":0},"end":{"line":149,"column":22}}},"fnMap":{"0":{"name":"GET","decl":{"start":{"line":8,"column":22},"end":{"line":8,"column":25}},"loc":{"start":{"line":8,"column":25},"end":{"line":29,"column":null}}},"1":{"name":"POST","decl":{"start":{"line":32,"column":22},"end":{"line":32,"column":26}},"loc":{"start":{"line":32,"column":47},"end":{"line":87,"column":null}}},"2":{"name":"PUT","decl":{"start":{"line":90,"column":22},"end":{"line":90,"column":25}},"loc":{"start":{"line":90,"column":46},"end":{"line":146,"column":null}}},"3":{"name":"DELETE","decl":{"start":{"line":149,"column":22},"end":{"line":149,"column":28}},"loc":{"start":{"line":149,"column":49},"end":{"line":182,"column":null}}}},"branchMap":{"0":{"loc":{"start":{"line":12,"column":4},"end":{"line":14,"column":null}},"type":"if","locations":[{"start":{"line":12,"column":4},"end":{"line":14,"column":null}},{"start":{},"end":{}}]},"1":{"loc":{"start":{"line":12,"column":9},"end":{"line":12,"column":29}},"type":"cond-expr","locations":[{"start":{"line":12,"column":22},"end":{"line":12,"column":24}},{"start":{"line":12,"column":22},"end":{"line":12,"column":29}}]},"2":{"loc":{"start":{"line":12,"column":9},"end":{"line":12,"column":24}},"type":"binary-expr","locations":[{"start":{"line":12,"column":9},"end":{"line":12,"column":24}},{"start":{"line":12,"column":22},"end":{"line":12,"column":24}}]},"3":{"loc":{"start":{"line":12,"column":9},"end":{"line":12,"column":22}},"type":"cond-expr","locations":[{"start":{"line":12,"column":16},"end":{"line":12,"column":18}},{"start":{"line":12,"column":9},"end":{"line":12,"column":22}}]},"4":{"loc":{"start":{"line":12,"column":9},"end":{"line":12,"column":18}},"type":"binary-expr","locations":[{"start":{"line":12,"column":9},"end":{"line":12,"column":18}},{"start":{"line":12,"column":9},"end":{"line":12,"column":18}}]},"5":{"loc":{"start":{"line":16,"column":4},"end":{"line":21,"column":null}},"type":"if","locations":[{"start":{"line":16,"column":4},"end":{"line":21,"column":null}},{"start":{},"end":{}}]},"6":{"loc":{"start":{"line":36,"column":4},"end":{"line":38,"column":null}},"type":"if","locations":[{"start":{"line":36,"column":4},"end":{"line":38,"column":null}},{"start":{},"end":{}}]},"7":{"loc":{"start":{"line":36,"column":9},"end":{"line":36,"column":29}},"type":"cond-expr","locations":[{"start":{"line":36,"column":22},"end":{"line":36,"column":24}},{"start":{"line":36,"column":22},"end":{"line":36,"column":29}}]},"8":{"loc":{"start":{"line":36,"column":9},"end":{"line":36,"column":24}},"type":"binary-expr","locations":[{"start":{"line":36,"column":9},"end":{"line":36,"column":24}},{"start":{"line":36,"column":22},"end":{"line":36,"column":24}}]},"9":{"loc":{"start":{"line":36,"column":9},"end":{"line":36,"column":22}},"type":"cond-expr","locations":[{"start":{"line":36,"column":16},"end":{"line":36,"column":18}},{"start":{"line":36,"column":9},"end":{"line":36,"column":22}}]},"10":{"loc":{"start":{"line":36,"column":9},"end":{"line":36,"column":18}},"type":"binary-expr","locations":[{"start":{"line":36,"column":9},"end":{"line":36,"column":18}},{"start":{"line":36,"column":9},"end":{"line":36,"column":18}}]},"11":{"loc":{"start":{"line":40,"column":4},"end":{"line":45,"column":null}},"type":"if","locations":[{"start":{"line":40,"column":4},"end":{"line":45,"column":null}},{"start":{},"end":{}}]},"12":{"loc":{"start":{"line":50,"column":4},"end":{"line":52,"column":null}},"type":"if","locations":[{"start":{"line":50,"column":4},"end":{"line":52,"column":null}},{"start":{},"end":{}}]},"13":{"loc":{"start":{"line":56,"column":4},"end":{"line":60,"column":null}},"type":"if","locations":[{"start":{"line":56,"column":4},"end":{"line":60,"column":null}},{"start":{},"end":{}}]},"14":{"loc":{"start":{"line":58,"column":15},"end":{"line":58,"column":103}},"type":"binary-expr","locations":[{"start":{"line":58,"column":15},"end":{"line":58,"column":35}},{"start":{"line":58,"column":39},"end":{"line":58,"column":103}}]},"15":{"loc":{"start":{"line":66,"column":19},"end":{"line":66,"column":36}},"type":"binary-expr","locations":[{"start":{"line":66,"column":19},"end":{"line":66,"column":30}},{"start":{"line":66,"column":34},"end":{"line":66,"column":36}}]},"16":{"loc":{"start":{"line":67,"column":16},"end":{"line":67,"column":36}},"type":"binary-expr","locations":[{"start":{"line":67,"column":16},"end":{"line":67,"column":24}},{"start":{"line":67,"column":28},"end":{"line":67,"column":36}}]},"17":{"loc":{"start":{"line":68,"column":22},"end":{"line":68,"column":43}},"type":"binary-expr","locations":[{"start":{"line":68,"column":22},"end":{"line":68,"column":35}},{"start":{"line":68,"column":39},"end":{"line":68,"column":43}}]},"18":{"loc":{"start":{"line":69,"column":16},"end":{"line":69,"column":31}},"type":"binary-expr","locations":[{"start":{"line":69,"column":16},"end":{"line":69,"column":23}},{"start":{"line":69,"column":27},"end":{"line":69,"column":31}}]},"19":{"loc":{"start":{"line":71,"column":16},"end":{"line":71,"column":32}},"type":"binary-expr","locations":[{"start":{"line":71,"column":16},"end":{"line":71,"column":24}},{"start":{"line":71,"column":28},"end":{"line":71,"column":32}}]},"20":{"loc":{"start":{"line":72,"column":12},"end":{"line":72,"column":22}},"type":"binary-expr","locations":[{"start":{"line":72,"column":12},"end":{"line":72,"column":16}},{"start":{"line":72,"column":20},"end":{"line":72,"column":22}}]},"21":{"loc":{"start":{"line":73,"column":20},"end":{"line":73,"column":40}},"type":"binary-expr","locations":[{"start":{"line":73,"column":20},"end":{"line":73,"column":31}},{"start":{"line":73,"column":35},"end":{"line":73,"column":40}}]},"22":{"loc":{"start":{"line":74,"column":26},"end":{"line":74,"column":51}},"type":"binary-expr","locations":[{"start":{"line":74,"column":26},"end":{"line":74,"column":43}},{"start":{"line":74,"column":47},"end":{"line":74,"column":51}}]},"23":{"loc":{"start":{"line":78,"column":4},"end":{"line":80,"column":null}},"type":"if","locations":[{"start":{"line":78,"column":4},"end":{"line":80,"column":null}},{"start":{},"end":{}}]},"24":{"loc":{"start":{"line":94,"column":4},"end":{"line":96,"column":null}},"type":"if","locations":[{"start":{"line":94,"column":4},"end":{"line":96,"column":null}},{"start":{},"end":{}}]},"25":{"loc":{"start":{"line":94,"column":9},"end":{"line":94,"column":29}},"type":"cond-expr","locations":[{"start":{"line":94,"column":22},"end":{"line":94,"column":24}},{"start":{"line":94,"column":22},"end":{"line":94,"column":29}}]},"26":{"loc":{"start":{"line":94,"column":9},"end":{"line":94,"column":24}},"type":"binary-expr","locations":[{"start":{"line":94,"column":9},"end":{"line":94,"column":24}},{"start":{"line":94,"column":22},"end":{"line":94,"column":24}}]},"27":{"loc":{"start":{"line":94,"column":9},"end":{"line":94,"column":22}},"type":"cond-expr","locations":[{"start":{"line":94,"column":16},"end":{"line":94,"column":18}},{"start":{"line":94,"column":9},"end":{"line":94,"column":22}}]},"28":{"loc":{"start":{"line":94,"column":9},"end":{"line":94,"column":18}},"type":"binary-expr","locations":[{"start":{"line":94,"column":9},"end":{"line":94,"column":18}},{"start":{"line":94,"column":9},"end":{"line":94,"column":18}}]},"29":{"loc":{"start":{"line":98,"column":4},"end":{"line":103,"column":null}},"type":"if","locations":[{"start":{"line":98,"column":4},"end":{"line":103,"column":null}},{"start":{},"end":{}}]},"30":{"loc":{"start":{"line":108,"column":4},"end":{"line":110,"column":null}},"type":"if","locations":[{"start":{"line":108,"column":4},"end":{"line":110,"column":null}},{"start":{},"end":{}}]},"31":{"loc":{"start":{"line":113,"column":4},"end":{"line":120,"column":null}},"type":"if","locations":[{"start":{"line":113,"column":4},"end":{"line":120,"column":null}},{"start":{},"end":{}}]},"32":{"loc":{"start":{"line":115,"column":6},"end":{"line":119,"column":null}},"type":"if","locations":[{"start":{"line":115,"column":6},"end":{"line":119,"column":null}},{"start":{},"end":{}}]},"33":{"loc":{"start":{"line":117,"column":17},"end":{"line":117,"column":105}},"type":"binary-expr","locations":[{"start":{"line":117,"column":17},"end":{"line":117,"column":37}},{"start":{"line":117,"column":41},"end":{"line":117,"column":105}}]},"34":{"loc":{"start":{"line":124,"column":4},"end":{"line":124,"column":69}},"type":"if","locations":[{"start":{"line":124,"column":4},"end":{"line":124,"column":69}},{"start":{},"end":{}}]},"35":{"loc":{"start":{"line":125,"column":4},"end":{"line":125,"column":87}},"type":"if","locations":[{"start":{"line":125,"column":4},"end":{"line":125,"column":87}},{"start":{},"end":{}}]},"36":{"loc":{"start":{"line":126,"column":4},"end":{"line":126,"column":78}},"type":"if","locations":[{"start":{"line":126,"column":4},"end":{"line":126,"column":78}},{"start":{},"end":{}}]},"37":{"loc":{"start":{"line":127,"column":4},"end":{"line":127,"column":94}},"type":"if","locations":[{"start":{"line":127,"column":4},"end":{"line":127,"column":94}},{"start":{},"end":{}}]},"38":{"loc":{"start":{"line":128,"column":4},"end":{"line":128,"column":76}},"type":"if","locations":[{"start":{"line":128,"column":4},"end":{"line":128,"column":76}},{"start":{},"end":{}}]},"39":{"loc":{"start":{"line":129,"column":4},"end":{"line":129,"column":81}},"type":"if","locations":[{"start":{"line":129,"column":4},"end":{"line":129,"column":81}},{"start":{},"end":{}}]},"40":{"loc":{"start":{"line":130,"column":4},"end":{"line":130,"column":78}},"type":"if","locations":[{"start":{"line":130,"column":4},"end":{"line":130,"column":78}},{"start":{},"end":{}}]},"41":{"loc":{"start":{"line":131,"column":4},"end":{"line":131,"column":66}},"type":"if","locations":[{"start":{"line":131,"column":4},"end":{"line":131,"column":66}},{"start":{},"end":{}}]},"42":{"loc":{"start":{"line":132,"column":4},"end":{"line":132,"column":88}},"type":"if","locations":[{"start":{"line":132,"column":4},"end":{"line":132,"column":88}},{"start":{},"end":{}}]},"43":{"loc":{"start":{"line":133,"column":4},"end":{"line":133,"column":106}},"type":"if","locations":[{"start":{"line":133,"column":4},"end":{"line":133,"column":106}},{"start":{},"end":{}}]},"44":{"loc":{"start":{"line":137,"column":4},"end":{"line":139,"column":null}},"type":"if","locations":[{"start":{"line":137,"column":4},"end":{"line":139,"column":null}},{"start":{},"end":{}}]},"45":{"loc":{"start":{"line":153,"column":4},"end":{"line":155,"column":null}},"type":"if","locations":[{"start":{"line":153,"column":4},"end":{"line":155,"column":null}},{"start":{},"end":{}}]},"46":{"loc":{"start":{"line":153,"column":9},"end":{"line":153,"column":29}},"type":"cond-expr","locations":[{"start":{"line":153,"column":22},"end":{"line":153,"column":24}},{"start":{"line":153,"column":22},"end":{"line":153,"column":29}}]},"47":{"loc":{"start":{"line":153,"column":9},"end":{"line":153,"column":24}},"type":"binary-expr","locations":[{"start":{"line":153,"column":9},"end":{"line":153,"column":24}},{"start":{"line":153,"column":22},"end":{"line":153,"column":24}}]},"48":{"loc":{"start":{"line":153,"column":9},"end":{"line":153,"column":22}},"type":"cond-expr","locations":[{"start":{"line":153,"column":16},"end":{"line":153,"column":18}},{"start":{"line":153,"column":9},"end":{"line":153,"column":22}}]},"49":{"loc":{"start":{"line":153,"column":9},"end":{"line":153,"column":18}},"type":"binary-expr","locations":[{"start":{"line":153,"column":9},"end":{"line":153,"column":18}},{"start":{"line":153,"column":9},"end":{"line":153,"column":18}}]},"50":{"loc":{"start":{"line":157,"column":4},"end":{"line":162,"column":null}},"type":"if","locations":[{"start":{"line":157,"column":4},"end":{"line":162,"column":null}},{"start":{},"end":{}}]},"51":{"loc":{"start":{"line":167,"column":4},"end":{"line":169,"column":null}},"type":"if","locations":[{"start":{"line":167,"column":4},"end":{"line":169,"column":null}},{"start":{},"end":{}}]},"52":{"loc":{"start":{"line":173,"column":4},"end":{"line":175,"column":null}},"type":"if","locations":[{"start":{"line":173,"column":4},"end":{"line":175,"column":null}},{"start":{},"end":{}}]}},"s":{"0":0,"1":0,"2":0,"3":0,"4":0,"5":0,"6":0,"7":0,"8":0,"9":0,"10":0,"11":0,"12":0,"13":0,"14":0,"15":0,"16":0,"17":0,"18":0,"19":0,"20":0,"21":0,"22":0,"23":0,"24":0,"25":0,"26":0,"27":0,"28":0,"29":0,"30":0,"31":0,"32":0,"33":0,"34":0,"35":0,"36":0,"37":0,"38":0,"39":0,"40":0,"41":0,"42":0,"43":0,"44":0,"45":0,"46":0,"47":0,"48":0,"49":0,"50":0,"51":0,"52":0,"53":0,"54":0,"55":0,"56":0,"57":0,"58":0,"59":0,"60":0,"61":0,"62":0,"63":0,"64":0,"65":0,"66":0,"67":0,"68":0,"69":0,"70":0,"71":0,"72":0,"73":0,"74":0,"75":0,"76":0,"77":0,"78":0,"79":0,"80":0,"81":0,"82":0,"83":0,"84":0,"85":0,"86":0,"87":0,"88":0,"89":0,"90":0,"91":0,"92":0,"93":0,"94":0,"95":0},"f":{"0":0,"1":0,"2":0,"3":0},"b":{"0":[0,0],"1":[0,0],"2":[0,0],"3":[0,0],"4":[0,0],"5":[0,0],"6":[0,0],"7":[0,0],"8":[0,0],"9":[0,0],"10":[0,0],"11":[0,0],"12":[0,0],"13":[0,0],"14":[0,0],"15":[0,0],"16":[0,0],"17":[0,0],"18":[0,0],"19":[0,0],"20":[0,0],"21":[0,0],"22":[0,0],"23":[0,0],"24":[0,0],"25":[0,0],"26":[0,0],"27":[0,0],"28":[0,0],"29":[0,0],"30":[0,0],"31":[0,0],"32":[0,0],"33":[0,0],"34":[0,0],"35":[0,0],"36":[0,0],"37":[0,0],"38":[0,0],"39":[0,0],"40":[0,0],"41":[0,0],"42":[0,0],"43":[0,0],"44":[0,0],"45":[0,0],"46":[0,0],"47":[0,0],"48":[0,0],"49":[0,0],"50":[0,0],"51":[0,0],"52":[0,0]}}
,"/home/runner/work/gerenciador-de-tempo/gerenciador-de-tempo/src/app/dashboard/page.tsx": {"path":"/home/runner/work/gerenciador-de-tempo/gerenciador-de-tempo/src/app/dashboard/page.tsx","statementMap":{"0":{"start":{"line":3,"column":0},"end":{"line":3,"column":64}},"1":{"start":{"line":4,"column":0},"end":{"line":4,"column":53}},"2":{"start":{"line":5,"column":0},"end":{"line":5,"column":43}},"3":{"start":{"line":6,"column":0},"end":{"line":6,"column":30}},"4":{"start":{"line":7,"column":0},"end":{"line":7,"column":null}},"5":{"start":{"line":35,"column":0},"end":{"line":35,"column":99}},"6":{"start":{"line":38,"column":39},"end":{"line":38,"column":41}},"7":{"start":{"line":39,"column":30},"end":{"line":39,"column":34}},"8":{"start":{"line":40,"column":41},"end":{"line":40,"column":43}},"9":{"start":{"line":41,"column":30},"end":{"line":41,"column":32}},"10":{"start":{"line":42,"column":30},"end":{"line":42,"column":56}},"11":{"start":{"line":45,"column":19},"end":{"line":52,"column":2}},"12":{"start":{"line":89,"column":31},"end":{"line":98,"column":1}},"13":{"start":{"line":90,"column":2},"end":{"line":90,"column":42}},"14":{"start":{"line":90,"column":30},"end":{"line":90,"column":42}},"15":{"start":{"line":91,"column":2},"end":{"line":93,"column":null}},"16":{"start":{"line":92,"column":4},"end":{"line":92,"column":17}},"17":{"start":{"line":94,"column":26},"end":{"line":94,"column":88}},"18":{"start":{"line":94,"column":43},"end":{"line":94,"column":88}},"19":{"start":{"line":95,"column":26},"end":{"line":95,"column":48}},"20":{"start":{"line":96,"column":25},"end":{"line":96,"column":53}},"21":{"start":{"line":97,"column":2},"end":{"line":97,"column":82}},"22":{"start":{"line":101,"column":36},"end":{"line":101,"column":48}},"23":{"start":{"line":102,"column":17},"end":{"line":102,"column":28}},"24":{"start":{"line":105,"column":21},"end":{"line":105,"column":36}},"25":{"start":{"line":106,"column":20},"end":{"line":106,"column":34}},"26":{"start":{"line":109,"column":2},"end":{"line":112,"column":24}},"27":{"start":{"line":110,"column":4},"end":{"line":110,"column":33}},"28":{"start":{"line":111,"column":4},"end":{"line":111,"column":31}},"29":{"start":{"line":115,"column":28},"end":{"line":115,"column":48}},"30":{"start":{"line":116,"column":40},"end":{"line":116,"column":66}},"31":{"start":{"line":117,"column":46},"end":{"line":117,"column":75}},"32":{"start":{"line":118,"column":40},"end":{"line":118,"column":52}},"33":{"start":{"line":119,"column":36},"end":{"line":119,"column":51}},"34":{"start":{"line":120,"column":36},"end":{"line":120,"column":51}},"35":{"start":{"line":123,"column":42},"end":{"line":123,"column":73}},"36":{"start":{"line":124,"column":52},"end":{"line":124,"column":83}},"37":{"start":{"line":125,"column":46},"end":{"line":125,"column":61}},"38":{"start":{"line":126,"column":42},"end":{"line":126,"column":71}},"39":{"start":{"line":129,"column":54},"end":{"line":129,"column":112}},"40":{"start":{"line":130,"column":38},"end":{"line":130,"column":58}},"41":{"start":{"line":131,"column":44},"end":{"line":131,"column":64}},"42":{"start":{"line":132,"column":50},"end":{"line":132,"column":70}},"43":{"start":{"line":133,"column":34},"end":{"line":133,"column":54}},"44":{"start":{"line":134,"column":44},"end":{"line":134,"column":73}},"45":{"start":{"line":135,"column":34},"end":{"line":135,"column":61}},"46":{"start":{"line":136,"column":36},"end":{"line":136,"column":73}},"47":{"start":{"line":137,"column":42},"end":{"line":137,"column":57}},"48":{"start":{"line":140,"column":27},"end":{"line":167,"column":8}},"49":{"start":{"line":140,"column":50},"end":{"line":167,"column":5}},"50":{"start":{"line":142,"column":4},"end":{"line":142,"column":133}},"51":{"start":{"line":143,"column":4},"end":{"line":146,"column":null}},"52":{"start":{"line":144,"column":6},"end":{"line":144,"column":69}},"53":{"start":{"line":145,"column":6},"end":{"line":145,"column":13}},"54":{"start":{"line":148,"column":4},"end":{"line":166,"column":null}},"55":{"start":{"line":149,"column":6},"end":{"line":149,"column":46}},"56":{"start":{"line":150,"column":23},"end":{"line":150,"column":55}},"57":{"start":{"line":151,"column":6},"end":{"line":151,"column":68}},"58":{"start":{"line":152,"column":6},"end":{"line":163,"column":null}},"59":{"start":{"line":153,"column":21},"end":{"line":153,"column":42}},"60":{"start":{"line":154,"column":8},"end":{"line":154,"column":41}},"61":{"start":{"line":155,"column":8},"end":{"line":155,"column":83}},"62":{"start":{"line":157,"column":8},"end":{"line":157,"column":72}},"63":{"start":{"line":159,"column":8},"end":{"line":162,"column":null}},"64":{"start":{"line":160,"column":10},"end":{"line":160,"column":68}},"65":{"start":{"line":161,"column":10},"end":{"line":161,"column":40}},"66":{"start":{"line":165,"column":6},"end":{"line":165,"column":59}},"67":{"start":{"line":170,"column":30},"end":{"line":197,"column":8}},"68":{"start":{"line":170,"column":53},"end":{"line":197,"column":5}},"69":{"start":{"line":172,"column":4},"end":{"line":172,"column":136}},"70":{"start":{"line":173,"column":4},"end":{"line":176,"column":null}},"71":{"start":{"line":174,"column":6},"end":{"line":174,"column":72}},"72":{"start":{"line":175,"column":6},"end":{"line":175,"column":13}},"73":{"start":{"line":178,"column":4},"end":{"line":196,"column":null}},"74":{"start":{"line":179,"column":6},"end":{"line":179,"column":49}},"75":{"start":{"line":180,"column":23},"end":{"line":180,"column":65}},"76":{"start":{"line":181,"column":6},"end":{"line":181,"column":71}},"77":{"start":{"line":182,"column":6},"end":{"line":193,"column":null}},"78":{"start":{"line":183,"column":21},"end":{"line":183,"column":42}},"79":{"start":{"line":184,"column":8},"end":{"line":184,"column":45}},"80":{"start":{"line":185,"column":8},"end":{"line":185,"column":87}},"81":{"start":{"line":187,"column":8},"end":{"line":187,"column":75}},"82":{"start":{"line":189,"column":8},"end":{"line":192,"column":null}},"83":{"start":{"line":190,"column":10},"end":{"line":190,"column":68}},"84":{"start":{"line":191,"column":10},"end":{"line":191,"column":40}},"85":{"start":{"line":195,"column":6},"end":{"line":195,"column":62}},"86":{"start":{"line":200,"column":25},"end":{"line":210,"column":4}},"87":{"start":{"line":200,"column":36},"end":{"line":210,"column":4}},"88":{"start":{"line":202,"column":4},"end":{"line":202,"column":90}},"89":{"start":{"line":202,"column":83},"end":{"line":202,"column":90}},"90":{"start":{"line":204,"column":4},"end":{"line":204,"column":23}},"91":{"start":{"line":205,"column":4},"end":{"line":209,"column":null}},"92":{"start":{"line":206,"column":6},"end":{"line":206,"column":69}},"93":{"start":{"line":208,"column":6},"end":{"line":208,"column":26}},"94":{"start":{"line":213,"column":2},"end":{"line":224,"column":9}},"95":{"start":{"line":214,"column":4},"end":{"line":223,"column":null}},"96":{"start":{"line":215,"column":25},"end":{"line":215,"column":64}},"97":{"start":{"line":216,"column":6},"end":{"line":222,"column":null}},"98":{"start":{"line":217,"column":8},"end":{"line":221,"column":null}},"99":{"start":{"line":218,"column":10},"end":{"line":218,"column":43}},"100":{"start":{"line":220,"column":10},"end":{"line":220,"column":69}},"101":{"start":{"line":227,"column":2},"end":{"line":231,"column":14}},"102":{"start":{"line":228,"column":4},"end":{"line":230,"column":null}},"103":{"start":{"line":229,"column":6},"end":{"line":229,"column":69}},"104":{"start":{"line":234,"column":2},"end":{"line":251,"column":71}},"105":{"start":{"line":236,"column":4},"end":{"line":238,"column":null}},"106":{"start":{"line":237,"column":6},"end":{"line":237,"column":13}},"107":{"start":{"line":241,"column":4},"end":{"line":244,"column":null}},"108":{"start":{"line":242,"column":6},"end":{"line":242,"column":23}},"109":{"start":{"line":243,"column":6},"end":{"line":243,"column":13}},"110":{"start":{"line":247,"column":4},"end":{"line":250,"column":null}},"111":{"start":{"line":248,"column":6},"end":{"line":248,"column":25}},"112":{"start":{"line":249,"column":6},"end":{"line":249,"column":28}},"113":{"start":{"line":254,"column":2},"end":{"line":267,"column":37}},"114":{"start":{"line":256,"column":4},"end":{"line":265,"column":null}},"115":{"start":{"line":257,"column":6},"end":{"line":259,"column":15}},"116":{"start":{"line":258,"column":8},"end":{"line":258,"column":44}},"117":{"start":{"line":258,"column":34},"end":{"line":258,"column":42}},"118":{"start":{"line":260,"column":11},"end":{"line":265,"column":null}},"119":{"start":{"line":261,"column":6},"end":{"line":261,"column":31}},"120":{"start":{"line":262,"column":6},"end":{"line":264,"column":null}},"121":{"start":{"line":263,"column":8},"end":{"line":263,"column":54}},"122":{"start":{"line":266,"column":4},"end":{"line":266,"column":41}},"123":{"start":{"line":266,"column":17},"end":{"line":266,"column":40}},"124":{"start":{"line":269,"column":20},"end":{"line":282,"column":4}},"125":{"start":{"line":269,"column":43},"end":{"line":282,"column":4}},"126":{"start":{"line":270,"column":4},"end":{"line":281,"column":null}},"127":{"start":{"line":271,"column":23},"end":{"line":275,"column":8}},"128":{"start":{"line":276,"column":6},"end":{"line":276,"column":64}},"129":{"start":{"line":276,"column":24},"end":{"line":276,"column":64}},"130":{"start":{"line":277,"column":6},"end":{"line":277,"column":35}},"131":{"start":{"line":279,"column":6},"end":{"line":279,"column":50}},"132":{"start":{"line":280,"column":6},"end":{"line":280,"column":18}},"133":{"start":{"line":284,"column":30},"end":{"line":323,"column":4}},"134":{"start":{"line":284,"column":51},"end":{"line":323,"column":4}},"135":{"start":{"line":286,"column":4},"end":{"line":289,"column":null}},"136":{"start":{"line":287,"column":6},"end":{"line":287,"column":70}},"137":{"start":{"line":288,"column":6},"end":{"line":288,"column":13}},"138":{"start":{"line":291,"column":4},"end":{"line":291,"column":30}},"139":{"start":{"line":291,"column":23},"end":{"line":291,"column":30}},"140":{"start":{"line":293,"column":4},"end":{"line":322,"column":null}},"141":{"start":{"line":294,"column":6},"end":{"line":294,"column":39}},"142":{"start":{"line":295,"column":24},"end":{"line":295,"column":46}},"143":{"start":{"line":296,"column":30},"end":{"line":296,"column":82}},"144":{"start":{"line":297,"column":22},"end":{"line":297,"column":81}},"145":{"start":{"line":299,"column":23},"end":{"line":308,"column":8}},"146":{"start":{"line":310,"column":6},"end":{"line":313,"column":null}},"147":{"start":{"line":311,"column":26},"end":{"line":311,"column":65}},"148":{"start":{"line":311,"column":61},"end":{"line":311,"column":63}},"149":{"start":{"line":312,"column":8},"end":{"line":312,"column":78}},"150":{"start":{"line":315,"column":6},"end":{"line":315,"column":39}},"151":{"start":{"line":316,"column":6},"end":{"line":316,"column":28}},"152":{"start":{"line":317,"column":6},"end":{"line":317,"column":77}},"153":{"start":{"line":317,"column":23},"end":{"line":317,"column":52}},"154":{"start":{"line":319,"column":6},"end":{"line":319,"column":61}},"155":{"start":{"line":320,"column":6},"end":{"line":320,"column":37}},"156":{"start":{"line":321,"column":6},"end":{"line":321,"column":77}},"157":{"start":{"line":321,"column":23},"end":{"line":321,"column":52}},"158":{"start":{"line":325,"column":27},"end":{"line":352,"column":4}},"159":{"start":{"line":325,"column":48},"end":{"line":352,"column":4}},"160":{"start":{"line":327,"column":4},"end":{"line":330,"column":null}},"161":{"start":{"line":328,"column":6},"end":{"line":328,"column":67}},"162":{"start":{"line":329,"column":6},"end":{"line":329,"column":18}},"163":{"start":{"line":332,"column":4},"end":{"line":350,"column":null}},"164":{"start":{"line":333,"column":23},"end":{"line":341,"column":8}},"165":{"start":{"line":343,"column":6},"end":{"line":347,"column":null}},"166":{"start":{"line":344,"column":21},"end":{"line":344,"column":42}},"167":{"start":{"line":345,"column":8},"end":{"line":345,"column":27}},"168":{"start":{"line":346,"column":8},"end":{"line":346,"column":25}},"169":{"start":{"line":349,"column":6},"end":{"line":349,"column":58}},"170":{"start":{"line":351,"column":4},"end":{"line":351,"column":16}},"171":{"start":{"line":354,"column":18},"end":{"line":402,"column":4}},"172":{"start":{"line":354,"column":29},"end":{"line":402,"column":4}},"173":{"start":{"line":355,"column":4},"end":{"line":355,"column":36}},"174":{"start":{"line":355,"column":29},"end":{"line":355,"column":36}},"175":{"start":{"line":357,"column":4},"end":{"line":357,"column":23}},"176":{"start":{"line":359,"column":23},"end":{"line":359,"column":51}},"177":{"start":{"line":360,"column":29},"end":{"line":360,"column":72}},"178":{"start":{"line":361,"column":28},"end":{"line":363,"column":12}},"179":{"start":{"line":364,"column":26},"end":{"line":364,"column":78}},"180":{"start":{"line":366,"column":17},"end":{"line":369,"column":32}},"181":{"start":{"line":368,"column":16},"end":{"line":368,"column":24}},"182":{"start":{"line":369,"column":19},"end":{"line":369,"column":31}},"183":{"start":{"line":371,"column":26},"end":{"line":386,"column":6}},"184":{"start":{"line":388,"column":4},"end":{"line":388,"column":43}},"185":{"start":{"line":388,"column":23},"end":{"line":388,"column":41}},"186":{"start":{"line":389,"column":4},"end":{"line":389,"column":23}},"187":{"start":{"line":390,"column":4},"end":{"line":390,"column":22}},"188":{"start":{"line":391,"column":4},"end":{"line":391,"column":28}},"189":{"start":{"line":392,"column":4},"end":{"line":392,"column":20}},"190":{"start":{"line":393,"column":4},"end":{"line":393,"column":27}},"191":{"start":{"line":396,"column":4},"end":{"line":398,"column":null}},"192":{"start":{"line":397,"column":6},"end":{"line":397,"column":41}},"193":{"start":{"line":399,"column":4},"end":{"line":399,"column":36}},"194":{"start":{"line":401,"column":4},"end":{"line":401,"column":24}},"195":{"start":{"line":404,"column":21},"end":{"line":437,"column":3}},"196":{"start":{"line":405,"column":4},"end":{"line":436,"column":7}},"197":{"start":{"line":406,"column":27},"end":{"line":406,"column":54}},"198":{"start":{"line":406,"column":42},"end":{"line":406,"column":53}},"199":{"start":{"line":407,"column":6},"end":{"line":407,"column":37}},"200":{"start":{"line":407,"column":25},"end":{"line":407,"column":37}},"201":{"start":{"line":409,"column":6},"end":{"line":431,"column":null}},"202":{"start":{"line":410,"column":28},"end":{"line":410,"column":102}},"203":{"start":{"line":411,"column":31},"end":{"line":426,"column":10}},"204":{"start":{"line":428,"column":8},"end":{"line":430,"column":27}},"205":{"start":{"line":429,"column":10},"end":{"line":429,"column":62}},"206":{"start":{"line":433,"column":6},"end":{"line":435,"column":8}},"207":{"start":{"line":434,"column":8},"end":{"line":434,"column":71}},"208":{"start":{"line":439,"column":27},"end":{"line":457,"column":4}},"209":{"start":{"line":439,"column":75},"end":{"line":457,"column":4}},"210":{"start":{"line":441,"column":4},"end":{"line":444,"column":null}},"211":{"start":{"line":442,"column":6},"end":{"line":442,"column":67}},"212":{"start":{"line":443,"column":6},"end":{"line":443,"column":13}},"213":{"start":{"line":446,"column":4},"end":{"line":456,"column":null}},"214":{"start":{"line":447,"column":24},"end":{"line":447,"column":83}},"215":{"start":{"line":448,"column":6},"end":{"line":452,"column":9}},"216":{"start":{"line":453,"column":6},"end":{"line":453,"column":25}},"217":{"start":{"line":455,"column":6},"end":{"line":455,"column":58}},"218":{"start":{"line":459,"column":21},"end":{"line":470,"column":3}},"219":{"start":{"line":460,"column":4},"end":{"line":460,"column":62}},"220":{"start":{"line":460,"column":23},"end":{"line":460,"column":60}},"221":{"start":{"line":460,"column":45},"end":{"line":460,"column":59}},"222":{"start":{"line":461,"column":4},"end":{"line":463,"column":null}},"223":{"start":{"line":462,"column":6},"end":{"line":462,"column":28}},"224":{"start":{"line":464,"column":4},"end":{"line":469,"column":null}},"225":{"start":{"line":465,"column":27},"end":{"line":465,"column":65}},"226":{"start":{"line":465,"column":50},"end":{"line":465,"column":64}},"227":{"start":{"line":466,"column":6},"end":{"line":468,"column":null}},"228":{"start":{"line":467,"column":8},"end":{"line":467,"column":51}},"229":{"start":{"line":472,"column":27},"end":{"line":485,"column":4}},"230":{"start":{"line":472,"column":52},"end":{"line":485,"column":4}},"231":{"start":{"line":474,"column":4},"end":{"line":477,"column":null}},"232":{"start":{"line":475,"column":6},"end":{"line":475,"column":67}},"233":{"start":{"line":476,"column":6},"end":{"line":476,"column":13}},"234":{"start":{"line":479,"column":4},"end":{"line":484,"column":null}},"235":{"start":{"line":480,"column":6},"end":{"line":480,"column":78}},"236":{"start":{"line":481,"column":6},"end":{"line":481,"column":25}},"237":{"start":{"line":483,"column":6},"end":{"line":483,"column":58}},"238":{"start":{"line":487,"column":23},"end":{"line":500,"column":3}},"239":{"start":{"line":488,"column":4},"end":{"line":488,"column":30}},"240":{"start":{"line":489,"column":4},"end":{"line":499,"column":7}},"241":{"start":{"line":502,"column":19},"end":{"line":511,"column":3}},"242":{"start":{"line":503,"column":4},"end":{"line":503,"column":31}},"243":{"start":{"line":503,"column":24},"end":{"line":503,"column":31}},"244":{"start":{"line":504,"column":4},"end":{"line":508,"column":6}},"245":{"start":{"line":505,"column":6},"end":{"line":506,"column":null}},"246":{"start":{"line":506,"column":8},"end":{"line":506,"column":67}},"247":{"start":{"line":509,"column":4},"end":{"line":509,"column":27}},"248":{"start":{"line":510,"column":4},"end":{"line":510,"column":20}},"249":{"start":{"line":513,"column":21},"end":{"line":516,"column":3}},"250":{"start":{"line":514,"column":4},"end":{"line":514,"column":27}},"251":{"start":{"line":515,"column":4},"end":{"line":515,"column":20}},"252":{"start":{"line":518,"column":26},"end":{"line":520,"column":3}},"253":{"start":{"line":519,"column":4},"end":{"line":519,"column":61}},"254":{"start":{"line":519,"column":32},"end":{"line":519,"column":51}},"255":{"start":{"line":522,"column":28},"end":{"line":529,"column":3}},"256":{"start":{"line":524,"column":22},"end":{"line":524,"column":43}},"257":{"start":{"line":525,"column":4},"end":{"line":525,"column":28}},"258":{"start":{"line":526,"column":4},"end":{"line":526,"column":31}},"259":{"start":{"line":527,"column":4},"end":{"line":527,"column":36}},"260":{"start":{"line":528,"column":4},"end":{"line":528,"column":29}},"261":{"start":{"line":531,"column":25},"end":{"line":536,"column":3}},"262":{"start":{"line":532,"column":22},"end":{"line":532,"column":34}},"263":{"start":{"line":533,"column":4},"end":{"line":533,"column":31}},"264":{"start":{"line":534,"column":4},"end":{"line":534,"column":36}},"265":{"start":{"line":535,"column":4},"end":{"line":535,"column":29}},"266":{"start":{"line":538,"column":21},"end":{"line":542,"column":3}},"267":{"start":{"line":539,"column":17},"end":{"line":539,"column":41}},"268":{"start":{"line":540,"column":17},"end":{"line":540,"column":29}},"269":{"start":{"line":541,"column":4},"end":{"line":541,"column":85}},"270":{"start":{"line":544,"column":28},"end":{"line":555,"column":3}},"271":{"start":{"line":
[...]
,"column":1}}},"1":{"name":"(anonymous_8)","decl":{"start":{"line":17,"column":28},"end":{"line":17,"column":35}},"loc":{"start":{"line":17,"column":58},"end":{"line":25,"column":2}}},"2":{"name":"(anonymous_9)","decl":{"start":{"line":17,"column":58},"end":{"line":17,"column":null}},"loc":{"start":{"line":17,"column":58},"end":{"line":25,"column":1}}},"3":{"name":"(anonymous_10)","decl":{"start":{"line":28,"column":24},"end":{"line":28,"column":31}},"loc":{"start":{"line":28,"column":101},"end":{"line":39,"column":2}}},"4":{"name":"(anonymous_11)","decl":{"start":{"line":28,"column":101},"end":{"line":28,"column":null}},"loc":{"start":{"line":28,"column":101},"end":{"line":39,"column":1}}},"5":{"name":"(anonymous_12)","decl":{"start":{"line":42,"column":26},"end":{"line":42,"column":null}},"loc":{"start":{"line":51,"column":4},"end":{"line":65,"column":2}}},"6":{"name":"(anonymous_13)","decl":{"start":{"line":51,"column":4},"end":{"line":51,"column":null}},"loc":{"start":{"line":51,"column":4},"end":{"line":65,"column":1}}},"7":{"name":"(anonymous_14)","decl":{"start":{"line":68,"column":26},"end":{"line":68,"column":null}},"loc":{"start":{"line":78,"column":4},"end":{"line":88,"column":2}}},"8":{"name":"(anonymous_15)","decl":{"start":{"line":78,"column":4},"end":{"line":78,"column":null}},"loc":{"start":{"line":78,"column":4},"end":{"line":88,"column":1}}},"9":{"name":"(anonymous_16)","decl":{"start":{"line":91,"column":26},"end":{"line":91,"column":33}},"loc":{"start":{"line":91,"column":97},"end":{"line":98,"column":2}}},"10":{"name":"(anonymous_17)","decl":{"start":{"line":91,"column":97},"end":{"line":91,"column":null}},"loc":{"start":{"line":91,"column":97},"end":{"line":98,"column":1}}},"11":{"name":"(anonymous_18)","decl":{"start":{"line":101,"column":28},"end":{"line":101,"column":35}},"loc":{"start":{"line":101,"column":99},"end":{"line":103,"column":2}}},"12":{"name":"(anonymous_19)","decl":{"start":{"line":101,"column":99},"end":{"line":101,"column":null}},"loc":{"start":{"line":101,"column":99},"end":{"line":103,"column":1}}},"13":{"name":"(anonymous_20)","decl":{"start":{"line":106,"column":24},"end":{"line":106,"column":null}},"loc":{"start":{"line":112,"column":4},"end":{"line":123,"column":2}}},"14":{"name":"(anonymous_21)","decl":{"start":{"line":112,"column":4},"end":{"line":112,"column":null}},"loc":{"start":{"line":112,"column":4},"end":{"line":123,"column":1}}}},"branchMap":{"0":{"loc":{"start":{"line":24,"column":9},"end":{"line":24,"column":29}},"type":"binary-expr","locations":[{"start":{"line":24,"column":9},"end":{"line":24,"column":23}},{"start":{"line":24,"column":27},"end":{"line":24,"column":29}}]},"1":{"loc":{"start":{"line":28,"column":52},"end":{"line":28,"column":75}},"type":"default-arg","locations":[{"start":{"line":28,"column":65},"end":{"line":28,"column":75}}]},"2":{"loc":{"start":{"line":28,"column":77},"end":{"line":28,"column":97}},"type":"default-arg","locations":[{"start":{"line":28,"column":93},"end":{"line":28,"column":97}}]},"3":{"loc":{"start":{"line":38,"column":9},"end":{"line":38,"column":29}},"type":"binary-expr","locations":[{"start":{"line":38,"column":9},"end":{"line":38,"column":23}},{"start":{"line":38,"column":27},"end":{"line":38,"column":29}}]},"4":{"loc":{"start":{"line":50,"column":2},"end":{"line":50,"column":25}},"type":"default-arg","locations":[{"start":{"line":50,"column":15},"end":{"line":50,"column":25}}]},"5":{"loc":{"start":{"line":60,"column":14},"end":{"line":60,"column":42}},"type":"binary-expr","locations":[{"start":{"line":60,"column":14},"end":{"line":60,"column":25}},{"start":{"line":60,"column":29},"end":{"line":60,"column":42}}]},"6":{"loc":{"start":{"line":77,"column":2},"end":{"line":77,"column":25}},"type":"default-arg","locations":[{"start":{"line":77,"column":15},"end":{"line":77,"column":25}}]},"7":{"loc":{"start":{"line":91,"column":70},"end":{"line":91,"column":93}},"type":"default-arg","locations":[{"start":{"line":91,"column":83},"end":{"line":91,"column":93}}]},"8":{"loc":{"start":{"line":101,"column":72},"end":{"line":101,"column":95}},"type":"default-arg","locations":[{"start":{"line":101,"column":85},"end":{"line":101,"column":95}}]},"9":{"loc":{"start":{"line":109,"column":2},"end":{"line":109,"column":25}},"type":"default-arg","locations":[{"start":{"line":109,"column":15},"end":{"line":109,"column":25}}]}},"s":{"0":0,"1":0,"2":0,"3":0,"4":0,"5":0,"6":0,"7":0,"8":0,"9":0,"10":0,"11":0,"12":0,"13":0,"14":0,"15":0,"16":0,"17":0,"18":0,"19":0,"20":0,"21":0,"22":0,"23":0,"24":0,"25":0,"26":0,"27":0,"28":0,"29":0,"30":0,"31":0,"32":0,"33":0,"34":0,"35":0,"36":0,"37":0,"38":0,"39":0,"40":0,"41":0,"42":0,"43":0,"44":0,"45":0},"f":{"0":0,"1":0,"2":0,"3":0,"4":0,"5":0,"6":0,"7":0,"8":0,"9":0,"10":0,"11":0,"12":0,"13":0,"14":0},"b":{"0":[0,0],"1":[0],"2":[0],"3":[0,0],"4":[0],"5":[0,0],"6":[0],"7":[0],"8":[0],"9":[0]}}
,"/home/runner/work/gerenciador-de-tempo/gerenciador-de-tempo/src/lib/supabase.ts": {"path":"/home/runner/work/gerenciador-de-tempo/gerenciador-de-tempo/src/lib/supabase.ts","statementMap":{"0":{"start":{"line":1,"column":0},"end":{"line":1,"column":69}},"1":{"start":{"line":2,"column":0},"end":{"line":2,"column":52}},"2":{"start":{"line":5,"column":20},"end":{"line":5,"column":62}},"3":{"start":{"line":6,"column":24},"end":{"line":6,"column":71}},"4":{"start":{"line":9,"column":36},"end":{"line":11,"column":1}},"5":{"start":{"line":10,"column":2},"end":{"line":10,"column":49}},"6":{"start":{"line":9,"column":13},"end":{"line":9,"column":36}},"7":{"start":{"line":15,"column":46},"end":{"line":15,"column":50}},"8":{"start":{"line":17,"column":33},"end":{"line":25,"column":1}},"9":{"start":{"line":18,"column":2},"end":{"line":20,"column":null}},"10":{"start":{"line":19,"column":4},"end":{"line":19,"column":16}},"11":{"start":{"line":21,"column":2},"end":{"line":23,"column":null}},"12":{"start":{"line":22,"column":4},"end":{"line":22,"column":66}},"13":{"start":{"line":24,"column":2},"end":{"line":24,"column":26}},"14":{"start":{"line":17,"column":13},"end":{"line":17,"column":33}},"15":{"start":{"line":28,"column":13},"end":{"line":28,"column":99}},"16":{"start":{"line":50,"column":13},"end":{"line":178,"column":2}},"17":{"start":{"line":53,"column":19},"end":{"line":53,"column":38}},"18":{"start":{"line":54,"column":4},"end":{"line":54,"column":27}},"19":{"start":{"line":54,"column":17},"end":{"line":54,"column":27}},"20":{"start":{"line":56,"column":28},"end":{"line":60,"column":48}},"21":{"start":{"line":62,"column":4},"end":{"line":65,"column":null}},"22":{"start":{"line":63,"column":6},"end":{"line":63,"column":52}},"23":{"start":{"line":64,"column":6},"end":{"line":64,"column":16}},"24":{"start":{"line":67,"column":4},"end":{"line":67,"column":22}},"25":{"start":{"line":72,"column":19},"end":{"line":72,"column":38}},"26":{"start":{"line":73,"column":4},"end":{"line":73,"column":29}},"27":{"start":{"line":73,"column":17},"end":{"line":73,"column":29}},"28":{"start":{"line":75,"column":28},"end":{"line":83,"column":15}},"29":{"start":{"line":85,"column":4},"end":{"line":88,"column":null}},"30":{"start":{"line":86,"column":6},"end":{"line":86,"column":51}},"31":{"start":{"line":87,"column":6},"end":{"line":87,"column":18}},"32":{"start":{"line":90,"column":4},"end":{"line":90,"column":16}},"33":{"start":{"line":95,"column":19},"end":{"line":95,"column":38}},"34":{"start":{"line":96,"column":4},"end":{"line":96,"column":29}},"35":{"start":{"line":96,"column":17},"end":{"line":96,"column":29}},"36":{"start":{"line":98,"column":28},"end":{"line":107,"column":15}},"37":{"start":{"line":109,"column":4},"end":{"line":112,"column":null}},"38":{"start":{"line":110,"column":6},"end":{"line":110,"column":51}},"39":{"start":{"line":111,"column":6},"end":{"line":111,"column":18}},"40":{"start":{"line":114,"column":4},"end":{"line":114,"column":16}},"41":{"start":{"line":119,"column":19},"end":{"line":119,"column":38}},"42":{"start":{"line":120,"column":4},"end":{"line":120,"column":30}},"43":{"start":{"line":120,"column":17},"end":{"line":120,"column":30}},"44":{"start":{"line":122,"column":22},"end":{"line":126,"column":34}},"45":{"start":{"line":128,"column":4},"end":{"line":131,"column":null}},"46":{"start":{"line":129,"column":6},"end":{"line":129,"column":51}},"47":{"start":{"line":130,"column":6},"end":{"line":130,"column":19}},"48":{"start":{"line":133,"column":4},"end":{"line":133,"column":16}},"49":{"start":{"line":138,"column":4},"end":{"line":138,"column":57}},"50":{"start":{"line":143,"column":19},"end":{"line":143,"column":38}},"51":{"start":{"line":144,"column":4},"end":{"line":144,"column":64}},"52":{"start":{"line":144,"column":17},"end":{"line":144,"column":64}},"53":{"start":{"line":147,"column":26},"end":{"line":147,"column":94}},"54":{"start":{"line":148,"column":4},"end":{"line":148,"column":71}},"55":{"start":{"line":148,"column":24},"end":{"line":148,"column":71}},"56":{"start":{"line":151,"column":4},"end":{"line":153,"column":null}},"57":{"start":{"line":152,"column":6},"end":{"line":152,"column":47}},"58":{"start":{"line":156,"column":24},"end":{"line":156,"column":84}},"59":{"start":{"line":157,"column":4},"end":{"line":157,"column":63}},"60":{"start":{"line":157,"column":22},"end":{"line":157,"column":63}},"61":{"start":{"line":160,"column":21},"end":{"line":174,"column":6}},"62":{"start":{"line":176,"column":4},"end":{"line":176,"column":39}}},"fnMap":{"0":{"name":"(anonymous_7)","decl":{"start":{"line":9,"column":36},"end":{"line":9,"column":39}},"loc":{"start":{"line":9,"column":41},"end":{"line":11,"column":1}}},"1":{"name":"(anonymous_8)","decl":{"start":{"line":17,"column":33},"end":{"line":17,"column":59}},"loc":{"start":{"line":17,"column":61},"end":{"line":25,"column":1}}},"2":{"name":"(anonymous_9)","decl":{"start":{"line":52,"column":8},"end":{"line":52,"column":16}},"loc":{"start":{"line":52,"column":34},"end":{"line":68,"column":null}}},"3":{"name":"(anonymous_11)","decl":{"start":{"line":71,"column":8},"end":{"line":71,"column":18}},"loc":{"start":{"line":71,"column":66},"end":{"line":91,"column":null}}},"4":{"name":"(anonymous_13)","decl":{"start":{"line":94,"column":8},"end":{"line":94,"column":18}},"loc":{"start":{"line":94,"column":74},"end":{"line":115,"column":null}}},"5":{"name":"(anonymous_15)","decl":{"start":{"line":118,"column":8},"end":{"line":118,"column":18}},"loc":{"start":{"line":118,"column":48},"end":{"line":134,"column":null}}},"6":{"name":"(anonymous_17)","decl":{"start":{"line":137,"column":8},"end":{"line":137,"column":28}},"loc":{"start":{"line":137,"column":78},"end":{"line":139,"column":null}}},"7":{"name":"(anonymous_19)","decl":{"start":{"line":142,"column":8},"end":{"line":142,"column":29}},"loc":{"start":{"line":142,"column":42},"end":{"line":177,"column":null}}}},"branchMap":{"0":{"loc":{"start":{"line":5,"column":20},"end":{"line":5,"column":62}},"type":"binary-expr","locations":[{"start":{"line":5,"column":20},"end":{"line":5,"column":56}},{"start":{"line":5,"column":60},"end":{"line":5,"column":62}}]},"1":{"loc":{"start":{"line":6,"column":24},"end":{"line":6,"column":71}},"type":"binary-expr","locations":[{"start":{"line":6,"column":24},"end":{"line":6,"column":65}},{"start":{"line":6,"column":69},"end":{"line":6,"column":71}}]},"2":{"loc":{"start":{"line":10,"column":17},"end":{"line":10,"column":47}},"type":"binary-expr","locations":[{"start":{"line":10,"column":17},"end":{"line":10,"column":28}},{"start":{"line":10,"column":32},"end":{"line":10,"column":47}}]},"3":{"loc":{"start":{"line":18,"column":2},"end":{"line":20,"column":null}},"type":"if","locations":[{"start":{"line":18,"column":2},"end":{"line":20,"column":null}},{"start":{},"end":{}}]},"4":{"loc":{"start":{"line":21,"column":2},"end":{"line":23,"column":null}},"type":"if","locations":[{"start":{"line":21,"column":2},"end":{"line":23,"column":null}},{"start":{},"end":{}}]},"5":{"loc":{"start":{"line":28,"column":24},"end":{"line":28,"column":98}},"type":"cond-expr","locations":[{"start":{"line":28,"column":49},"end":{"line":28,"column":91}},{"start":{"line":28,"column":94},"end":{"line":28,"column":98}}]},"6":{"loc":{"start":{"line":54,"column":4},"end":{"line":54,"column":27}},"type":"if","locations":[{"start":{"line":54,"column":4},"end":{"line":54,"column":27}},{"start":{},"end":{}}]},"7":{"loc":{"start":{"line":62,"column":4},"end":{"line":65,"column":null}},"type":"if","locations":[{"start":{"line":62,"column":4},"end":{"line":65,"column":null}},{"start":{},"end":{}}]},"8":{"loc":{"start":{"line":67,"column":11},"end":{"line":67,"column":21}},"type":"binary-expr","locations":[{"start":{"line":67,"column":11},"end":{"line":67,"column":15}},{"start":{"line":67,"column":19},"end":{"line":67,"column":21}}]},"9":{"loc":{"start":{"line":73,"column":4},"end":{"line":73,"column":29}},"type":"if","locations":[{"start":{"line":73,"column":4},"end":{"line":73,"column":29}},{"start":{},"end":{}}]},"10":{"loc":{"start":{"line":85,"column":4},"end":{"line":88,"column":null}},"type":"if","locations":[{"start":{"line":85,"column":4},"end":{"line":88,"column":null}},{"start":{},"end":{}}]},"11":{"loc":{"start":{"line":96,"column":4},"end":{"line":96,"column":29}},"type":"if","locations":[{"start":{"line":96,"column":4},"end":{"line":96,"column":29}},{"start":{},"end":{}}]},"12":{"loc":{"start":{"line":109,"column":4},"end":{"line":112,"column":null}},"type":"if","locations":[{"start":{"line":109,"column":4},"end":{"line":112,"column":null}},{"start":{},"end":{}}]},"13":{"loc":{"start":{"line":120,"column":4},"end":{"line":120,"column":30}},"type":"if","locations":[{"start":{"line":120,"column":4},"end":{"line":120,"column":30}},{"start":{},"end":{}}]},"14":{"loc":{"start":{"line":128,"column":4},"end":{"line":131,"column":null}},"type":"if","locations":[{"start":{"line":128,"column":4},"end":{"line":131,"column":null}},{"start":{},"end":{}}]},"15":{"loc":{"start":{"line":144,"column":4},"end":{"line":144,"column":64}},"type":"if","locations":[{"start":{"line":144,"column":4},"end":{"line":144,"column":64}},{"start":{},"end":{}}]},"16":{"loc":{"start":{"line":148,"column":4},"end":{"line":148,"column":71}},"type":"if","locations":[{"start":{"line":148,"column":4},"end":{"line":148,"column":71}},{"start":{},"end":{}}]},"17":{"loc":{"start":{"line":151,"column":4},"end":{"line":153,"column":null}},"type":"if","locations":[{"start":{"line":151,"column":4},"end":{"line":153,"column":null}},{"start":{},"end":{}}]},"18":{"loc":{"start":{"line":151,"column":8},"end":{"line":151,"column":54}},"type":"binary-expr","locations":[{"start":{"line":151,"column":8},"end":{"line":151,"column":26}},{"start":{"line":151,"column":30},"end":{"line":151,"column":54}}]},"19":{"loc":{"start":{"line":157,"column":4},"end":{"line":157,"column":63}},"type":"if","locations":[{"start":{"line":157,"column":4},"end":{"line":157,"column":63}},{"start":{},"end":{}}]},"20":{"loc":{"start":{"line":173,"column":22},"end":{"line":173,"column":52}},"type":"binary-expr","locations":[{"start":{"line":173,"column":22},"end":{"line":173,"column":41}},{"start":{"line":173,"column":45},"end":{"line":173,"column":52}}]}},"s":{"0":0,"1":0,"2":0,"3":0,"4":0,"5":0,"6":0,"7":0,"8":0,"9":0,"10":0,"11":0,"12":0,"13":0,"14":0,"15":0,"16":0,"17":0,"18":0,"19":0,"20":0,"21":0,"22":0,"23":0,"24":0,"25":0,"26":0,"27":0,"28":0,"29":0,"30":0,"31":0,"32":0,"33":0,"34":0,"35":0,"36":0,"37":0,"38":0,"39":0,"40":0,"41":0,"42":0,"43":0,"44":0,"45":0,"46":0,"47":0,"48":0,"49":0,"50":0,"51":0,"52":0,"53":0,"54":0,"55":0,"56":0,"57":0,"58":0,"59":0,"60":0,"61":0,"62":0},"f":{"0":0,"1":0,"2":0,"3":0,"4":0,"5":0,"6":0,"7":0},"b":{"0":[0,0],"1":[0,0],"2":[0,0],"3":[0,0],"4":[0,0],"5":[0,0],"6":[0,0],"7":[0,0],"8":[0,0],"9":[0,0],"10":[0,0],"11":[0,0],"12":[0,0],"13":[0,0],"14":[0,0],"15":[0,0],"16":[0,0],"17":[0,0],"18":[0,0],"19":[0,0],"20":[0,0]}}
,"/home/runner/work/gerenciador-de-tempo/gerenciador-de-tempo/src/lib/task-utils.ts": {"path":"/home/runner/work/gerenciador-de-tempo/gerenciador-de-tempo/src/lib/task-utils.ts","statementMap":{"0":{"start":{"line":16,"column":19},"end":{"line":16,"column":83}},"1":{"start":{"line":17,"column":19},"end":{"line":17,"column":37}},"2":{"start":{"line":19,"column":2},"end":{"line":37,"column":null}},"3":{"start":{"line":21,"column":6},"end":{"line":21,"column":47}},"4":{"start":{"line":22,"column":6},"end":{"line":22,"column":12}},"5":{"start":{"line":24,"column":6},"end":{"line":24,"column":47}},"6":{"start":{"line":25,"column":6},"end":{"line":25,"column":12}},"7":{"start":{"line":27,"column":6},"end":{"line":27,"column":49}},"8":{"start":{"line":28,"column":6},"end":{"line":28,"column":12}},"9":{"start":{"line":31,"column":6},"end":{"line":33,"column":67}},"10":{"start":{"line":32,"column":8},"end":{"line":32,"column":49}},"11":{"start":{"line":34,"column":6},"end":{"line":34,"column":12}},"12":{"start":{"line":36,"column":6},"end":{"line":36,"column":18}},"13":{"start":{"line":39,"column":2},"end":{"line":39,"column":32}},"14":{"start":{"line":11,"column":0},"end":{"line":11,"column":16}},"15":{"start":{"line":46,"column":2},"end":{"line":57,"column":null}},"16":{"start":{"line":48,"column":6},"end":{"line":48,"column":22}},"17":{"start":{"line":50,"column":6},"end":{"line":50,"column":23}},"18":{"start":{"line":52,"column":6},"end":{"line":52,"column":22}},"19":{"start":{"line":54,"column":6},"end":{"line":54,"column":26}},"20":{"start":{"line":56,"column":6},"end":{"line":56,"column":16}},"21":{"start":{"line":45,"column":0},"end":{"line":45,"column":16}},"22":{"start":{"line":64,"column":19},"end":{"line":64,"column":29}},"23":{"start":{"line":65,"column":2},"end":{"line":65,"column":43}},"24":{"start":{"line":66,"column":2},"end":{"line":66,"column":32}},"25":{"start":{"line":67,"column":2},"end":{"line":67,"column":18}}},"fnMap":{"0":{"name":"calculateNextDueDate","decl":{"start":{"line":11,"column":16},"end":{"line":11,"column":36}},"loc":{"start":{"line":13,"column":28},"end":{"line":40,"column":1}}},"1":{"name":"getRecurrenceLabel","decl":{"start":{"line":45,"column":16},"end":{"line":45,"column":34}},"loc":{"start":{"line":45,"column":68},"end":{"line":58,"column":1}}},"2":{"name":"getStartOfTomorrow","decl":{"start":{"line":63,"column":9},"end":{"line":63,"column":27}},"loc":{"start":{"line":63,"column":27},"end":{"line":68,"column":1}}}},"branchMap":{"0":{"loc":{"start":{"line":16,"column":19},"end":{"line":16,"column":83}},"type":"cond-expr","locations":[{"start":{"line":16,"column":36},"end":{"line":16,"column":60}},{"start":{"line":16,"column":63},"end":{"line":16,"column":83}}]},"1":{"loc":{"start":{"line":19,"column":2},"end":{"line":37,"column":null}},"type":"switch","locations":[{"start":{"line":20,"column":4},"end":{"line":22,"column":12}},{"start":{"line":23,"column":4},"end":{"line":25,"column":12}},{"start":{"line":26,"column":4},"end":{"line":28,"column":12}},{"start":{"line":29,"column":4},"end":{"line":34,"column":12}},{"start":{"line":35,"column":4},"end":{"line":36,"column":18}}]},"2":{"loc":{"start":{"line":33,"column":15},"end":{"line":33,"column":65}},"type":"binary-expr","locations":[{"start":{"line":33,"column":15},"end":{"line":33,"column":38}},{"start":{"line":33,"column":42},"end":{"line":33,"column":65}}]},"3":{"loc":{"start":{"line":46,"column":2},"end":{"line":57,"column":null}},"type":"switch","locations":[{"start":{"line":47,"column":4},"end":{"line":48,"column":22}},{"start":{"line":49,"column":4},"end":{"line":50,"column":23}},{"start":{"line":51,"column":4},"end":{"line":52,"column":22}},{"start":{"line":53,"column":4},"end":{"line":54,"column":26}},{"start":{"line":55,"column":4},"end":{"line":56,"column":16}}]}},"s":{"0":10,"1":10,"2":10,"3":2,"4":2,"5":1,"6":1,"7":2,"8":2,"9":4,"10":7,"11":4,"12":1,"13":9,"14":1,"15":5,"16":1,"17":1,"18":1,"19":1,"20":1,"21":1,"22":1,"23":1,"24":1,"25":1},"f":{"0":10,"1":5,"2":1},"b":{"0":[9,1],"1":[2,1,2,4,1],"2":[7,5],"3":[1,1,1,1,1]}}
}
