TN:
SF:src/app/layout.tsx
FN:10,RootLayout
FNF:1
FNH:0
FNDA:0,RootLayout
DA:1,0
DA:3,0
DA:5,0
DA:10,0
DA:15,0
LF:5
LH:0
BRF:0
BRH:0
end_of_record
TN:
SF:src/app/page.tsx
FN:8,Home
FN:12,(anonymous_1)
FN:56,(anonymous_2)
FN:179,(anonymous_3)
FNF:4
FNH:0
FNDA:0,Home
FNDA:0,(anonymous_1)
FNDA:0,(anonymous_2)
FNDA:0,(anonymous_3)
DA:3,0
DA:4,0
DA:5,0
DA:6,0
DA:8,0
DA:9,0
DA:10,0
DA:12,0
DA:13,0
DA:14,0
DA:18,0
DA:19,0
DA:29,0
DA:56,0
DA:179,0
LF:15
LH:0
BRDA:13,0,0,0
BRDA:13,0,1,0
BRDA:18,1,0,0
BRDA:18,1,1,0
BRF:4
BRH:0
end_of_record
TN:
SF:src/app/providers.tsx
FN:5,Providers
FNF:1
FNH:0
FNDA:0,Providers
DA:3,0
DA:5,0
DA:6,0
LF:3
LH:0
BRF:0
BRH:0
end_of_record
TN:
SF:src/app/api/auth/[...nextauth]/route.ts
FNF:0
FNH:0
DA:1,0
DA:2,0
DA:4,0
DA:6,0
LF:4
LH:0
BRF:0
BRH:0
end_of_record
TN:
SF:src/app/api/calendar/route.ts
FN:7,GET
FN:37,POST
FNF:2
FNH:0
FNDA:0,GET
FNDA:0,POST
DA:2,0
DA:3,0
DA:4,0
DA:7,0
DA:8,0
DA:9,0
DA:11,0
DA:12,0
DA:18,0
DA:19,0
DA:21,0
DA:23,0
DA:28,0
DA:29,0
DA:37,0
DA:38,0
DA:39,0
DA:41,0
DA:42,0
DA:48,0
DA:49,0
DA:51,0
DA:52,0
DA:58,0
DA:71,0
DA:73,0
DA:78,0
DA:79,0
LF:28
LH:0
BRDA:11,0,0,0
BRDA:11,0,1,0
BRDA:11,1,0,0
BRDA:11,1,1,0
BRDA:11,2,0,0
BRDA:11,2,1,0
BRDA:19,3,0,0
BRDA:19,3,1,0
BRDA:41,4,0,0
BRDA:41,4,1,0
BRDA:41,5,0,0
BRDA:41,5,1,0
BRDA:41,6,0,0
BRDA:41,6,1,0
BRDA:51,7,0,0
BRDA:51,7,1,0
BRDA:51,8,0,0
BRDA:51,8,1,0
BRDA:51,8,2,0
BRDA:60,9,0,0
BRDA:60,9,1,0
BRF:21
BRH:0
end_of_record
TN:
SF:src/app/api/google-tasks/route.ts
FN:13,GET
FN:53,POST
FN:94,PUT
FN:136,DELETE
FNF:4
FNH:0
FNDA:0,GET
FNDA:0,POST
FNDA:0,PUT
FNDA:0,DELETE
DA:2,0
DA:3,0
DA:4,0
DA:13,0
DA:14,0
DA:15,0
DA:17,0
DA:18,0
DA:24,0
DA:25,0
DA:26,0
DA:27,0
DA:29,0
DA:30,0
DA:31,0
DA:37,0
DA:39,0
DA:44,0
DA:45,0
DA:53,0
DA:54,0
DA:55,0
DA:57,0
DA:58,0
DA:64,0
DA:65,0
DA:67,0
DA:68,0
DA:74,0
DA:80,0
DA:85,0
DA:86,0
DA:94,0
DA:95,0
DA:96,0
DA:98,0
DA:99,0
DA:105,0
DA:106,0
DA:108,0
DA:109,0
DA:115,0
DA:122,0
DA:127,0
DA:128,0
DA:136,0
DA:137,0
DA:138,0
DA:140,0
DA:141,0
DA:147,0
DA:148,0
DA:149,0
DA:151,0
DA:152,0
DA:158,0
DA:160,0
DA:165,0
DA:166,0
LF:59
LH:0
BRDA:17,0,0,0
BRDA:17,0,1,0
BRDA:17,1,0,0
BRDA:17,1,1,0
BRDA:17,2,0,0
BRDA:17,2,1,0
BRDA:25,3,0,0
BRDA:25,3,1,0
BRDA:29,4,0,0
BRDA:29,4,1,0
BRDA:57,5,0,0
BRDA:57,5,1,0
BRDA:57,6,0,0
BRDA:57,6,1,0
BRDA:57,7,0,0
BRDA:57,7,1,0
BRDA:67,8,0,0
BRDA:67,8,1,0
BRDA:77,9,0,0
BRDA:77,9,1,0
BRDA:98,10,0,0
BRDA:98,10,1,0
BRDA:98,11,0,0
BRDA:98,11,1,0
BRDA:98,12,0,0
BRDA:98,12,1,0
BRDA:108,13,0,0
BRDA:108,13,1,0
BRDA:119,14,0,0
BRDA:119,14,1,0
BRDA:140,15,0,0
BRDA:140,15,1,0
BRDA:140,16,0,0
BRDA:140,16,1,0
BRDA:140,17,0,0
BRDA:140,17,1,0
BRDA:149,18,0,0
BRDA:149,18,1,0
BRDA:151,19,0,0
BRDA:151,19,1,0
BRF:40
BRH:0
end_of_record
TN:
SF:src/app/api/parse-task/route.ts
FN:19,extractPriority
FN:50,extractDate
FN:55,(anonymous_9)
FN:196,extractTime
FN:243,extractRecurrence
FN:316,extractTitle
FN:362,POST
FNF:7
FNH:0
FNDA:0,extractPriority
FNDA:0,extractDate
FNDA:0,(anonymous_9)
FNDA:0,extractTime
FNDA:0,extractRecurrence
FNDA:0,extractTitle
FNDA:0,POST
DA:2,0
DA:20,0
DA:23,0
DA:30,0
DA:35,0
DA:36,0
DA:37,0
DA:41,0
DA:42,0
DA:43,0
DA:47,0
DA:51,0
DA:52,0
DA:55,0
DA:57,0
DA:60,0
DA:66,0
DA:67,0
DA:68,0
DA:69,0
DA:70,0
DA:71,0
DA:72,0
DA:73,0
DA:79,0
DA:80,0
DA:84,0
DA:85,0
DA:86,0
DA:90,0
DA:91,0
DA:92,0
DA:93,0
DA:97,0
DA:109,0
DA:110,0
DA:111,0
DA:112,0
DA:113,0
DA:114,0
DA:116,0
DA:117,0
DA:118,0
DA:123,0
DA:124,0
DA:125,0
DA:126,0
DA:130,0
DA:135,0
DA:136,0
DA:137,0
DA:138,0
DA:140,0
DA:141,0
DA:142,0
DA:145,0
DA:146,0
DA:149,0
DA:150,0
DA:151,0
DA:153,0
DA:154,0
DA:155,0
DA:158,0
DA:160,0
DA:161,0
DA:162,0
DA:163,0
DA:166,0
DA:167,0
DA:172,0
DA:175,0
DA:176,0
DA:177,0
DA:178,0
DA:179,0
DA:182,0
DA:183,0
DA:185,0
DA:188,0
DA:193,0
DA:197,0
DA:200,0
DA:206,0
DA:207,0
DA:209,0
DA:210,0
DA:211,0
DA:212,0
DA:213,0
DA:218,0
DA:232,0
DA:233,0
DA:234,0
DA:235,0
DA:240,0
DA:244,0
DA:247,0
DA:253,0
DA:259,0
DA:265,0
DA:272,0
DA:283,0
DA:284,0
DA:285,0
DA:289,0
DA:290,0
DA:291,0
DA:295,0
DA:296,0
DA:297,0
DA:301,0
DA:302,0
DA:303,0
DA:307,0
DA:308,0
DA:309,0
DA:313,0
DA:318,0
DA:321,0
DA:342,0
DA:343,0
DA:347,0
DA:350,0
DA:351,0
DA:355,0
DA:356,0
DA:359,0
DA:362,0
DA:363,0
DA:364,0
DA:365,0
DA:367,0
DA:368,0
DA:377,0
DA:378,0
DA:388,0
DA:395,0
DA:396,0
LF:139
LH:0
BRDA:36,0,0,0
BRDA:36,0,1,0
BRDA:42,1,0,0
BRDA:42,1,1,0
BRDA:68,2,0,0
BRDA:68,2,1,0
BRDA:70,3,0,0
BRDA:70,3,1,0
BRDA:71,4,0,0
BRDA:71,4,1,0
BRDA:71,5,0,0
BRDA:71,5,1,0
BRDA:71,5,2,0
BRDA:71,5,3,0
BRDA:84,6,0,0
BRDA:84,6,1,0
BRDA:90,7,0,0
BRDA:90,7,1,0
BRDA:90,8,0,0
BRDA:90,8,1,0
BRDA:110,9,0,0
BRDA:110,9,1,0
BRDA:113,10,0,0
BRDA:113,10,1,0
BRDA:123,11,0,0
BRDA:123,11,1,0
BRDA:123,12,0,0
BRDA:123,12,1,0
BRDA:137,13,0,0
BRDA:137,13,1,0
BRDA:138,14,0,0
BRDA:138,14,1,0
BRDA:142,15,0,0
BRDA:142,15,1,0
BRDA:145,16,0,0
BRDA:145,16,1,0
BRDA:151,17,0,0
BRDA:151,17,1,0
BRDA:158,18,0,0
BRDA:158,18,1,0
BRDA:161,19,0,0
BRDA:161,19,1,0
BRDA:166,20,0,0
BRDA:166,20,1,0
BRDA:175,21,0,0
BRDA:175,21,1,0
BRDA:177,22,0,0
BRDA:177,22,1,0
BRDA:182,23,0,0
BRDA:182,23,1,0
BRDA:211,24,0,0
BRDA:211,24,1,0
BRDA:232,25,0,0
BRDA:232,25,1,0
BRDA:234,26,0,0
BRDA:234,26,1,0
BRDA:240,27,0,0
BRDA:240,27,1,0
BRDA:284,28,0,0
BRDA:284,28,1,0
BRDA:290,29,0,0
BRDA:290,29,1,0
BRDA:296,30,0,0
BRDA:296,30,1,0
BRDA:302,31,0,0
BRDA:302,31,1,0
BRDA:308,32,0,0
BRDA:308,32,1,0
BRDA:350,33,0,0
BRDA:350,33,1,0
BRDA:355,34,0,0
BRDA:355,34,1,0
BRDA:356,35,0,0
BRDA:356,35,1,0
BRDA:367,36,0,0
BRDA:367,36,1,0
BRDA:367,37,0,0
BRDA:367,37,1,0
BRF:78
BRH:0
end_of_record
TN:
SF:src/app/api/tasks/route.ts
FN:8,GET
FN:32,POST
FN:90,PUT
FN:149,DELETE
FNF:4
FNH:0
FNDA:0,GET
FNDA:0,POST
FNDA:0,PUT
FNDA:0,DELETE
DA:1,0
DA:2,0
DA:3,0
DA:4,0
DA:5,0
DA:8,0
DA:9,0
DA:10,0
DA:12,0
DA:13,0
DA:16,0
DA:17,0
DA:23,0
DA:24,0
DA:26,0
DA:27,0
DA:32,0
DA:33,0
DA:34,0
DA:36,0
DA:37,0
DA:40,0
DA:41,0
DA:47,0
DA:48,0
DA:50,0
DA:51,0
DA:55,0
DA:56,0
DA:57,0
DA:62,0
DA:78,0
DA:79,0
DA:82,0
DA:84,0
DA:85,0
DA:90,0
DA:91,0
DA:92,0
DA:94,0
DA:95,0
DA:98,0
DA:99,0
DA:105,0
DA:106,0
DA:108,0
DA:109,0
DA:113,0
DA:114,0
DA:115,0
DA:116,0
DA:123,0
DA:124,0
DA:125,0
DA:126,0
DA:127,0
DA:128,0
DA:129,0
DA:130,0
DA:131,0
DA:132,0
DA:133,0
DA:135,0
DA:137,0
DA:138,0
DA:141,0
DA:143,0
DA:144,0
DA:149,0
DA:150,0
DA:151,0
DA:153,0
DA:154,0
DA:157,0
DA:158,0
DA:164,0
DA:165,0
DA:167,0
DA:168,0
DA:171,0
DA:173,0
DA:174,0
DA:177,0
DA:179,0
DA:180,0
LF:85
LH:0
BRDA:12,0,0,0
BRDA:12,0,1,0
BRDA:12,1,0,0
BRDA:12,1,1,0
BRDA:12,2,0,0
BRDA:12,2,1,0
BRDA:12,3,0,0
BRDA:12,3,1,0
BRDA:12,4,0,0
BRDA:12,4,1,0
BRDA:16,5,0,0
BRDA:16,5,1,0
BRDA:36,6,0,0
BRDA:36,6,1,0
BRDA:36,7,0,0
BRDA:36,7,1,0
BRDA:36,8,0,0
BRDA:36,8,1,0
BRDA:36,9,0,0
BRDA:36,9,1,0
BRDA:36,10,0,0
BRDA:36,10,1,0
BRDA:40,11,0,0
BRDA:40,11,1,0
BRDA:50,12,0,0
BRDA:50,12,1,0
BRDA:56,13,0,0
BRDA:56,13,1,0
BRDA:58,14,0,0
BRDA:58,14,1,0
BRDA:66,15,0,0
BRDA:66,15,1,0
BRDA:67,16,0,0
BRDA:67,16,1,0
BRDA:68,17,0,0
BRDA:68,17,1,0
BRDA:69,18,0,0
BRDA:69,18,1,0
BRDA:71,19,0,0
BRDA:71,19,1,0
BRDA:72,20,0,0
BRDA:72,20,1,0
BRDA:73,21,0,0
BRDA:73,21,1,0
BRDA:74,22,0,0
BRDA:74,22,1,0
BRDA:78,23,0,0
BRDA:78,23,1,0
BRDA:94,24,0,0
BRDA:94,24,1,0
BRDA:94,25,0,0
BRDA:94,25,1,0
BRDA:94,26,0,0
BRDA:94,26,1,0
BRDA:94,27,0,0
BRDA:94,27,1,0
BRDA:94,28,0,0
BRDA:94,28,1,0
BRDA:98,29,0,0
BRDA:98,29,1,0
BRDA:108,30,0,0
BRDA:108,30,1,0
BRDA:113,31,0,0
BRDA:113,31,1,0
BRDA:115,32,0,0
BRDA:115,32,1,0
BRDA:117,33,0,0
BRDA:117,33,1,0
BRDA:124,34,0,0
BRDA:124,34,1,0
BRDA:125,35,0,0
BRDA:125,35,1,0
BRDA:126,36,0,0
BRDA:126,36,1,0
BRDA:127,37,0,0
BRDA:127,37,1,0
BRDA:128,38,0,0
BRDA:128,38,1,0
BRDA:129,39,0,0
BRDA:129,39,1,0
BRDA:130,40,0,0
BRDA:130,40,1,0
BRDA:131,41,0,0
BRDA:131,41,1,0
BRDA:132,42,0,0
BRDA:132,42,1,0
BRDA:133,43,0,0
BRDA:133,43,1,0
BRDA:137,44,0,0
BRDA:137,44,1,0
BRDA:153,45,0,0
BRDA:153,45,1,0
BRDA:153,46,0,0
BRDA:153,46,1,0
BRDA:153,47,0,0
BRDA:153,47,1,0
BRDA:153,48,0,0
BRDA:153,48,1,0
BRDA:153,49,0,0
BRDA:153,49,1,0
BRDA:157,50,0,0
BRDA:157,50,1,0
BRDA:167,51,0,0
BRDA:167,51,1,0
BRDA:173,52,0,0
BRDA:173,52,1,0
BRF:106
BRH:0
end_of_record
TN:
SF:src/app/dashboard/page.tsx
FN:89,(anonymous_8)
FN:94,(anonymous_9)
FN:100,Dashboard
FN:109,(anonymous_11)
FN:140,(anonymous_12)
FN:140,(anonymous_13)
FN:170,(anonymous_14)
FN:170,(anonymous_15)
FN:200,(anonymous_16)
FN:200,(anonymous_17)
FN:213,(anonymous_18)
FN:227,(anonymous_19)
FN:234,(anonymous_20)
FN:254,(anonymous_21)
FN:257,(anonymous_22)
FN:258,(anonymous_23)
FN:266,(anonymous_24)
FN:269,(anonymous_25)
FN:269,(anonymous_26)
FN:284,(anonymous_27)
FN:284,(anonymous_28)
FN:311,(anonymous_29)
FN:317,(anonymous_30)
FN:321,(anonymous_31)
FN:325,(anonymous_32)
FN:325,(anonymous_33)
FN:354,(anonymous_34)
FN:354,(anonymous_35)
FN:368,(anonymous_36)
FN:369,(anonymous_37)
FN:388,(anonymous_38)
FN:404,(anonymous_39)
FN:405,(anonymous_40)
FN:406,(anonymous_41)
FN:428,(anonymous_42)
FN:433,(anonymous_43)
FN:439,(anonymous_44)
FN:439,(anonymous_45)
FN:459,(anonymous_46)
FN:460,(anonymous_47)
FN:460,(anonymous_48)
FN:465,(anonymous_49)
FN:472,(anonymous_50)
FN:472,(anonymous_51)
FN:487,(anonymous_52)
FN:502,(anonymous_53)
FN:504,(anonymous_54)
FN:505,(anonymous_55)
FN:513,(anonymous_56)
FN:518,(anonymous_57)
FN:519,(anonymous_58)
FN:522,(anonymous_59)
FN:531,(anonymous_60)
FN:538,(anonymous_61)
FN:544,(anonymous_62)
FN:558,(anonymous_63)
FN:564,(anonymous_64)
FN:566,(anonymous_65)
FN:567,(anonymous_66)
FN:568,(anonymous_67)
FN:569,(anonymous_68)
FN:583,(anonymous_69)
FN:620,(anonymous_70)
FN:621,(anonymous_71)
FN:632,(anonymous_72)
FN:650,(anonymous_73)
FN:703,(anonymous_74)
FN:778,(anonymous_75)
FN:790,(anonymous_76)
FN:791,(anonymous_77)
FN:814,(anonymous_78)
FN:829,(anonymous_79)
FN:833,(anonymous_80)
FN:841,(anonymous_81)
FN:859,(anonymous_82)
FN:867,(anonymous_83)
FN:870,(anonymous_84)
FN:878,(anonymous_85)
FN:895,(anonymous_86)
FN:907,(anonymous_87)
FN:913,(anonymous_88)
FN:923,(anonymous_89)
FN:935,(anonymous_90)
FN:939,(anonymous_91)
FN:949,(anonymous_92)
FN:975,(anonymous_93)
FN:1020,(anonymous_94)
FN:1033,(anonymous_95)
FN:1040,(anonymous_96)
FN:1049,(anonymous_97)
FN:1074,(anonymous_98)
FN:1081,(anonymous_99)
FN:1112,(anonymous_100)
FN:1172,(anonymous_101)
FN:1179,(anonymous_102)
FN:1190,(anonymous_103)
FN:1203,(anonymous_104)
FN:1206,(anonymous_105)
FN:1228,(anonymous_106)
FN:1234,(anonymous_107)
FN:1241,(anonymous_108)
FN:1246,(anonymous_109)
FN:1281,(anonymous_110)
FNF:103
FNH:0
FNDA:0,(anonymous_8)
FNDA:0,(anonymous_9)
FNDA:0,Dashboard
FNDA:0,(anonymous_11)
FNDA:0,(anonymous_12)
FNDA:0,(anonymous_13)
FNDA:0,(anonymous_14)
FNDA:0,(anonymous_15)
FNDA:0,(anonymous_16)
FNDA:0,(anonymous_17)
FNDA:0,(anonymous_18)
FNDA:0,(anonymous_19)
FNDA:0,(anonymous_20)
FNDA:0,(anonymous_21)
FNDA:0,(anonymous_22)
FNDA:0,(anonymous_23)
FNDA:0,(anonymous_24)
FNDA:0,(anonymous_25)
FNDA:0,(anonymous_26)
FNDA:0,(anonymous_27)
FNDA:0,(anonymous_28)
FNDA:0,(anonymous_29)
FNDA:0,(anonymous_30)
FNDA:0,(anonymous_31)
FNDA:0,(anonymous_32)
FNDA:0,(anonymous_33)
FNDA:0,(anonymous_34)
FNDA:0,(anonymous_35)
FNDA:0,(anonymous_36)
FNDA:0,(anonymous_37)
FNDA:0,(anonymous_38)
FNDA:0,(anonymous_39)
FNDA:0,(anonymous_40)
FNDA:0,(anonymous_41)
FNDA:0,(anonymous_42)
FNDA:0,(anonymous_43)
FNDA:0,(anonymous_44)
FNDA:0,(anonymous_45)
FNDA:0,(anonymous_46)
FNDA:0,(anonymous_47)
FNDA:0,(anonymous_48)
FNDA:0,(anonymous_49)
FNDA:0,(anonymous_50)
FNDA:0,(anonymous_51)
FNDA:0,(anonymous_52)
FNDA:0,(anonymous_53)
FNDA:0,(anonymous_54)
FNDA:0,(anonymous_55)
FNDA:0,(anonymous_56)
FNDA:0,(anonymous_57)
FNDA:0,(anonymous_58)
FNDA:0,(anonymous_59)
FNDA:0,(anonymous_60)
FNDA:0,(anonymous_61)
FNDA:0,(anonymous_62)
FNDA:0,(anonymous_63)
FNDA:0,(anonymous_64)
FNDA:0,(anonymous_65)
FNDA:0,(anonymous_66)
FNDA:0,(anonymous_67)
FNDA:0,(anonymous_68)
FNDA:0,(anonymous_69)
FNDA:0,(anonymous_70)
FNDA:0,(anonymous_71)
FNDA:0,(anonymous_72)
FNDA:0,(anonymous_73)
FNDA:0,(anonymous_74)
FNDA:0,(anonymous_75)
FNDA:0,(anonymous_76)
FNDA:0,(anonymous_77)
FNDA:0,(anonymous_78)
FNDA:0,(anonymous_79)
FNDA:0,(anonymous_80)
FNDA:0,(anonymous_81)
FNDA:0,(anonymous_82)
FNDA:0,(anonymous_83)
FNDA:0,(anonymous_84)
FNDA:0,(anonymous_85)
FNDA:0,(anonymous_86)
FNDA:0,(anonymous_87)
FNDA:0,(anonymous_88)
FNDA:0,(anonymous_89)
FNDA:0,(anonymous_90)
FNDA:0,(anonymous_91)
FNDA:0,(anonymous_92)
FNDA:0,(anonymous_93)
FNDA:0,(anonymous_94)
FNDA:0,(anonymous_95)
FNDA:0,(anonymous_96)
FNDA:0,(anonymous_97)
FNDA:0,(anonymous_98)
FNDA:0,(anonymous_99)
FNDA:0,(anonymous_100)
FNDA:0,(anonymous_101)
FNDA:0,(anonymous_102)
FNDA:0,(anonymous_103)
FNDA:0,(anonymous_104)
FNDA:0,(anonymous_105)
FNDA:0,(anonymous_106)
FNDA:0,(anonymous_107)
FNDA:0,(anonymous_108)
FNDA:0,(anonymous_109)
FNDA:0,(anonymous_110)
DA:3,0
DA:4,0
DA:5,0
DA:6,0
DA:7,0
DA:35,0
DA:38,0
DA:39,0
DA:40,0
DA:41,0
DA:42,0
DA:45,0
DA:89,0
DA:90,0
DA:91,0
DA:92,0
DA:94,0
DA:95,0
DA:96,0
DA:97,0
DA:100,0
DA:101,0
DA:102,0
DA:105,0
DA:106,0
DA:109,0
DA:110,0
DA:111,0
DA:115,0
DA:116,0
DA:117,0
DA:118,0
DA:119,0
DA:120,0
DA:123,0
DA:124,0
DA:125,0
DA:126,0
DA:129,0
DA:130,0
DA:131,0
DA:132,0
DA:133,0
DA:134,0
DA:135,0
DA:136,0
DA:137,0
DA:140,0
DA:142,0
DA:143,0
DA:144,0
DA:145,0
DA:148,0
DA:149,0
DA:150,0
DA:151,0
DA:152,0
DA:153,0
DA:154,0
DA:155,0
DA:157,0
DA:159,0
DA:160,0
DA:161,0
DA:165,0
DA:170,0
DA:172,0
DA:173,0
DA:174,0
DA:175,0
DA:178,0
DA:179,0
DA:180,0
DA:181,0
DA:182,0
DA:183,0
DA:184,0
DA:185,0
DA:187,0
DA:189,0
DA:190,0
DA:191,0
DA:195,0
DA:200,0
DA:202,0
DA:204,0
DA:205,0
DA:206,0
DA:208,0
DA:213,0
DA:214,0
DA:215,0
DA:216,0
DA:217,0
DA:218,0
DA:220,0
DA:227,0
DA:228,0
DA:229,0
DA:234,0
DA:236,0
DA:237,0
DA:241,0
DA:242,0
DA:243,0
DA:247,0
DA:248,0
DA:249,0
DA:254,0
DA:256,0
DA:257,0
DA:258,0
DA:260,0
DA:261,0
DA:262,0
DA:263,0
DA:266,0
DA:269,0
DA:270,0
DA:271,0
DA:276,0
DA:277,0
DA:279,0
DA:280,0
DA:284,0
DA:286,0
DA:287,0
DA:288,0
DA:291,0
DA:293,0
DA:294,0
DA:295,0
DA:296,0
DA:297,0
DA:299,0
DA:310,0
DA:311,0
DA:312,0
DA:315,0
DA:316,0
DA:317,0
DA:319,0
DA:320,0
DA:321,0
DA:325,0
DA:327,0
DA:328,0
DA:329,0
DA:332,0
DA:333,0
DA:343,0
DA:344,0
DA:345,0
DA:346,0
DA:349,0
DA:351,0
DA:354,0
DA:355,0
DA:357,0
DA:359,0
DA:360,0
DA:361,0
DA:364,0
DA:366,0
DA:368,0
DA:369,0
DA:371,0
DA:388,0
DA:389,0
DA:390,0
DA:391,0
DA:392,0
DA:393,0
DA:396,0
DA:397,0
DA:399,0
DA:401,0
DA:404,0
DA:405,0
DA:406,0
DA:407,0
DA:409,0
DA:410,0
DA:411,0
DA:428,0
DA:429,0
DA:433,0
DA:434,0
DA:439,0
DA:441,0
DA:442,0
DA:443,0
DA:446,0
DA:447,0
DA:448,0
DA:453,0
DA:455,0
DA:459,0
DA:460,0
DA:461,0
DA:462,0
DA:464,0
DA:465,0
DA:466,0
DA:467,0
DA:472,0
DA:474,0
DA:475,0
DA:476,0
DA:479,0
DA:480,0
DA:481,0
DA:483,0
DA:487,0
DA:488,0
DA:489,0
DA:502,0
DA:503,0
DA:504,0
DA:505,0
DA:506,0
DA:509,0
DA:510,0
DA:513,0
DA:514,0
DA:515,0
DA:518,0
DA:519,0
DA:522,0
DA:524,0
DA:525,0
DA:526,0
DA:527,0
DA:528,0
DA:531,0
DA:532,0
DA:533,0
DA:534,0
DA:535,0
DA:538,0
DA:539,0
DA:540,0
DA:541,0
DA:544,0
DA:545,0
DA:547,0
DA:549,0
DA:551,0
DA:553,0
DA:558,0
DA:559,0
DA:564,0
DA:566,0
DA:567,0
DA:568,0
DA:569,0
DA:570,0
DA:571,0
DA:573,0
DA:583,0
DA:584,0
DA:585,0
DA:587,0
DA:588,0
DA:589,0
DA:590,0
DA:592,0
DA:593,0
DA:595,0
DA:598,0
DA:599,0
DA:600,0
DA:601,0
DA:605,0
DA:606,0
DA:607,0
DA:611,0
DA:612,0
DA:613,0
DA:614,0
DA:617,0
DA:620,0
DA:621,0
DA:622,0
DA:623,0
DA:624,0
DA:626,0
DA:628,0
DA:632,0
DA:633,0
DA:637,0
DA:638,0
DA:648,0
DA:650,0
DA:651,0
DA:653,0
DA:655,0
DA:703,0
DA:778,0
DA:790,0
DA:791,0
DA:815,0
DA:816,0
DA:817,0
DA:829,0
DA:834,0
DA:841,0
DA:859,0
DA:867,0
DA:870,0
DA:878,0
DA:896,0
DA:897,0
DA:898,0
DA:900,0
DA:901,0
DA:907,0
DA:913,0
DA:923,0
DA:935,0
DA:940,0
DA:949,0
DA:968,0
DA:975,0
DA:1021,0
DA:1033,0
DA:1040,0
DA:1049,0
DA:1075,0
DA:1081,0
DA:1112,0
DA:1172,0
DA:1179,0
DA:1191,0
DA:1192,0
DA:1193,0
DA:1194,0
DA:1204,0
DA:1206,0
DA:1228,0
DA:1234,0
DA:1242,0
DA:1247,0
DA:1248,0
DA:1250,0
DA:1282,0
DA:1283,0
DA:1285,0
LF:348
LH:0
BRDA:90,0,0,0
BRDA:90,0,1,0
BRDA:90,1,0,0
BRDA:90,1,1,0
BRDA:91,2,0,0
BRDA:91,2,1,0
BRDA:97,3,0,0
BRDA:97,3,1,0
BRDA:142,4,0,0
BRDA:142,4,1,0
BRDA:142,5,0,0
BRDA:142,5,1,0
BRDA:143,6,0,0
BRDA:143,6,1,0
BRDA:143,7,0,0
BRDA:143,7,1,0
BRDA:143,8,0,0
BRDA:143,8,1,0
BRDA:143,9,0,0
BRDA:143,9,1,0
BRDA:152,10,0,0
BRDA:152,10,1,0
BRDA:154,11,0,0
BRDA:154,11,1,0
BRDA:155,12,0,0
BRDA:155,12,1,0
BRDA:155,13,0,0
BRDA:155,13,1,0
BRDA:155,14,0,0
BRDA:155,14,1,0
BRDA:159,15,0,0
BRDA:159,15,1,0
BRDA:172,16,0,0
BRDA:172,16,1,0
BRDA:172,17,0,0
BRDA:172,17,1,0
BRDA:173,18,0,0
BRDA:173,18,1,0
BRDA:173,19,0,0
BRDA:173,19,1,0
BRDA:173,20,0,0
BRDA:173,20,1,0
BRDA:173,21,0,0
BRDA:173,21,1,0
BRDA:182,22,0,0
BRDA:182,22,1,0
BRDA:184,23,0,0
BRDA:184,23,1,0
BRDA:185,24,0,0
BRDA:185,24,1,0
BRDA:185,25,0,0
BRDA:185,25,1,0
BRDA:185,26,0,0
BRDA:185,26,1,0
BRDA:189,27,0,0
BRDA:189,27,1,0
BRDA:202,28,0,0
BRDA:202,28,1,0
BRDA:202,29,0,0
BRDA:202,29,1,0
BRDA:202,30,0,0
BRDA:202,30,1,0
BRDA:202,31,0,0
BRDA:202,31,1,0
BRDA:214,32,0,0
BRDA:214,32,1,0
BRDA:216,33,0,0
BRDA:216,33,1,0
BRDA:228,34,0,0
BRDA:228,34,1,0
BRDA:228,35,0,0
BRDA:228,35,1,0
BRDA:236,36,0,0
BRDA:236,36,1,0
BRDA:241,37,0,0
BRDA:241,37,1,0
BRDA:247,38,0,0
BRDA:247,38,1,0
BRDA:247,39,0,0
BRDA:247,39,1,0
BRDA:247,40,0,0
BRDA:247,40,1,0
BRDA:247,41,0,0
BRDA:247,41,1,0
BRDA:256,42,0,0
BRDA:256,42,1,0
BRDA:256,43,0,0
BRDA:256,43,1,0
BRDA:260,44,0,0
BRDA:260,44,1,0
BRDA:262,45,0,0
BRDA:262,45,1,0
BRDA:276,46,0,0
BRDA:276,46,1,0
BRDA:286,47,0,0
BRDA:286,47,1,0
BRDA:286,48,0,0
BRDA:286,48,1,0
BRDA:286,49,0,0
BRDA:286,49,1,0
BRDA:286,50,0,0
BRDA:286,50,1,0
BRDA:291,51,0,0
BRDA:291,51,1,0
BRDA:296,52,0,0
BRDA:296,52,1,0
BRDA:310,53,0,0
BRDA:310,53,1,0
BRDA:312,54,0,0
BRDA:312,54,1,0
BRDA:327,55,0,0
BRDA:327,55,1,0
BRDA:327,56,0,0
BRDA:327,56,1,0
BRDA:327,57,0,0
BRDA:327,57,1,0
BRDA:327,58,0,0
BRDA:327,58,1,0
BRDA:343,59,0,0
BRDA:343,59,1,0
BRDA:355,60,0,0
BRDA:355,60,1,0
BRDA:360,61,0,0
BRDA:360,61,1,0
BRDA:361,62,0,0
BRDA:361,62,1,0
BRDA:361,63,0,0
BRDA:361,63,1,0
BRDA:361,63,2,0
BRDA:364,64,0,0
BRDA:364,64,1,0
BRDA:364,64,2,0
BRDA:364,65,0,0
BRDA:364,65,1,0
BRDA:364,66,0,0
BRDA:364,66,1,0
BRDA:373,67,0,0
BRDA:373,67,1,0
BRDA:373,68,0,0
BRDA:373,68,1,0
BRDA:373,69,0,0
BRDA:373,69,1,0
BRDA:374,70,0,0
BRDA:374,70,1,0
BRDA:374,71,0,0
BRDA:374,71,1,0
BRDA:374,72,0,0
BRDA:374,72,1,0
BRDA:375,73,0,0
BRDA:375,73,1,0
BRDA:375,74,0,0
BRDA:375,74,1,0
BRDA:375,75,0,0
BRDA:375,75,1,0
BRDA:377,76,0,0
BRDA:377,76,1,0
BRDA:377,77,0,0
BRDA:377,77,1,0
BRDA:377,78,0,0
BRDA:377,78,1,0
BRDA:380,79,0,0
BRDA:380,79,1,0
BRDA:382,80,0,0
BRDA:382,80,1,0
BRDA:382,81,0,0
BRDA:382,81,1,0
BRDA:382,82,0,0
BRDA:382,82,1,0
BRDA:383,83,0,0
BRDA:383,83,1,0
BRDA:383,84,0,0
BRDA:383,84,1,0
BRDA:383,85,0,0
BRDA:383,85,1,0
BRDA:396,86,0,0
BRDA:396,86,1,0
BRDA:407,87,0,0
BRDA:407,87,1,0
BRDA:409,88,0,0
BRDA:409,88,1,0
BRDA:409,89,0,0
BRDA:409,89,1,0
BRDA:409,89,2,0
BRDA:424,90,0,0
BRDA:424,90,1,0
BRDA:429,91,0,0
BRDA:429,91,1,0
BRDA:434,92,0,0
BRDA:434,92,1,0
BRDA:441,93,0,0
BRDA:441,93,1,0
BRDA:441,94,0,0
BRDA:441,94,1,0
BRDA:441,95,0,0
BRDA:441,95,1,0
BRDA:441,96,0,0
BRDA:441,96,1,0
BRDA:447,97,0,0
BRDA:447,97,1,0
BRDA:461,98,0,0
BRDA:461,98,1,0
BRDA:464,99,0,0
BRDA:464,99,1,0
BRDA:466,100,0,0
BRDA:466,100,1,0
BRDA:474,101,0,0
BRDA:474,101,1,0
BRDA:474,102,0,0
BRDA:474,102,1,0
BRDA:474,103,0,0
BRDA:474,103,1,0
BRDA:474,104,0,0
BRDA:474,104,1,0
BRDA:503,105,0,0
BRDA:503,105,1,0
BRDA:506,106,0,0
BRDA:506,106,1,0
BRDA:519,107,0,0
BRDA:519,107,1,0
BRDA:545,108,0,0
BRDA:545,108,1,0
BRDA:545,108,2,0
BRDA:545,108,3,0
BRDA:559,109,0,0
BRDA:559,109,1,0
BRDA:559,109,2,0
BRDA:567,110,0,0
BRDA:567,110,1,0
BRDA:568,111,0,0
BRDA:568,111,1,0
BRDA:570,112,0,0
BRDA:570,112,1,0
BRDA:571,113,0,0
BRDA:571,113,1,0
BRDA:573,114,0,0
BRDA:573,114,1,0
BRDA:573,114,2,0
BRDA:623,115,0,0
BRDA:623,115,1,0
BRDA:637,116,0,0
BRDA:637,116,1,0
BRDA:648,117,0,0
BRDA:648,117,1,0
BRDA:677,118,0,0
BRDA:677,118,1,0
BRDA:683,119,0,0
BRDA:683,119,1,0
BRDA:687,120,0,0
BRDA:687,120,1,0
BRDA:687,121,0,0
BRDA:687,121,1,0
BRDA:687,122,0,0
BRDA:687,122,1,0
BRDA:697,123,0,0
BRDA:697,123,1,0
BRDA:697,124,0,0
BRDA:697,124,1,0
BRDA:698,125,0,0
BRDA:698,125,1,0
BRDA:698,126,0,0
BRDA:698,126,1,0
BRDA:781,127,0,0
BRDA:781,127,1,0
BRDA:791,128,0,0
BRDA:791,128,1,0
BRDA:800,129,0,0
BRDA:800,129,1,0
BRDA:804,130,0,0
BRDA:804,130,1,0
BRDA:808,131,0,0
BRDA:808,131,1,0
BRDA:816,132,0,0
BRDA:816,132,1,0
BRDA:816,133,0,0
BRDA:816,133,1,0
BRDA:816,133,2,0
BRDA:861,134,0,0
BRDA:861,134,1,0
BRDA:872,135,0,0
BRDA:872,135,1,0
BRDA:883,136,0,0
BRDA:883,136,1,0
BRDA:885,137,0,0
BRDA:885,137,1,0
BRDA:900,138,0,0
BRDA:900,138,1,0
BRDA:906,139,0,0
BRDA:906,139,1,0
BRDA:912,140,0,0
BRDA:912,140,1,0
BRDA:922,141,0,0
BRDA:922,141,1,0
BRDA:934,142,0,0
BRDA:934,142,1,0
BRDA:935,143,0,0
BRDA:935,143,1,0
BRDA:948,144,0,0
BRDA:948,144,1,0
BRDA:949,145,0,0
BRDA:949,145,1,0
BRDA:971,146,0,0
BRDA:971,146,1,0
BRDA:978,147,0,0
BRDA:978,147,1,0
BRDA:986,148,0,0
BRDA:986,148,1,0
BRDA:989,149,0,0
BRDA:989,149,1,0
BRDA:995,150,0,0
BRDA:995,150,1,0
BRDA:995,151,0,0
BRDA:995,151,1,0
BRDA:997,152,0,0
BRDA:997,152,1,0
BRDA:997,152,2,0
BRDA:1003,153,0,0
BRDA:1003,153,1,0
BRDA:1006,154,0,0
BRDA:1006,154,1,0
BRDA:1011,155,0,0
BRDA:1011,155,1,0
BRDA:1018,156,0,0
BRDA:1018,156,1,0
BRDA:1018,156,2,0
BRDA:1030,157,0,0
BRDA:1030,157,1,0
BRDA:1064,158,0,0
BRDA:1064,158,1,0
BRDA:1077,159,0,0
BRDA:1077,159,1,0
BRDA:1084,160,0,0
BRDA:1084,160,1,0
BRDA:1092,161,0,0
BRDA:1092,161,1,0
BRDA:1095,162,0,0
BRDA:1095,162,1,0
BRDA:1102,163,0,0
BRDA:1102,163,1,0
BRDA:1163,164,0,0
BRDA:1163,164,1,0
BRDA:1168,165,0,0
BRDA:1168,165,1,0
BRDA:1172,166,0,0
BRDA:1172,166,1,0
BRDA:1172,167,0,0
BRDA:1172,167,1,0
BRDA:1172,168,0,0
BRDA:1172,168,1,0
BRDA:1181,169,0,0
BRDA:1181,169,1,0
BRDA:1186,170,0,0
BRDA:1186,170,1,0
BRDA:1187,171,0,0
BRDA:1187,171,1,0
BRDA:1208,172,0,0
BRDA:1208,172,1,0
BRDA:1208,173,0,0
BRDA:1208,173,1,0
BRDA:1254,174,0,0
BRDA:1254,174,1,0
BRDA:1256,175,0,0
BRDA:1256,175,1,0
BRDA:1258,176,0,0
BRDA:1258,176,1,0
BRDA:1277,177,0,0
BRDA:1277,177,1,0
BRDA:1282,178,0,0
BRDA:1282,178,1,0
BRDA:1282,179,0,0
BRDA:1282,179,1,0
BRDA:1288,180,0,0
BRDA:1288,180,1,0
BRDA:1291,181,0,0
BRDA:1291,181,1,0
BRDA:1292,182,0,0
BRDA:1292,182,1,0
BRDA:1296,183,0,0
BRDA:1296,183,1,0
BRDA:1297,184,0,0
BRDA:1297,184,1,0
BRDA:1298,185,0,0
BRDA:1298,185,1,0
BRDA:1315,186,0,0
BRDA:1315,186,1,0
BRDA:1315,187,0,0
BRDA:1315,187,1,0
BRDA:1315,188,0,0
BRDA:1315,188,1,0
BRDA:1317,189,0,0
BRDA:1317,189,1,0
BRDA:1318,190,0,0
BRDA:1318,190,1,0
BRDA:1321,191,0,0
BRDA:1321,191,1,0
BRDA:1322,192,0,0
BRDA:1322,192,1,0
BRDA:1322,193,0,0
BRDA:1322,193,1,0
BRF:398
BRH:0
end_of_record
TN:
SF:src/components/PomodoroTimer.tsx
FN:9,(anonymous_6)
FN:16,(anonymous_7)
FN:20,(anonymous_8)
FN:21,(anonymous_9)
FN:34,(anonymous_10)
FN:41,(anonymous_11)
FN:47,(anonymous_12)
FN:51,(anonymous_13)
FN:55,(anonymous_14)
FNF:9
FNH:9
FNDA:40,(anonymous_6)
FNDA:37,(anonymous_7)
FNDA:11,(anonymous_8)
FNDA:11,(anonymous_9)
FNDA:37,(anonymous_10)
FNDA:40,(anonymous_11)
FNDA:8,(anonymous_12)
FNDA:1,(anonymous_13)
FNDA:2,(anonymous_14)
DA:1,1
DA:2,1
DA:9,1
DA:13,40
DA:14,40
DA:16,40
DA:17,37
DA:19,37
DA:20,11
DA:21,11
DA:22,11
DA:23,3
DA:24,3
DA:25,1
DA:27,3
DA:29,8
DA:34,37
DA:35,37
DA:36,11
DA:41,40
DA:42,40
DA:43,40
DA:44,40
DA:47,40
DA:48,8
DA:51,40
DA:52,1
DA:55,40
DA:56,2
DA:57,2
DA:60,40
LF:31
LH:31
BRDA:10,0,0,4
BRDA:19,1,0,11
BRDA:19,1,1,26
BRDA:19,2,0,37
BRDA:19,2,1,11
BRDA:22,3,0,3
BRDA:22,3,1,8
BRDA:24,4,0,1
BRDA:24,4,1,2
BRDA:35,5,0,11
BRDA:35,5,1,26
BRDA:66,6,0,29
BRDA:66,6,1,11
BRF:13
BRH:13
end_of_record
TN:
SF:src/components/TaskItem.tsx
FN:50,(anonymous_1)
FN:61,(anonymous_2)
FN:75,(anonymous_3)
FN:76,(anonymous_4)
FN:79,(anonymous_5)
FN:92,(anonymous_6)
FN:105,(anonymous_7)
FN:125,(anonymous_8)
FN:189,(anonymous_9)
FN:207,(anonymous_10)
FN:215,(anonymous_11)
FN:224,(anonymous_12)
FNF:12
FNH:11
FNDA:9,(anonymous_1)
FNDA:18,(anonymous_2)
FNDA:9,(anonymous_3)
FNDA:9,(anonymous_4)
FNDA:0,(anonymous_5)
FNDA:7,(anonymous_6)
FNDA:9,(anonymous_7)
FNDA:1,(anonymous_8)
FNDA:18,(anonymous_9)
FNDA:1,(anonymous_10)
FNDA:1,(anonymous_11)
FNDA:1,(anonymous_12)
DA:1,1
DA:2,1
DA:13,1
DA:16,1
DA:50,1
DA:51,9
DA:53,9
DA:56,9
DA:57,0
DA:61,9
DA:62,18
DA:66,9
DA:67,9
DA:70,9
DA:75,1
DA:76,9
DA:79,1
DA:80,0
DA:82,0
DA:84,0
DA:86,0
DA:88,0
DA:92,1
DA:93,7
DA:95,0
DA:97,7
DA:99,0
DA:101,0
DA:105,1
DA:112,9
DA:114,9
DA:125,1
DA:190,18
DA:207,1
DA:215,1
DA:224,1
LF:36
LH:27
BRDA:51,0,0,0
BRDA:51,0,1,9
BRDA:51,1,0,9
BRDA:51,1,1,9
BRDA:56,2,0,0
BRDA:56,2,1,9
BRDA:70,3,0,9
BRDA:70,3,1,9
BRDA:76,4,0,9
BRDA:76,4,1,0
BRDA:80,5,0,0
BRDA:80,5,1,0
BRDA:80,5,2,0
BRDA:80,5,3,0
BRDA:93,6,0,0
BRDA:93,6,1,7
BRDA:93,6,2,0
BRDA:93,6,3,0
BRDA:117,7,0,2
BRDA:117,7,1,7
BRDA:127,8,0,2
BRDA:127,8,1,7
BRDA:129,9,0,2
BRDA:129,9,1,7
BRDA:138,10,0,2
BRDA:138,10,1,7
BRDA:146,11,0,9
BRDA:146,11,1,9
BRDA:153,12,0,0
BRDA:153,12,1,9
BRDA:155,13,0,9
BRDA:155,13,1,0
BRDA:160,14,0,0
BRDA:160,14,1,9
BRDA:160,15,0,9
BRDA:160,15,1,0
BRDA:162,16,0,9
BRDA:162,16,1,9
BRDA:162,16,2,9
BRDA:168,17,0,9
BRDA:168,17,1,9
BRDA:173,18,0,9
BRDA:173,18,1,9
BRDA:179,19,0,9
BRDA:179,19,1,9
BRDA:187,20,0,9
BRDA:187,20,1,9
BRDA:187,20,2,9
BRDA:203,21,0,9
BRDA:203,21,1,7
BRDA:205,22,0,7
BRDA:205,22,1,7
BRDA:207,23,0,1
BRDA:207,23,1,1
BRF:54
BRH:40
end_of_record
TN:
SF:src/components/ui/button.tsx
FN:9,(anonymous_7)
FNF:1
FNH:1
FNDA:20,(anonymous_7)
DA:1,1
DA:8,1
DA:9,20
DA:10,20
DA:43,1
DA:45,1
LF:6
LH:6
BRDA:9,0,0,15
BRDA:9,1,0,17
BRDA:13,2,0,15
BRDA:13,2,1,5
BRDA:15,3,0,1
BRDA:15,3,1,4
BRDA:17,4,0,1
BRDA:17,4,1,3
BRDA:19,5,0,1
BRDA:19,5,1,2
BRDA:21,6,0,1
BRDA:21,6,1,1
BRDA:23,7,0,1
BRDA:23,7,1,0
BRDA:27,8,0,17
BRDA:27,8,1,3
BRDA:29,9,0,1
BRDA:29,9,1,2
BRDA:31,10,0,1
BRDA:31,10,1,1
BRDA:33,11,0,1
BRDA:33,11,1,0
BRF:22
BRH:20
end_of_record
TN:
SF:src/lib/auth.ts
FN:20,(anonymous_8)
FN:37,(anonymous_10)
FN:47,refreshAccessToken
FNF:3
FNH:0
FNDA:0,(anonymous_8)
FNDA:0,(anonymous_10)
FNDA:0,refreshAccessToken
DA:2,0
DA:4,0
DA:22,0
DA:23,0
DA:24,0
DA:25,0
DA:26,0
DA:30,0
DA:31,0
DA:35,0
DA:39,0
DA:40,0
DA:41,0
DA:42,0
DA:48,0
DA:50,0
DA:58,0
DA:65,0
DA:67,0
DA:68,0
DA:71,0
DA:78,0
DA:79,0
LF:23
LH:0
BRDA:22,0,0,0
BRDA:22,0,1,0
BRDA:30,1,0,0
BRDA:30,1,1,0
BRDA:30,2,0,0
BRDA:30,2,1,0
BRDA:67,3,0,0
BRDA:67,3,1,0
BRDA:75,4,0,0
BRDA:75,4,1,0
BRDA:75,5,0,0
BRDA:75,5,1,0
BRF:12
BRH:0
end_of_record
TN:
SF:src/lib/date-validation.ts
FN:17,isLeapYear
FN:27,getDaysInMonth
FN:58,isValidDate
FN:95,validateDateString
FN:131,validateISODateString
FNF:5
FNH:5
FNDA:30,isLeapYear
FNDA:55,getDaysInMonth
FNDA:47,isValidDate
FNDA:7,validateDateString
FNDA:9,validateISODateString
DA:17,2
DA:18,30
DA:27,2
DA:29,55
DA:31,55
DA:32,5
DA:36,50
DA:37,9
DA:40,41
DA:58,2
DA:60,47
DA:61,6
DA:65,41
DA:66,2
DA:70,39
DA:71,5
DA:75,34
DA:76,3
DA:80,31
DA:83,31
DA:84,16
DA:87,15
DA:95,2
DA:103,7
DA:105,7
DA:106,1
DA:109,6
DA:110,6
DA:111,6
DA:113,6
DA:114,3
DA:123,3
DA:131,2
DA:135,9
DA:136,2
DA:139,7
DA:140,7
DA:143,7
DA:144,1
DA:152,6
DA:153,6
DA:154,0
DA:157,6
DA:158,6
DA:159,6
DA:162,6
DA:163,2
DA:171,4
DA:174,0
DA:180,4
DA:182,0
LF:51
LH:48
BRDA:18,0,0,30
BRDA:18,0,1,19
BRDA:18,0,2,18
BRDA:31,1,0,5
BRDA:31,1,1,50
BRDA:31,2,0,55
BRDA:31,2,1,52
BRDA:36,3,0,9
BRDA:36,3,1,41
BRDA:36,4,0,50
BRDA:36,4,1,16
BRDA:60,5,0,6
BRDA:60,5,1,41
BRDA:60,6,0,47
BRDA:60,6,1,45
BRDA:60,6,2,43
BRDA:65,7,0,2
BRDA:65,7,1,39
BRDA:70,8,0,5
BRDA:70,8,1,34
BRDA:70,9,0,39
BRDA:70,9,1,36
BRDA:75,10,0,3
BRDA:75,10,1,31
BRDA:83,11,0,16
BRDA:83,11,1,15
BRDA:105,12,0,1
BRDA:105,12,1,6
BRDA:111,13,0,5
BRDA:111,13,1,1
BRDA:113,14,0,3
BRDA:113,14,1,3
BRDA:135,15,0,2
BRDA:135,15,1,7
BRDA:143,16,0,1
BRDA:143,16,1,6
BRDA:153,17,0,0
BRDA:153,17,1,6
BRDA:162,18,0,2
BRDA:162,18,1,4
BRDA:171,19,0,0
BRDA:171,19,1,4
BRDA:171,20,0,4
BRDA:171,20,1,4
BRDA:171,20,2,4
BRF:45
BRH:43
end_of_record
TN:
SF:src/lib/google-calendar.ts
FN:4,(anonymous_7)
FN:17,(anonymous_8)
FN:17,(anonymous_9)
FN:32,(anonymous_10)
FN:32,(anonymous_11)
FN:44,(anonymous_12)
FN:44,(anonymous_13)
FN:57,(anonymous_14)
FN:57,(anonymous_15)
FNF:9
FNH:0
FNDA:0,(anonymous_7)
FNDA:0,(anonymous_8)
FNDA:0,(anonymous_9)
FNDA:0,(anonymous_10)
FNDA:0,(anonymous_11)
FNDA:0,(anonymous_12)
FNDA:0,(anonymous_13)
FNDA:0,(anonymous_14)
FNDA:0,(anonymous_15)
DA:1,0
DA:4,0
DA:5,0
DA:11,0
DA:12,0
DA:13,0
DA:17,0
DA:18,0
DA:20,0
DA:28,0
DA:32,0
DA:33,0
DA:35,0
DA:40,0
DA:44,0
DA:45,0
DA:47,0
DA:53,0
DA:57,0
DA:58,0
DA:60,0
LF:21
LH:0
BRDA:17,0,0,0
BRDA:28,1,0,0
BRDA:28,1,1,0
BRF:3
BRH:0
end_of_record
TN:
SF:src/lib/google-tasks.ts
FN:4,(anonymous_7)
FN:17,(anonymous_8)
FN:17,(anonymous_9)
FN:28,(anonymous_10)
FN:28,(anonymous_11)
FN:42,(anonymous_12)
FN:51,(anonymous_13)
FN:68,(anonymous_14)
FN:78,(anonymous_15)
FN:91,(anonymous_16)
FN:91,(anonymous_17)
FN:101,(anonymous_18)
FN:101,(anonymous_19)
FN:106,(anonymous_20)
FN:112,(anonymous_21)
FNF:15
FNH:0
FNDA:0,(anonymous_7)
FNDA:0,(anonymous_8)
FNDA:0,(anonymous_9)
FNDA:0,(anonymous_10)
FNDA:0,(anonymous_11)
FNDA:0,(anonymous_12)
FNDA:0,(anonymous_13)
FNDA:0,(anonymous_14)
FNDA:0,(anonymous_15)
FNDA:0,(anonymous_16)
FNDA:0,(anonymous_17)
FNDA:0,(anonymous_18)
FNDA:0,(anonymous_19)
FNDA:0,(anonymous_20)
FNDA:0,(anonymous_21)
DA:1,0
DA:4,0
DA:5,0
DA:11,0
DA:12,0
DA:13,0
DA:17,0
DA:18,0
DA:20,0
DA:24,0
DA:28,0
DA:29,0
DA:31,0
DA:38,0
DA:42,0
DA:51,0
DA:52,0
DA:54,0
DA:64,0
DA:68,0
DA:78,0
DA:79,0
DA:81,0
DA:87,0
DA:91,0
DA:92,0
DA:94,0
DA:101,0
DA:102,0
DA:106,0
DA:112,0
DA:113,0
DA:115,0
DA:122,0
LF:34
LH:0
BRDA:24,0,0,0
BRDA:24,0,1,0
BRDA:28,1,0,0
BRDA:28,2,0,0
BRDA:38,3,0,0
BRDA:38,3,1,0
BRDA:50,4,0,0
BRDA:60,5,0,0
BRDA:60,5,1,0
BRDA:77,6,0,0
BRDA:91,7,0,0
BRDA:101,8,0,0
BRDA:109,9,0,0
BRF:13
BRH:0
end_of_record
TN:
SF:src/lib/supabase.ts
FN:9,(anonymous_7)
FN:17,(anonymous_8)
FN:52,(anonymous_9)
FN:71,(anonymous_11)
FN:94,(anonymous_13)
FN:118,(anonymous_15)
FN:137,(anonymous_17)
FN:142,(anonymous_19)
FNF:8
FNH:0
FNDA:0,(anonymous_7)
FNDA:0,(anonymous_8)
FNDA:0,(anonymous_9)
FNDA:0,(anonymous_11)
FNDA:0,(anonymous_13)
FNDA:0,(anonymous_15)
FNDA:0,(anonymous_17)
FNDA:0,(anonymous_19)
DA:1,0
DA:2,0
DA:5,0
DA:6,0
DA:9,0
DA:10,0
DA:15,0
DA:17,0
DA:18,0
DA:19,0
DA:21,0
DA:22,0
DA:24,0
DA:28,0
DA:50,0
DA:53,0
DA:54,0
DA:56,0
DA:62,0
DA:63,0
DA:64,0
DA:67,0
DA:72,0
DA:73,0
DA:75,0
DA:85,0
DA:86,0
DA:87,0
DA:90,0
DA:95,0
DA:96,0
DA:98,0
DA:109,0
DA:110,0
DA:111,0
DA:114,0
DA:119,0
DA:120,0
DA:122,0
DA:128,0
DA:129,0
DA:130,0
DA:133,0
DA:138,0
DA:143,0
DA:144,0
DA:147,0
DA:148,0
DA:151,0
DA:152,0
DA:156,0
DA:157,0
DA:160,0
DA:176,0
LF:54
LH:0
BRDA:5,0,0,0
BRDA:5,0,1,0
BRDA:6,1,0,0
BRDA:6,1,1,0
BRDA:10,2,0,0
BRDA:10,2,1,0
BRDA:18,3,0,0
BRDA:18,3,1,0
BRDA:21,4,0,0
BRDA:21,4,1,0
BRDA:28,5,0,0
BRDA:28,5,1,0
BRDA:54,6,0,0
BRDA:54,6,1,0
BRDA:62,7,0,0
BRDA:62,7,1,0
BRDA:67,8,0,0
BRDA:67,8,1,0
BRDA:73,9,0,0
BRDA:73,9,1,0
BRDA:85,10,0,0
BRDA:85,10,1,0
BRDA:96,11,0,0
BRDA:96,11,1,0
BRDA:109,12,0,0
BRDA:109,12,1,0
BRDA:120,13,0,0
BRDA:120,13,1,0
BRDA:128,14,0,0
BRDA:128,14,1,0
BRDA:144,15,0,0
BRDA:144,15,1,0
BRDA:148,16,0,0
BRDA:148,16,1,0
BRDA:151,17,0,0
BRDA:151,17,1,0
BRDA:151,18,0,0
BRDA:151,18,1,0
BRDA:157,19,0,0
BRDA:157,19,1,0
BRDA:173,20,0,0
BRDA:173,20,1,0
BRF:42
BRH:0
end_of_record
TN:
SF:src/lib/task-utils.ts
FN:11,calculateNextDueDate
FN:45,getRecurrenceLabel
FN:63,getStartOfTomorrow
FNF:3
FNH:3
FNDA:10,calculateNextDueDate
FNDA:5,getRecurrenceLabel
FNDA:1,getStartOfTomorrow
DA:11,1
DA:16,10
DA:17,10
DA:19,10
DA:21,2
DA:22,2
DA:24,1
DA:25,1
DA:27,2
DA:28,2
DA:31,4
DA:32,7
DA:34,4
DA:36,1
DA:39,9
DA:45,1
DA:46,5
DA:48,1
DA:50,1
DA:52,1
DA:54,1
DA:56,1
DA:64,1
DA:65,1
DA:66,1
DA:67,1
LF:26
LH:26
BRDA:16,0,0,9
BRDA:16,0,1,1
BRDA:19,1,0,2
BRDA:19,1,1,1
BRDA:19,1,2,2
BRDA:19,1,3,4
BRDA:19,1,4,1
BRDA:33,2,0,7
BRDA:33,2,1,5
BRDA:46,3,0,1
BRDA:46,3,1,1
BRDA:46,3,2,1
BRDA:46,3,3,1
BRDA:46,3,4,1
BRF:14
BRH:14
end_of_record
